Log file open, 12/06/18 17:06:17
LogWindows: Failed to load 'aqProf.dll' (GetLastError=126)
LogWindows: File 'aqProf.dll' does not exist
LogWindows: Failed to load 'VSPerf140.dll' (GetLastError=126)
LogWindows: File 'VSPerf140.dll' does not exist
LogWindows: Failed to load 'VtuneApi.dll' (GetLastError=126)
LogWindows: File 'VtuneApi.dll' does not exist
LogWindows: Failed to load 'VtuneApi32e.dll' (GetLastError=126)
LogWindows: File 'VtuneApi32e.dll' does not exist
LogInit: Display: Running engine for game: MyProject2
LogPlatformFile: Not using cached read wrapper
LogTaskGraph: Started task graph with 5 named threads and 35 total threads with 3 sets of task threads.
LogStats: Stats thread started at 0.408449
LogD3D11RHI: Loaded GFSDK_Aftermath_Lib.x64.dll
LogICUInternationalization: Display: ICU TimeZone Detection - Raw Offset: -5:00, Platform Override: ''
LogPluginManager: Mounting plugin Paper2D
LogPluginManager: Mounting plugin AISupport
LogPluginManager: Mounting plugin LightPropagationVolume
LogPluginManager: Mounting plugin CLionSourceCodeAccess
LogPluginManager: Mounting plugin CodeLiteSourceCodeAccess
LogPluginManager: Mounting plugin GitSourceControl
LogPluginManager: Mounting plugin KDevelopSourceCodeAccess
LogPluginManager: Mounting plugin NullSourceCodeAccess
LogPluginManager: Mounting plugin PerforceSourceControl
LogPluginManager: Mounting plugin SubversionSourceControl
LogPluginManager: Mounting plugin UObjectPlugin
LogPluginManager: Mounting plugin VisualStudioCodeSourceCodeAccess
LogPluginManager: Mounting plugin VisualStudioSourceCodeAccess
LogPluginManager: Mounting plugin XCodeSourceCodeAccess
LogPluginManager: Mounting plugin AssetManagerEditor
LogPluginManager: Mounting plugin CryptoKeys
LogPluginManager: Mounting plugin DataValidation
LogPluginManager: Mounting plugin FacialAnimation
LogPluginManager: Mounting plugin GameplayTagsEditor
LogPluginManager: Mounting plugin MacGraphicsSwitching
LogPluginManager: Mounting plugin MeshEditor
LogPluginManager: Mounting plugin MobileLauncherProfileWizard
LogPluginManager: Mounting plugin PluginBrowser
LogPluginManager: Mounting plugin SpeedTreeImporter
LogPluginManager: Mounting plugin DatasmithContent
LogPluginManager: Mounting plugin AlembicImporter
LogPluginManager: Mounting plugin AppleImageUtils
LogPluginManager: Mounting plugin AppleVision
LogPluginManager: Mounting plugin BackChannel
LogPluginManager: Mounting plugin CharacterAI
LogPluginManager: Mounting plugin GeometryCache
LogPluginManager: Mounting plugin HTML5Networking
LogPluginManager: Mounting plugin ProxyLODPlugin
LogPluginManager: Mounting plugin MagicLeap
LogPluginManager: Mounting plugin MagicLeapEmulator
LogPluginManager: Mounting plugin MagicLeapMedia
LogPluginManager: Mounting plugin AndroidMedia
LogPluginManager: Mounting plugin AvfMedia
LogPluginManager: Mounting plugin ImgMedia
LogPluginManager: Mounting plugin LinearTimecode
LogPluginManager: Mounting plugin MediaCompositing
LogPluginManager: Mounting plugin MediaPlayerEditor
LogPluginManager: Mounting plugin WmfMedia
LogPluginManager: Mounting plugin TcpMessaging
LogPluginManager: Mounting plugin UdpMessaging
LogPluginManager: Mounting plugin ActorSequence
LogPluginManager: Mounting plugin LevelSequenceEditor
LogPluginManager: Mounting plugin MatineeToLevelSequence
LogPluginManager: Mounting plugin NetcodeUnitTest
LogPluginManager: Mounting plugin NUTUnrealEngine4
LogPluginManager: Mounting plugin OnlineSubsystemGooglePlay
LogPluginManager: Mounting plugin OnlineSubsystemIOS
LogPluginManager: Mounting plugin OnlineSubsystem
LogPluginManager: Mounting plugin OnlineSubsystemNull
LogPluginManager: Mounting plugin OnlineSubsystemUtils
LogPluginManager: Mounting plugin LauncherChunkInstaller
LogPluginManager: Mounting plugin AndroidDeviceProfileSelector
LogPluginManager: Mounting plugin AndroidMoviePlayer
LogPluginManager: Mounting plugin AndroidPermission
LogPluginManager: Mounting plugin AppleMoviePlayer
LogPluginManager: Mounting plugin ArchVisCharacter
LogPluginManager: Mounting plugin AudioCapture
LogPluginManager: Mounting plugin CableComponent
LogPluginManager: Mounting plugin CustomMeshComponent
LogPluginManager: Mounting plugin EditableMesh
LogPluginManager: Mounting plugin ExampleDeviceProfileSelector
LogPluginManager: Mounting plugin GoogleCloudMessaging
LogPluginManager: Mounting plugin ImmediatePhysics
LogPluginManager: Mounting plugin IOSDeviceProfileSelector
LogPluginManager: Mounting plugin LinuxDeviceProfileSelector
LogPluginManager: Mounting plugin LocationServicesBPLibrary
LogPluginManager: Mounting plugin MobilePatchingUtils
LogPluginManager: Mounting plugin OculusVR
LogPluginManager: Plugin shader directory ../../../Engine/Plugins/Runtime/Oculus/OculusVR/Shaders found
LogPluginManager: Mapping shader source directory ../../../Engine/Plugins/Runtime/Oculus/OculusVR/Shaders to virtual directory /Plugin/OculusVR
LogPluginManager: Mounting plugin PhysXVehicles
LogPluginManager: Mounting plugin ProceduralMeshComponent
LogPluginManager: Mounting plugin RuntimePhysXCooking
LogPluginManager: Mounting plugin SteamVR
LogPluginManager: Mounting plugin WindowsMoviePlayer
LogStreaming: Display: Took  0.168s to configure plugins.
LogInit: Using libcurl 7.55.1-DEV
LogInit:  - built for x86_64-pc-win32
LogInit:  - supports SSL with OpenSSL/1.0.2h
LogInit:  - supports HTTP deflate (compression) using libz 1.2.8
LogInit:  - other features:
LogInit:      CURL_VERSION_SSL
LogInit:      CURL_VERSION_LIBZ
LogInit:      CURL_VERSION_IPV6
LogInit:      CURL_VERSION_ASYNCHDNS
LogInit:      CURL_VERSION_LARGEFILE
LogInit:      CURL_VERSION_IDN
LogInit:  CurlRequestOptions (configurable via config and command line):
LogInit:  - bVerifyPeer = false  - Libcurl will NOT verify peer certificate
LogInit:  - bUseHttpProxy = false  - Libcurl will NOT use HTTP proxy
LogInit:  - bDontReuseConnections = false  - Libcurl will reuse connections
LogInit:  - CertBundlePath = nullptr  - Libcurl will use whatever was configured at build time.
LogInit:  - MaxHostConnections = 16  - Libcurl will limit the number of connections to a host
LogInit:  - LocalHostAddr = Default
LogInit:  - BufferSize = 65536
LogInit: WinSock: version 1.1 (2.2), MaxSocks=32767, MaxUdp=65467
LogInit: Build: ++UE4+Release-4.20-CL-4369336
LogInit: Engine Version: 4.20.3-4369336+++UE4+Release-4.20
LogInit: Compatible Engine Version: 4.20.0-4212847+++UE4+Release-4.20
LogInit: Net CL: 4212847
LogInit: OS: Windows 10 (), CPU: Intel(R) Core(TM) i7-8750H CPU @ 2.20GHz, GPU: Microsoft Basic Display Driver
LogInit: Compiled (64-bit): Sep 17 2018 12:26:19
LogInit: Compiled with Visual C++: 19.13.26129.00
LogInit: Build Configuration: Development
LogInit: Branch Name: ++UE4+Release-4.20
LogInit: Command Line: 
LogInit: Base Directory: C:/Program Files/Epic Games/UE_4.20/Engine/Binaries/Win64/
LogInit: Installed Engine Build: 1
LogDevObjectVersion: Number of dev versions registered: 20
LogDevObjectVersion:   Dev-Blueprints (B0D832E4-1F89-4F0D-ACCF-7EB736FD4AA2): 10
LogDevObjectVersion:   Dev-Build (E1C64328-A22C-4D53-A36C-8E866417BD8C): 0
LogDevObjectVersion:   Dev-Core (375EC13C-06E4-48FB-B500-84F0262A717E): 2
LogDevObjectVersion:   Dev-Editor (E4B068ED-F494-42E9-A231-DA0B2E46BB41): 24
LogDevObjectVersion:   Dev-Framework (CFFC743F-43B0-4480-9391-14DF171D2073): 34
LogDevObjectVersion:   Dev-Mobile (B02B49B5-BB20-44E9-A304-32B752E40360): 2
LogDevObjectVersion:   Dev-Networking (A4E4105C-59A1-49B5-A7C5-40C4547EDFEE): 0
LogDevObjectVersion:   Dev-Online (39C831C9-5AE6-47DC-9A44-9C173E1C8E7C): 0
LogDevObjectVersion:   Dev-Physics (78F01B33-EBEA-4F98-B9B4-84EACCB95AA2): 0
LogDevObjectVersion:   Dev-Platform (6631380F-2D4D-43E0-8009-CF276956A95A): 0
LogDevObjectVersion:   Dev-Rendering (12F88B9F-8875-4AFC-A67C-D90C383ABD29): 26
LogDevObjectVersion:   Dev-Sequencer (7B5AE74C-D270-4C10-A958-57980B212A5A): 9
LogDevObjectVersion:   Dev-VR (D7296918-1DD6-4BDD-9DE2-64A83CC13884): 2
LogDevObjectVersion:   Dev-LoadTimes (C2A15278-BFE7-4AFE-6C17-90FF531DF755): 1
LogDevObjectVersion:   Private-Geometry (6EACA3D4-40EC-4CC1-B786-8BED09428FC5): 3
LogDevObjectVersion:   Dev-AnimPhys (29E575DD-E0A3-4627-9D10-D276232CDCEA): 17
LogDevObjectVersion:   Dev-ReflectionCapture (6B266CEC-1EC7-4B8F-A30B-E4D90942FC07): 1
LogDevObjectVersion:   Dev-Automation (0DF73D61-A23F-47EA-B727-89E90C41499A): 1
LogDevObjectVersion:   FortniteMain (601D1886-AC64-4F84-AA16-D3DE0DEAC7D6): 12
LogDevObjectVersion:   Dev-Enterprise (9DFFBCD6-494F-0158-E221-12823C92A888): 1
LogStreaming: Display: Took  0.004s to delete old logs.
LogInit: Presizing for max 8388607 objects, including 0 objects not considered by GC, pre-allocating 0 bytes for permanent pool.
LogInit: Object subsystem initialized
[2018.12.06-22.06.17:984][  0]LogInit: Selected Device Profile: [Windows]
[2018.12.06-22.06.17:984][  0]LogInit: Applying CVar settings loaded from the selected device profile: [Windows]
[2018.12.06-22.06.17:993][  0]LogHAL: Display: Platform has ~ 32 GB [34084093952 / 34359738368 / 32], which maps to Largest [LargestMinGB=32, LargerMinGB=12, DefaultMinGB=8, SmallerMinGB=6, SmallestMinGB=0)
[2018.12.06-22.06.17:993][  0]LogInit: Setting Device Profile CVar: [[r.Vulkan.UseRealUBs:1]]
[2018.12.06-22.06.17:993][  0]LogInit: Going up to parent DeviceProfile []
[2018.12.06-22.06.17:993][  0]LogInit: Computer: DESKTOP-UGFAK3B
[2018.12.06-22.06.17:993][  0]LogInit: User: griffin
[2018.12.06-22.06.17:993][  0]LogInit: CPU Page size=4096, Cores=6
[2018.12.06-22.06.17:993][  0]LogInit: High frequency timer resolution =2.156247 MHz
[2018.12.06-22.06.17:993][  0]LogMemory: Memory total: Physical=31.7GB (32GB approx)
[2018.12.06-22.06.17:993][  0]LogMemory: Platform Memory Stats for Windows
[2018.12.06-22.06.17:994][  0]LogMemory: Process Physical Memory: 103.93 MB used, 103.93 MB peak
[2018.12.06-22.06.17:994][  0]LogMemory: Process Virtual Memory: 104.42 MB used, 104.42 MB peak
[2018.12.06-22.06.17:994][  0]LogMemory: Physical Memory: 6742.00 MB used,  25763.12 MB free, 32505.13 MB total
[2018.12.06-22.06.17:994][  0]LogMemory: Virtual Memory: 4675.74 MB used,  25763.12 MB free, 134217728.00 MB total
[2018.12.06-22.06.18:010][  0]LogInit: Using OS detected language (en-US).
[2018.12.06-22.06.18:010][  0]LogInit: Using OS detected locale (en-US).
[2018.12.06-22.06.18:011][  0]LogTextLocalizationManager: No specific localization for 'en-US' exists, so the 'en' localization will be used.
[2018.12.06-22.06.18:325][  0]LogStreaming: Display: Took  0.314s to InitEngineTextLocalization.
[2018.12.06-22.06.18:325][  0]LogInit: Setting process to per monitor DPI aware
[2018.12.06-22.06.18:356][  0]LogSlate: New Slate User Created.  User Index 0, Is Virtual User: 0
[2018.12.06-22.06.18:356][  0]LogSlate: Slate User Registered.  User Index 0, Is Virtual User: 0
[2018.12.06-22.06.18:547][  0]LogHMD: Failed to initialize OpenVR with code 110
[2018.12.06-22.06.18:547][  0]LogD3D11RHI: D3D11 adapters:
[2018.12.06-22.06.18:549][  0]LogD3D11RHI:    0. 'Microsoft Basic Render Driver' (Feature Level 11_0)
[2018.12.06-22.06.18:549][  0]LogD3D11RHI:       0/0/16252 MB DedicatedVideo/DedicatedSystem/SharedSystem, Outputs:1, VendorId:0x1414
[2018.12.06-22.06.18:617][  0]LogD3D11RHI:    1. 'NVIDIA GeForce GTX 1050 Ti with Max-Q Design' (Feature Level 11_0)
[2018.12.06-22.06.18:617][  0]LogD3D11RHI:       4021/0/16252 MB DedicatedVideo/DedicatedSystem/SharedSystem, Outputs:0, VendorId:0x10de
[2018.12.06-22.06.18:618][  0]LogD3D11RHI:    2. 'Microsoft Basic Render Driver' (Feature Level 11_0)
[2018.12.06-22.06.18:618][  0]LogD3D11RHI:       0/0/16252 MB DedicatedVideo/DedicatedSystem/SharedSystem, Outputs:0, VendorId:0x1414
[2018.12.06-22.06.18:618][  0]LogD3D11RHI: Chosen D3D11 Adapter: 1
[2018.12.06-22.06.18:624][  0]LogD3D11RHI: Creating new Direct3DDevice
[2018.12.06-22.06.18:624][  0]LogD3D11RHI:     GPU DeviceId: 0x1c8c (for the marketing name, search the web for "GPU Device Id")
[2018.12.06-22.06.18:624][  0]LogWindows: EnumDisplayDevices:
[2018.12.06-22.06.18:624][  0]LogWindows:    0. 'Microsoft Basic Display Driver' (P:1 D:1)
[2018.12.06-22.06.18:624][  0]LogWindows: DebugString: GetVideoDriverDetailsInvalid PrimaryIsNotTheChoosenAdapter FoundDriverCount:0 
[2018.12.06-22.06.18:624][  0]LogD3D11RHI:     Adapter Name: NVIDIA GeForce GTX 1050 Ti with Max-Q Design
[2018.12.06-22.06.18:624][  0]LogD3D11RHI:   Driver Version: Unknown (internal:Unknown, unified:Unknown)
[2018.12.06-22.06.18:624][  0]LogD3D11RHI:      Driver Date: Unknown
[2018.12.06-22.06.18:624][  0]LogRHI: Texture pool is 2814 MB (70% of 4021 MB)
[2018.12.06-22.06.18:658][  0]LogD3D11RHI: Async texture creation enabled
[2018.12.06-22.06.18:673][  0]LogD3D11RHI: GPU Timing Frequency: 1000.000000 (Debug: 2 2)
[2018.12.06-22.06.18:674][  0]LogShaderCompilers: Guid format shader working directory is -28 characters bigger than the processId version (../../../../../../Users/griffin/Documents/Unreal Projects/Empathy/MyProject2/Intermediate/Shaders/WorkingDirectory/9392/).
[2018.12.06-22.06.18:674][  0]LogShaderCompilers: Cleaned the shader compiler working directory 'C:/Users/griffin/AppData/Local/Temp/UnrealShaderWorkingDir/ED739C2F477830C9E7BF4C9ED2025FA9/'.
[2018.12.06-22.06.18:908][  0]LogTemp: Display: Loaded TP AllDesktopTargetPlatform
[2018.12.06-22.06.18:919][  0]LogTemp: Display: Loaded TP MacClientTargetPlatform
[2018.12.06-22.06.18:931][  0]LogTemp: Display: Loaded TP MacNoEditorTargetPlatform
[2018.12.06-22.06.18:942][  0]LogTemp: Display: Loaded TP MacServerTargetPlatform
[2018.12.06-22.06.18:954][  0]LogTemp: Display: Loaded TP MacTargetPlatform
[2018.12.06-22.06.18:965][  0]LogTemp: Display: Loaded TP WindowsClientTargetPlatform
[2018.12.06-22.06.18:977][  0]LogTemp: Display: Loaded TP WindowsNoEditorTargetPlatform
[2018.12.06-22.06.18:988][  0]LogTemp: Display: Loaded TP WindowsServerTargetPlatform
[2018.12.06-22.06.18:994][  0]LogTemp: Display: Loaded TP WindowsTargetPlatform
[2018.12.06-22.06.19:064][  0]LogTemp: Display: Loaded TP AndroidTargetPlatform
[2018.12.06-22.06.19:064][  0]LogTemp: Display: Loaded TP AndroidTargetPlatform
[2018.12.06-22.06.19:064][  0]LogTemp: Display: Loaded TP AndroidTargetPlatform
[2018.12.06-22.06.19:064][  0]LogTemp: Display: Loaded TP AndroidTargetPlatform
[2018.12.06-22.06.19:064][  0]LogTemp: Display: Loaded TP AndroidTargetPlatform
[2018.12.06-22.06.19:064][  0]LogTemp: Display: Loaded TP AndroidTargetPlatform
[2018.12.06-22.06.19:064][  0]LogTemp: Display: Loaded TP AndroidTargetPlatform
[2018.12.06-22.06.19:064][  0]LogTemp: Display: Loaded TP AndroidTargetPlatform
[2018.12.06-22.06.19:064][  0]LogTemp: Display: Loaded TP AndroidTargetPlatform
[2018.12.06-22.06.19:064][  0]LogTemp: Display: Loaded TP AndroidTargetPlatform
[2018.12.06-22.06.19:064][  0]LogTemp: Display: Loaded TP AndroidTargetPlatform
[2018.12.06-22.06.19:064][  0]LogTemp: Display: Loaded TP AndroidTargetPlatform
[2018.12.06-22.06.19:064][  0]LogTemp: Display: Loaded TP AndroidTargetPlatform
[2018.12.06-22.06.19:064][  0]LogTemp: Display: Loaded TP AndroidTargetPlatform
[2018.12.06-22.06.19:064][  0]LogTemp: Display: Loaded TP AndroidTargetPlatform
[2018.12.06-22.06.19:064][  0]LogTemp: Display: Loaded TP AndroidTargetPlatform
[2018.12.06-22.06.19:064][  0]LogTemp: Display: Loaded TP AndroidTargetPlatform
[2018.12.06-22.06.19:064][  0]LogTemp: Display: Loaded TP AndroidTargetPlatform
[2018.12.06-22.06.19:065][  0]LogTemp: Display: Loaded TP HTML5TargetPlatform
[2018.12.06-22.06.19:121][  0]LogTemp: Display: Loaded TP IOSTargetPlatform
[2018.12.06-22.06.19:121][  0]LogTemp: Display: Loaded TP IOSTargetPlatform
[2018.12.06-22.06.19:141][  0]LogTemp: Display: Loaded TP TVOSTargetPlatform
[2018.12.06-22.06.19:141][  0]LogTemp: Display: Loaded TP TVOSTargetPlatform
[2018.12.06-22.06.19:152][  0]LogTemp: Display: Loaded TP LinuxClientTargetPlatform
[2018.12.06-22.06.19:162][  0]LogTemp: Display: Loaded TP LinuxNoEditorTargetPlatform
[2018.12.06-22.06.19:173][  0]LogTemp: Display: Loaded TP LinuxServerTargetPlatform
[2018.12.06-22.06.19:184][  0]LogTemp: Display: Loaded TP LinuxTargetPlatform
[2018.12.06-22.06.19:192][  0]LogTemp: Display: Loaded TP LuminTargetPlatform
[2018.12.06-22.06.19:192][  0]LogTargetPlatformManager: Display: Building Assets For Windows
[2018.12.06-22.06.19:244][  0]LogXGEController: Cannot use XGE Controller as Incredibuild is not installed on this machine.
[2018.12.06-22.06.19:244][  0]LogShaderCompilers: Cannot use XGE Shader Compiler as Incredibuild is not installed on this machine.
[2018.12.06-22.06.19:244][  0]LogShaderCompilers: Display: Using Local Shader Compiler.
[2018.12.06-22.06.19:971][  0]LogDerivedDataCache: Display: Max Cache Size: 512 MB
[2018.12.06-22.06.20:016][  0]LogDerivedDataCache: Loaded boot cache 0.05s 71MB C:/Users/griffin/AppData/Local/UnrealEngine/4.20/DerivedDataCache/Boot.ddc.
[2018.12.06-22.06.20:016][  0]LogDerivedDataCache: Display: Loaded Boot cache: C:/Users/griffin/AppData/Local/UnrealEngine/4.20/DerivedDataCache/Boot.ddc
[2018.12.06-22.06.20:016][  0]LogDerivedDataCache: FDerivedDataBackendGraph:  Pak pak cache file ../../../../../../Users/griffin/Documents/Unreal Projects/Empathy/MyProject2/DerivedDataCache/DDC.ddp not found, will not use a pak cache.
[2018.12.06-22.06.20:016][  0]LogDerivedDataCache: Unable to find inner node Pak for hierarchical cache Hierarchy.
[2018.12.06-22.06.20:016][  0]LogDerivedDataCache: FDerivedDataBackendGraph:  CompressedPak pak cache file ../../../../../../Users/griffin/Documents/Unreal Projects/Empathy/MyProject2/DerivedDataCache/Compressed.ddp not found, will not use a pak cache.
[2018.12.06-22.06.20:016][  0]LogDerivedDataCache: Unable to find inner node CompressedPak for hierarchical cache Hierarchy.
[2018.12.06-22.06.20:031][  0]LogDerivedDataCache: Display: Pak cache opened for reading ../../../Engine/DerivedDataCache/Compressed.ddp.
[2018.12.06-22.06.20:044][  0]LogDerivedDataCache: Using Local data cache path C:/Users/griffin/AppData/Local/UnrealEngine/Common/DerivedDataCache: Writable
[2018.12.06-22.06.20:044][  0]LogDerivedDataCache: Shared data cache path not found in *engine.ini, will not use an Shared cache.
[2018.12.06-22.06.20:044][  0]LogDerivedDataCache: Unable to find inner node Shared for hierarchical cache Hierarchy.
[2018.12.06-22.06.20:059][  0]LogMaterial: Verifying Global Shaders for PCD3D_SM5
[2018.12.06-22.06.20:060][  0]LogSlate: Using FreeType 2.6.0
[2018.12.06-22.06.20:061][  0]LogSlate: SlateFontServices - WITH_FREETYPE: 1, WITH_HARFBUZZ: 1
[2018.12.06-22.06.20:129][  0]LogAssetRegistry: FAssetRegistry took 0.0265 seconds to start up
[2018.12.06-22.06.20:400][  0]LogInit: Selected Device Profile: [Windows]
[2018.12.06-22.06.20:513][  0]LogSimplygon: Simplygon DLL not present - disabling.
[2018.12.06-22.06.20:517][  0]LogMeshReduction: Using SimplygonSwarm for distributed automatic mesh merging
[2018.12.06-22.06.20:517][  0]LogMeshReduction: Using ProxyLODMeshReduction for automatic mesh merging
[2018.12.06-22.06.20:517][  0]LogMeshReduction: Using QuadricMeshReduction for automatic static mesh reduction
[2018.12.06-22.06.20:517][  0]LogMeshReduction: No automatic skeletal mesh reduction module available
[2018.12.06-22.06.20:527][  0]LogNetVersion: MyProject2 1.0.0, NetCL: 4212847, EngineNetVer: 5, GameNetVer: 0 (Checksum: 1482868377)
[2018.12.06-22.06.20:998][  0]LogPackageLocalizationCache: Processed 11 localized package path(s) for 2 prioritized culture(s) in 0.135088 seconds
[2018.12.06-22.06.21:003][  0]LogUObjectArray: 38425 objects as part of root set at end of initial load.
[2018.12.06-22.06.21:003][  0]LogUObjectAllocator: 6690872 out of 0 bytes used by permanent object pool.
[2018.12.06-22.06.21:003][  0]LogUObjectArray: CloseDisregardForGC: 0/0 objects in disregard for GC pool
[2018.12.06-22.06.21:737][  0]LogTcpMessaging: Initializing TcpMessaging bridge
[2018.12.06-22.06.21:750][  0]LogUdpMessaging: Initializing bridge on interface 0.0.0.0:0 to multicast group 230.0.0.1:6666.
[2018.12.06-22.06.21:894][  0]SourceControl: Source control is disabled
[2018.12.06-22.06.21:894][  0]SourceControl: Source control is disabled
[2018.12.06-22.06.21:896][  0]SourceControl: Source control is disabled
[2018.12.06-22.06.21:898][  0]SourceControl: Source control is disabled
[2018.12.06-22.06.22:080][  0]LogAndroidPermission: UAndroidPermissionCallbackProxy::GetInstance
[2018.12.06-22.06.22:173][  0]LogOcInput: OculusInput pre-init called
[2018.12.06-22.06.22:232][  0]LogEngine: Initializing Engine...
[2018.12.06-22.06.22:233][  0]LogHMD: Failed to initialize OpenVR with code 110
[2018.12.06-22.06.22:234][  0]LogStats: UGameplayTagsManager::ConstructGameplayTagTree: ImportINI prefixes -  0.000 s
[2018.12.06-22.06.22:234][  0]LogStats: UGameplayTagsManager::ConstructGameplayTagTree: Construct from data asset -  0.000 s
[2018.12.06-22.06.22:234][  0]LogStats: UGameplayTagsManager::ConstructGameplayTagTree: ImportINI -  0.000 s
[2018.12.06-22.06.22:234][  0]LogStats: UGameplayTagsManager::ConstructGameplayTagTree: GameplayTagTreeChangedEvent.Broadcast -  0.000 s
[2018.12.06-22.06.22:406][  0]LogInit: Initializing FReadOnlyCVARCache
[2018.12.06-22.06.22:417][  0]LogAIModule: Creating AISystem for world Untitled
[2018.12.06-22.06.22:431][  0]LogInit: XAudio2 using 'Headphones (CARL’s AirPods Stereo)' : 2 channels at 44.1 kHz using 16 bits per sample (channel mask 0x3)
[2018.12.06-22.06.22:446][  0]LogInit: FAudioDevice initialized.
[2018.12.06-22.06.22:446][  0]LogNetVersion: Set ProjectVersion to 1.0.0.0. Version Checksum will be recalculated on next use.
[2018.12.06-22.06.22:499][  0]LogDerivedDataCache: Saved boot cache 0.05s 71MB C:/Users/griffin/AppData/Local/UnrealEngine/4.20/DerivedDataCache/Boot.ddc.
[2018.12.06-22.06.22:510][  0]LogInit: Texture streaming: Enabled
[2018.12.06-22.06.22:525][  0]LogEngineSessionManager: EngineSessionManager initialized
[2018.12.06-22.06.22:535][  0]LogInit: Transaction tracking system initialized
[2018.12.06-22.06.22:554][  0]BlueprintLog: New page: Editor Load
[2018.12.06-22.06.22:620][  0]LocalizationService: Localization service is disabled
[2018.12.06-22.06.22:854][  0]LogCook: Display: Max memory allowance for cook 16384mb min free memory 0mb
[2018.12.06-22.06.22:854][  0]LogCook: Display: Mobile HDR setting 1
[2018.12.06-22.06.22:854][  0]LogGameplayTags: Display: UGameplayTagsManager::DoneAddingNativeTags. DelegateIsBound: 0
[2018.12.06-22.06.22:854][  0]LogStats: UGameplayTagsManager::ConstructGameplayTagTree: ImportINI prefixes -  0.000 s
[2018.12.06-22.06.22:854][  0]LogStats: UGameplayTagsManager::ConstructGameplayTagTree: Construct from data asset -  0.000 s
[2018.12.06-22.06.22:854][  0]LogStats: UGameplayTagsManager::ConstructGameplayTagTree: ImportINI -  0.000 s
[2018.12.06-22.06.22:854][  0]LogStats: UGameplayTagsManager::ConstructGameplayTagTree: GameplayTagTreeChangedEvent.Broadcast -  0.000 s
[2018.12.06-22.06.22:952][  0]LogFileCache: Scanning file cache for directory 'C:/Users/griffin/Documents/Unreal Projects/Empathy/MyProject2/Content/' took 0.01s
[2018.12.06-22.06.22:952][  0]SourceControl: Source control is disabled
[2018.12.06-22.06.22:953][  0]Cmd: MAP LOAD FILE="../../../../../../Users/griffin/Documents/Unreal Projects/Empathy/MyProject2/Content/ThirdPersonBP/Maps/ThirdPersonExampleMap.umap" TEMPLATE=0 SHOWPROGRESS=1 FEATURELEVEL=3
[2018.12.06-22.06.22:953][  0]LightingResults: New page: Lighting Build
[2018.12.06-22.06.22:956][  0]MapCheck: New page: Map Check
[2018.12.06-22.06.22:956][  0]LightingResults: New page: Lighting Build
[2018.12.06-22.06.23:414][  0]LogTexture: Display: Building textures: WidgetE (AutoDXT, 68X68)
[2018.12.06-22.06.23:569][  0]LogAIModule: Creating AISystem for world ThirdPersonExampleMap
[2018.12.06-22.06.23:588][  0]LogEditorServer: Finished looking for orphan Actors (0.000 secs)
[2018.12.06-22.06.23:615][  0]Cmd: MAP CHECKDEP NOCLEARLOG
[2018.12.06-22.06.23:709][  0]MapCheck: Map check complete: 0 Error(s), 0 Warning(s), took 93.594ms to complete.
[2018.12.06-22.06.23:709][  0]LogFileHelpers: Loading map 'ThirdPersonExampleMap' took 0.757
[2018.12.06-22.06.23:818][  0]LogSlate: Updating window title bar state: overlay mode, drag disabled, window buttons hidden, title bar hidden
[2018.12.06-22.06.23:825][  0]LogSlate: Updating window title bar state: overlay mode, drag disabled, window buttons hidden, title bar hidden
[2018.12.06-22.06.23:830][  0]LogSlate: Updating window title bar state: overlay mode, drag disabled, window buttons hidden, title bar hidden
[2018.12.06-22.06.23:836][  0]LogSlate: Updating window title bar state: overlay mode, drag disabled, window buttons hidden, title bar hidden
[2018.12.06-22.06.23:848][  0]LogCollectionManager: Loaded 0 collections in 0.001295 seconds
[2018.12.06-22.06.23:902][  0]LogFileCache: Scanning file cache for directory 'C:/Users/griffin/Documents/Unreal Projects/Empathy/MyProject2/Saved/Collections/' took 0.01s
[2018.12.06-22.06.23:902][  0]LogFileCache: Scanning file cache for directory 'C:/Users/griffin/Documents/Unreal Projects/Empathy/MyProject2/Content/Developers/griffin/Collections/' took 0.01s
[2018.12.06-22.06.23:902][  0]LogFileCache: Scanning file cache for directory 'C:/Users/griffin/Documents/Unreal Projects/Empathy/MyProject2/Content/Collections/' took 0.01s
[2018.12.06-22.06.23:902][  0]LogCollectionManager: Rebuilt the GUID cache for 0 collections in 0.000000 seconds
[2018.12.06-22.06.23:915][  0]LogContentBrowser: Native class hierarchy populated in 0.0116 seconds. Added 2572 classes and 603 folders.
[2018.12.06-22.06.23:927][  0]LogContentBrowser: Native class hierarchy updated for 'WidgetCarousel' in 0.0002 seconds. Added 0 classes and 0 folders.
[2018.12.06-22.06.24:072][  0]LogContentBrowser: Native class hierarchy updated for 'AddContentDialog' in 0.0002 seconds. Added 0 classes and 0 folders.
[2018.12.06-22.06.24:087][  0]LogContentBrowser: Native class hierarchy updated for 'SceneOutliner' in 0.0003 seconds. Added 1 classes and 2 folders.
[2018.12.06-22.06.24:135][  0]LogSlate: Took 0.000133 seconds to synchronously load lazily loaded font '../../../Engine/Content/Slate/Fonts/Roboto-Regular.ttf' (155K)
[2018.12.06-22.06.24:138][  0]LogSlate: Took 0.000154 seconds to synchronously load lazily loaded font '../../../Engine/Content/Slate/Fonts/Roboto-Bold.ttf' (160K)
[2018.12.06-22.06.24:145][  0]LogSlate: Took 0.001255 seconds to synchronously load lazily loaded font '../../../Engine/Content/Editor/Slate/Fonts/FontAwesome.ttf' (139K)
[2018.12.06-22.06.24:231][  0]LogRenderer: Reallocating scene render targets to support 964x448 Format 10 NumSamples 1 (Frame:1).
[2018.12.06-22.06.24:346][  0]LogContentBrowser: Native class hierarchy updated for 'HierarchicalLODOutliner' in 0.0002 seconds. Added 0 classes and 0 folders.
[2018.12.06-22.06.24:346][  0]LogLoad: (Engine Initialization) Total time: 8.20 seconds
[2018.12.06-22.06.24:346][  0]LogLoad: (Engine Initialization) Total Blueprint compile time: 0.00 seconds
[2018.12.06-22.06.24:368][  0]LogWindowsTextInputMethodSystem: Display: IME system now deactivated.
[2018.12.06-22.06.24:390][  0]LogContentStreaming: Texture pool size now 1000 MB
[2018.12.06-22.06.24:508][  0]LogSlate: Took 0.001934 seconds to synchronously load lazily loaded font '../../../Engine/Content/Slate/Fonts/Roboto-Light.ttf' (167K)
[2018.12.06-22.06.24:545][  1]LogAssetRegistry: Asset discovery search completed in 4.4382 seconds
[2018.12.06-22.06.24:547][  1]LogCollectionManager: Rebuilt the object cache for 0 collections in 0.000000 seconds (found 0 objects)
[2018.12.06-22.06.24:547][  1]LogCollectionManager: Fixed up redirectors for 0 collections in 0.000046 seconds (updated 0 objects)
[2018.12.06-22.06.31:509][418]LogSlate: FSceneViewport::OnFocusLost() reason 0
[2018.12.06-22.06.31:714][430]LogSlate: Took 0.000153 seconds to synchronously load lazily loaded font '../../../Engine/Content/Slate/Fonts/Roboto-Light.ttf' (167K)
[2018.12.06-22.06.31:915][430]LogTexture: Display: Building textures: FullyRiggedBoyWithAnimations_Boy_initialShadingGroup1_BaseColor (AutoDXT, 1024X1024)
[2018.12.06-22.06.31:915][430]LogTexture: Display: Building textures: FullyRiggedGirlWithAnimations_lambert2_BaseColor (AutoDXT, 1024X1024)
[2018.12.06-22.06.31:915][430]LogMaterial: Display: Missing cached shader map for material lambert2, compiling. 
[2018.12.06-22.06.32:009][430]LogTexture: Display: Building textures: HQ_Lightmap0_4 (AutoDXT, 64X64)
[2018.12.06-22.06.32:009][430]LogTexture: Display: Building textures: LQ_Lightmap_0_4 (DXT1, 64X64)
[2018.12.06-22.06.32:009][430]LogTexture: Display: Building textures: SkyOcclusion0_4 (AutoDXT, 64X32)
[2018.12.06-22.06.32:009][430]LogTexture: Display: Building textures: HQ_Lightmap1_3 (AutoDXT, 1024X1024)
[2018.12.06-22.06.32:009][430]LogTexture: Display: Building textures: HQ_Lightmap1_1 (AutoDXT, 1024X1024)
[2018.12.06-22.06.32:009][430]LogTexture: Display: Building textures: SkyOcclusion1_1 (AutoDXT, 1024X512)
[2018.12.06-22.06.32:009][430]LogTexture: Display: Building textures: HQ_Lightmap1_2 (AutoDXT, 1024X1024)
[2018.12.06-22.06.32:009][430]LogTexture: Display: Building textures: LQ_Lightmap_1_1 (DXT1, 1024X1024)
[2018.12.06-22.06.32:009][430]LogTexture: Display: Building textures: LQ_Lightmap_1_3 (DXT1, 1024X1024)
[2018.12.06-22.06.32:009][430]LogTexture: Display: Building textures: LQ_Lightmap_1_2 (DXT1, 1024X1024)
[2018.12.06-22.06.32:377][430]LogShaderCompilers: Display: Shaders left to compile 60
[2018.12.06-22.06.32:377][430]LogShaderCompilers: Display: Shaders left to compile 50
[2018.12.06-22.06.32:377][430]LogShaderCompilers: Display: Shaders left to compile 40
[2018.12.06-22.06.32:377][430]LogShaderCompilers: Display: Shaders left to compile 30
[2018.12.06-22.06.32:377][430]LogShaderCompilers: Display: Shaders left to compile 20
[2018.12.06-22.06.32:377][430]LogShaderCompilers: Display: Shaders left to compile 10
[2018.12.06-22.06.32:377][430]LogTexture: Display: Building textures: SkyOcclusion1_2 (AutoDXT, 1024X512)
[2018.12.06-22.06.32:377][430]LogTexture: Display: Building textures: SkyOcclusion1_3 (AutoDXT, 1024X512)
[2018.12.06-22.06.32:377][430]LogTexture: Display: Building textures: ShadowMapTexture2D_30 (BGRA8, 1024X1024)
[2018.12.06-22.06.32:377][430]LogMaterial: Display: Missing cached shader map for material FullyRiggedGirlWithAnimations_lambert2_BaseColor_Mat, compiling. 
[2018.12.06-22.06.32:417][430]LogShaderCompilers: Display: Shaders left to compile 60
[2018.12.06-22.06.32:417][430]LogShaderCompilers: Display: Shaders left to compile 50
[2018.12.06-22.06.32:420][430]LogMaterial: Display: Missing cached shader map for material FullyRiggedBoyWithAnimations_Boy_initialShadingGroup1_BaseColor_Mat, compiling. 
[2018.12.06-22.06.32:482][430]LogMaterial: Display: Missing cached shader map for material M_MaterialSphere, compiling. 
[2018.12.06-22.06.32:530][430]LogSkeletalMesh: Building Skeletal Mesh FullyRiggedGirlSitWithAnimation...
[2018.12.06-22.06.32:544][430]LogSkeletalMesh: Built Skeletal Mesh [0.01s] /Game/ThirdPersonBP/Blueprints/FullyRiggedGirlSitWithAnimation.FullyRiggedGirlSitWithAnimation
[2018.12.06-22.06.32:544][430]LogAnimationCompression: Building Anim DDC data for AnimSequence /Game/ThirdPersonBP/Blueprints/FullyRiggedGirlSitWithAnimation_Anim.FullyRiggedGirlSitWithAnimation_Anim
[2018.12.06-22.06.32:545][430]LogAnimationCompression: Recompressing (AnimSequence /Game/ThirdPersonBP/Blueprints/FullyRiggedGirlSitWithAnimation_Anim.FullyRiggedGirlSitWithAnimation_Anim) using current/default (AnimCompress_BitwiseCompressOnly_0) bFirstRecompressUsingCurrentOrDefault(1) bTryAlternateCompressor(0) IsCompressedDataValid(0)
[2018.12.06-22.06.32:574][430]LogMaterial: Display: Missing cached shader map for material initialShadingGroup1, compiling. 
[2018.12.06-22.06.32:625][430]LogSkeletalMesh: Building Skeletal Mesh FullyRiggedBoyWithAnimations...
[2018.12.06-22.06.32:761][430]LogSkeletalMesh: Built Skeletal Mesh [0.14s] /Game/FullyRiggedBoyWithAnimations.FullyRiggedBoyWithAnimations
[2018.12.06-22.06.32:785][430]LogAIModule: Creating AISystem for world Classroom
[2018.12.06-22.06.32:805][430]LogAssetEditorManager: Opening Asset editor for World /Game/Classroom.Classroom
[2018.12.06-22.06.32:841][430]Cmd: MAP LOAD FILE="../../../../../../Users/griffin/Documents/Unreal Projects/Empathy/MyProject2/Content/Classroom.umap" TEMPLATE=0 SHOWPROGRESS=1 FEATURELEVEL=3
[2018.12.06-22.06.32:841][430]LightingResults: New page: Lighting Build
[2018.12.06-22.06.32:842][430]LoadErrors: New page: Loading map: Classroom.umap
[2018.12.06-22.06.32:843][430]MapCheck: New page: Map Check
[2018.12.06-22.06.32:843][430]LightingResults: New page: Lighting Build
[2018.12.06-22.06.32:915][430]LogEditorServer: Finished looking for orphan Actors (0.000 secs)
[2018.12.06-22.06.33:009][430]Cmd: MAP CHECKDEP NOCLEARLOG
[2018.12.06-22.06.33:174][430]MapCheck: Map check complete: 0 Error(s), 0 Warning(s), took 164.653ms to complete.
[2018.12.06-22.06.33:174][430]LogFileHelpers: Loading map 'Classroom' took 0.334
[2018.12.06-22.06.38:137][673]LogShaderCompilers: Display: Shaders left to compile 191
[2018.12.06-22.06.38:426][689]LogShaderCompilers: Display: Shaders left to compile 181
[2018.12.06-22.06.38:791][701]LogShaderCompilers: Display: Shaders left to compile 171
[2018.12.06-22.06.38:883][704]LogShaderCompilers: Display: Shaders left to compile 161
[2018.12.06-22.06.39:702][744]LogShaderCompilers: Display: Shaders left to compile 151
[2018.12.06-22.06.39:969][757]LogShaderCompilers: Display: Shaders left to compile 141
[2018.12.06-22.06.40:016][759]LogShaderCompilers: Display: Shaders left to compile 131
[2018.12.06-22.06.40:180][768]LogShaderCompilers: Display: Shaders left to compile 121
[2018.12.06-22.06.41:099][816]LogShaderCompilers: Display: Shaders left to compile 111
[2018.12.06-22.06.41:585][837]LogShaderCompilers: Display: Shaders left to compile 101
[2018.12.06-22.06.42:199][868]LogShaderCompilers: Display: Shaders left to compile 91
[2018.12.06-22.06.42:482][880]LogShaderCompilers: Display: Shaders left to compile 81
[2018.12.06-22.06.42:727][890]LogShaderCompilers: Display: Shaders left to compile 71
[2018.12.06-22.06.43:070][910]LogShaderCompilers: Display: Shaders left to compile 61
[2018.12.06-22.06.43:973][953]LogShaderCompilers: Display: Shaders left to compile 51
[2018.12.06-22.06.44:256][967]LogShaderCompilers: Display: Shaders left to compile 41
[2018.12.06-22.06.44:308][969]LogShaderCompilers: Display: Shaders left to compile 31
[2018.12.06-22.06.44:630][984]LogShaderCompilers: Display: Shaders left to compile 21
[2018.12.06-22.06.45:200][ 18]LogShaderCompilers: Display: Shaders left to compile 11
[2018.12.06-22.06.45:499][ 35]LogShaderCompilers: Display: Shaders left to compile 1
[2018.12.06-22.06.52:564][453]LogSlate: FSceneViewport::OnFocusLost() reason 0
[2018.12.06-22.06.56:808][697]LogSlate: FSceneViewport::OnFocusLost() reason 0
[2018.12.06-22.07.13:550][627]LogSlate: Took 0.002763 seconds to synchronously load lazily loaded font '../../../Engine/Content/Slate/Fonts/Roboto-Italic.ttf' (157K)
[2018.12.06-22.07.14:483][683]LogSlate: FSceneViewport::OnFocusLost() reason 0
[2018.12.06-22.07.19:784][  1]Cmd: DELETE
[2018.12.06-22.07.19:784][  1]Cmd: ACTOR DELETE
[2018.12.06-22.07.19:794][  1]LogEditorActor: Deleted Actor: cafeteria_sounds_Blueprint_C
[2018.12.06-22.07.19:817][  1]LogEditorActor: Deleted 1 Actors (0.031 secs)
[2018.12.06-22.07.20:815][ 61]LogEditorViewport: Clicking on Actor (LMB): StaticMeshActor (Wall10)
[2018.12.06-22.07.21:380][ 92]LogEditorViewport: Clicking on Actor (LMB): classroom_level_sound_Blueprint_C (classroom_level_sound_Blueprint)
[2018.12.06-22.07.22:648][166]LogSlate: FSceneViewport::OnFocusLost() reason 0
[2018.12.06-22.07.23:798][235]LogTemp: Repeating last play command: Selected Viewport
[2018.12.06-22.07.23:816][235]LogBlueprintUserMessages: Early PlayInEditor Detection: Level '/Game/Classroom.Classroom:PersistentLevel' has LevelScriptBlueprint '/Game/Classroom.Classroom:PersistentLevel.Classroom' with GeneratedClass '/Game/Classroom.Classroom_C' with ClassGeneratedBy '/Game/Classroom.Classroom:PersistentLevel.Classroom'
[2018.12.06-22.07.23:816][235]LogPlayLevel: PlayLevel: No blueprints needed recompiling
[2018.12.06-22.07.23:830][235]PIE: New page: PIE session: Classroom (Dec 6, 2018, 12:07:23 PM)
[2018.12.06-22.07.23:830][235]LogPlayLevel: Creating play world package: /Game/UEDPIE_0_Classroom
[2018.12.06-22.07.23:851][235]LogPlayLevel: PIE: StaticDuplicateObject took: (0.021305s)
[2018.12.06-22.07.23:851][235]LogAIModule: Creating AISystem for world Classroom
[2018.12.06-22.07.23:851][235]LogPlayLevel: PIE: World Init took: (0.000585s)
[2018.12.06-22.07.23:851][235]LogPlayLevel: PIE: Created PIE world by copying editor world from /Game/Classroom.Classroom to /Game/UEDPIE_0_Classroom.Classroom (0.022051s)
[2018.12.06-22.07.23:883][235]LogInit: XAudio2 using 'Headphones (CARL’s AirPods Stereo)' : 2 channels at 44.1 kHz using 16 bits per sample (channel mask 0x3)
[2018.12.06-22.07.23:892][235]LogInit: FAudioDevice initialized.
[2018.12.06-22.07.23:939][235]LogLoad: Game class is 'ThirdPersonGameMode_C'
[2018.12.06-22.07.23:948][235]LogWorld: Bringing World /Game/UEDPIE_0_Classroom.Classroom up for play (max tick rate 60) at 2018.12.06-17.07.23
[2018.12.06-22.07.23:950][235]LogWorld: Bringing up level for play took: 0.009628
[2018.12.06-22.07.23:972][235]LogContentBrowser: Native class hierarchy updated for 'MovieSceneCapture' in 0.0002 seconds. Added 10 classes and 0 folders.
[2018.12.06-22.07.23:974][235]PIE: Play in editor start time for /Game/UEDPIE_0_Classroom 1.031
[2018.12.06-22.07.23:974][235]LogBlueprintUserMessages: Late PlayInEditor Detection: Level '/Game/Classroom.Classroom:PersistentLevel' has LevelScriptBlueprint '/Game/Classroom.Classroom:PersistentLevel.Classroom' with GeneratedClass '/Game/Classroom.Classroom_C' with ClassGeneratedBy '/Game/Classroom.Classroom:PersistentLevel.Classroom'
[2018.12.06-22.07.31:775][701]LogBlueprintUserMessages: Early EndPlayMap Detection: Level '/Game/Classroom.Classroom:PersistentLevel' has LevelScriptBlueprint '/Game/Classroom.Classroom:PersistentLevel.Classroom' with GeneratedClass '/Game/Classroom.Classroom_C' with ClassGeneratedBy '/Game/Classroom.Classroom:PersistentLevel.Classroom'
[2018.12.06-22.07.31:775][701]LogSlate: Updating window title bar state: overlay mode, drag disabled, window buttons hidden, title bar hidden
[2018.12.06-22.07.31:809][701]LogPlayLevel: Display: Shutting down PIE online subsystems
[2018.12.06-22.07.31:809][701]LogBlueprintUserMessages: Late EndPlayMap Detection: Level '/Game/Classroom.Classroom:PersistentLevel' has LevelScriptBlueprint '/Game/Classroom.Classroom:PersistentLevel.Classroom' with GeneratedClass '/Game/Classroom.Classroom_C' with ClassGeneratedBy '/Game/Classroom.Classroom:PersistentLevel.Classroom'
[2018.12.06-22.07.31:831][701]LogSlate: Updating window title bar state: overlay mode, drag disabled, window buttons hidden, title bar hidden
[2018.12.06-22.07.31:836][701]LogActorComponent: ReregisterComponent: (/Game/Classroom.Classroom:PersistentLevel.cafeteria_sounds_Blueprint_2.AudioComponent0) Not currently registered. Aborting.
[2018.12.06-22.07.31:877][703]LogPlayLevel: Display: Destroying online subsystem :Context_4
[2018.12.06-22.07.33:908][824]LogSlate: FSceneViewport::OnFocusLost() reason 0
[2018.12.06-22.07.34:008][830]LogTemp: Repeating last play command: Selected Viewport
[2018.12.06-22.07.34:024][830]LogBlueprintUserMessages: Early PlayInEditor Detection: Level '/Game/Classroom.Classroom:PersistentLevel' has LevelScriptBlueprint '/Game/Classroom.Classroom:PersistentLevel.Classroom' with GeneratedClass '/Game/Classroom.Classroom_C' with ClassGeneratedBy '/Game/Classroom.Classroom:PersistentLevel.Classroom'
[2018.12.06-22.07.34:024][830]LogPlayLevel: PlayLevel: No blueprints needed recompiling
[2018.12.06-22.07.34:024][830]PIE: New page: PIE session: Classroom (Dec 6, 2018, 12:07:34 PM)
[2018.12.06-22.07.34:024][830]LogPlayLevel: Creating play world package: /Game/UEDPIE_0_Classroom
[2018.12.06-22.07.34:043][830]LogPlayLevel: PIE: StaticDuplicateObject took: (0.019262s)
[2018.12.06-22.07.34:044][830]LogAIModule: Creating AISystem for world Classroom
[2018.12.06-22.07.34:044][830]LogPlayLevel: PIE: World Init took: (0.000589s)
[2018.12.06-22.07.34:044][830]LogPlayLevel: PIE: Created PIE world by copying editor world from /Game/Classroom.Classroom to /Game/UEDPIE_0_Classroom.Classroom (0.019989s)
[2018.12.06-22.07.34:072][830]LogInit: XAudio2 using 'Headphones (CARL’s AirPods Stereo)' : 2 channels at 44.1 kHz using 16 bits per sample (channel mask 0x3)
[2018.12.06-22.07.34:079][830]LogInit: FAudioDevice initialized.
[2018.12.06-22.07.34:108][830]LogLoad: Game class is 'ThirdPersonGameMode_C'
[2018.12.06-22.07.34:116][830]LogWorld: Bringing World /Game/UEDPIE_0_Classroom.Classroom up for play (max tick rate 60) at 2018.12.06-17.07.34
[2018.12.06-22.07.34:117][830]LogWorld: Bringing up level for play took: 0.006978
[2018.12.06-22.07.34:129][830]PIE: Play in editor start time for /Game/UEDPIE_0_Classroom -0.814
[2018.12.06-22.07.34:129][830]LogBlueprintUserMessages: Late PlayInEditor Detection: Level '/Game/Classroom.Classroom:PersistentLevel' has LevelScriptBlueprint '/Game/Classroom.Classroom:PersistentLevel.Classroom' with GeneratedClass '/Game/Classroom.Classroom_C' with ClassGeneratedBy '/Game/Classroom.Classroom:PersistentLevel.Classroom'
[2018.12.06-22.08.50:449][406]LogBlueprintUserMessages: Early EndPlayMap Detection: Level '/Game/Classroom.Classroom:PersistentLevel' has LevelScriptBlueprint '/Game/Classroom.Classroom:PersistentLevel.Classroom' with GeneratedClass '/Game/Classroom.Classroom_C' with ClassGeneratedBy '/Game/Classroom.Classroom:PersistentLevel.Classroom'
[2018.12.06-22.08.50:449][406]LogSlate: Updating window title bar state: overlay mode, drag disabled, window buttons hidden, title bar hidden
[2018.12.06-22.08.50:484][406]LogPlayLevel: Display: Shutting down PIE online subsystems
[2018.12.06-22.08.50:484][406]LogBlueprintUserMessages: Late EndPlayMap Detection: Level '/Game/Classroom.Classroom:PersistentLevel' has LevelScriptBlueprint '/Game/Classroom.Classroom:PersistentLevel.Classroom' with GeneratedClass '/Game/Classroom.Classroom_C' with ClassGeneratedBy '/Game/Classroom.Classroom:PersistentLevel.Classroom'
[2018.12.06-22.08.50:507][406]LogSlate: Updating window title bar state: overlay mode, drag disabled, window buttons hidden, title bar hidden
[2018.12.06-22.08.50:512][406]LogActorComponent: ReregisterComponent: (/Game/Classroom.Classroom:PersistentLevel.cafeteria_sounds_Blueprint_2.AudioComponent0) Not currently registered. Aborting.
[2018.12.06-22.08.50:556][408]LogPlayLevel: Display: Destroying online subsystem :Context_5
[2018.12.06-22.09.12:803][723]LogSlate: FSceneViewport::OnFocusLost() reason 0
[2018.12.06-22.09.19:257][109]LogLinker: Warning: Can't find file '/Game/Maps/Recess_BuiltData'
[2018.12.06-22.09.19:257][109]LogLinker: Warning: Can't find file for asset '/Game/Maps/Recess_BuiltData' while loading ../../../../../../Users/griffin/Documents/Unreal Projects/Empathy/MyProject2/Content/Maps/Recess.umap.
[2018.12.06-22.09.19:257][109]LoadErrors: Error: /Game/Maps/Recess : Can't find file for asset. /Game/Maps/Recess_BuiltData
[2018.12.06-22.09.19:307][109]LogLinker: Warning: Can't find file '/Game/Maps/Recess_BuiltData'
[2018.12.06-22.09.19:307][109]LogLinker: Warning: Can't find file for asset '/Game/Maps/Recess_BuiltData' while loading ../../../../../../Users/griffin/Documents/Unreal Projects/Empathy/MyProject2/Content/Maps/Recess.umap.
[2018.12.06-22.09.19:315][109]LogLinker: Warning: Can't find file '/Game/Maps/Recess_BuiltData'
[2018.12.06-22.09.19:315][109]LoadErrors: Failed to load /Game/Maps/Recess_BuiltData.Recess_BuiltData Referenced by PersistentLevel
[2018.12.06-22.09.19:315][109]LogLinker: Warning: Can't find file for asset '/Game/Maps/Recess_BuiltData' while loading NULL.
[2018.12.06-22.09.19:329][109]LogStaticMesh: Building static mesh Fence...
[2018.12.06-22.09.19:386][109]LogStaticMesh: Built static mesh [0.06s] /Game/Fence.Fence
[2018.12.06-22.09.19:391][109]LogMaterial: Display: Missing cached shader map for material pCube4Mat, compiling. 
[2018.12.06-22.09.19:410][109]LogShaderCompilers: Display: Shaders left to compile 22
[2018.12.06-22.09.19:410][109]LogShaderCompilers: Display: Shaders left to compile 12
[2018.12.06-22.09.19:410][109]LogShaderCompilers: Display: Shaders left to compile 2
[2018.12.06-22.09.19:410][109]LogAIModule: Creating AISystem for world Recess
[2018.12.06-22.09.19:414][109]LogAssetEditorManager: Opening Asset editor for World /Game/Maps/Recess.Recess
[2018.12.06-22.09.22:165][109]LogSlate: Window 'Save Content' being destroyed
[2018.12.06-22.09.22:272][109]Cmd: OBJ SAVEPACKAGE PACKAGE="/Game/Classroom" FILE="../../../../../../Users/griffin/Documents/Unreal Projects/Empathy/MyProject2/Content/Classroom.umap" SILENT=true AUTOSAVING=false KEEPDIRTY=false
[2018.12.06-22.09.22:630][109]LogSavePackage: Moving '../../../../../../Users/griffin/Documents/Unreal Projects/Empathy/MyProject2/Saved/Classroom8D120E6C4B0EF3BFD4781A8C9AE92124.tmp' to '../../../../../../Users/griffin/Documents/Unreal Projects/Empathy/MyProject2/Content/Classroom.umap'
[2018.12.06-22.09.22:664][109]LogFileHelpers: Saving map 'Classroom' took 0.493
[2018.12.06-22.09.22:665][109]Cmd: MAP LOAD FILE="../../../../../../Users/griffin/Documents/Unreal Projects/Empathy/MyProject2/Content/Maps/Recess.umap" TEMPLATE=0 SHOWPROGRESS=1 FEATURELEVEL=3
[2018.12.06-22.09.22:665][109]LightingResults: New page: Lighting Build
[2018.12.06-22.09.22:666][109]LoadErrors: New page: Loading map: Recess.umap
[2018.12.06-22.09.22:667][109]MapCheck: New page: Map Check
[2018.12.06-22.09.22:667][109]LightingResults: New page: Lighting Build
[2018.12.06-22.09.22:696][109]LogEditorServer: Finished looking for orphan Actors (0.000 secs)
[2018.12.06-22.09.22:746][109]Cmd: MAP CHECKDEP NOCLEARLOG
[2018.12.06-22.09.22:850][109]MapCheck: Map check complete: 0 Error(s), 0 Warning(s), took 103.929ms to complete.
[2018.12.06-22.09.22:851][109]LogFileHelpers: Loading map 'Recess' took 0.187
[2018.12.06-22.09.29:156][480]LogSlate: FSceneViewport::OnFocusLost() reason 0
[2018.12.06-22.09.30:190][542]LogSlate: FSceneViewport::OnFocusLost() reason 0
[2018.12.06-22.09.33:484][738]LogSlate: FSceneViewport::OnFocusLost() reason 0
[2018.12.06-22.09.42:704][243]LogSlate: FSceneViewport::OnFocusLost() reason 0
[2018.12.06-22.09.42:788][248]LogTemp: Repeating last play command: Selected Viewport
[2018.12.06-22.09.42:805][248]LogPlayLevel: PlayLevel: No blueprints needed recompiling
[2018.12.06-22.09.42:805][248]PIE: New page: PIE session: Recess (Dec 6, 2018, 12:09:42 PM)
[2018.12.06-22.09.42:805][248]LogPlayLevel: Creating play world package: /Game/Maps/UEDPIE_0_Recess
[2018.12.06-22.09.42:807][248]LogPlayLevel: PIE: StaticDuplicateObject took: (0.001664s)
[2018.12.06-22.09.42:808][248]LogAIModule: Creating AISystem for world Recess
[2018.12.06-22.09.42:808][248]LogPlayLevel: PIE: World Init took: (0.000513s)
[2018.12.06-22.09.42:808][248]LogPlayLevel: PIE: Created PIE world by copying editor world from /Game/Maps/Recess.Recess to /Game/Maps/UEDPIE_0_Recess.Recess (0.002267s)
[2018.12.06-22.09.42:836][248]LogInit: XAudio2 using 'Headphones (CARL’s AirPods Stereo)' : 2 channels at 44.1 kHz using 16 bits per sample (channel mask 0x3)
[2018.12.06-22.09.42:843][248]LogInit: FAudioDevice initialized.
[2018.12.06-22.09.42:878][248]LogLoad: Game class is 'ThirdPersonGameMode_C'
[2018.12.06-22.09.42:879][248]LogWorld: Bringing World /Game/Maps/UEDPIE_0_Recess.Recess up for play (max tick rate 60) at 2018.12.06-17.09.42
[2018.12.06-22.09.42:879][248]LogWorld: Bringing up level for play took: 0.000487
[2018.12.06-22.09.42:895][248]PIE: Play in editor start time for /Game/Maps/UEDPIE_0_Recess -0.048
[2018.12.06-22.09.49:409][638]LogSlate: Updating window title bar state: overlay mode, drag disabled, window buttons hidden, title bar hidden
[2018.12.06-22.09.49:438][638]LogPlayLevel: Display: Shutting down PIE online subsystems
[2018.12.06-22.09.49:462][638]LogSlate: Updating window title bar state: overlay mode, drag disabled, window buttons hidden, title bar hidden
[2018.12.06-22.09.49:512][641]LogPlayLevel: Display: Destroying online subsystem :Context_7
[2018.12.06-22.09.57:759][120]LogEditorViewport: Clicking on Actor (LMB): recess_area_sounds_Blueprint_C (recess_area_sounds_Blueprint)
[2018.12.06-22.09.58:119][139]LogEditorViewport: Clicking on Actor (LMB): recess_area_sounds_Blueprint_C (recess_area_sounds_Blueprint)
[2018.12.06-22.10.03:253][443]LogSlate: FSceneViewport::OnFocusLost() reason 0
[2018.12.06-22.10.48:757][150]LogTemp: Repeating last play command: Selected Viewport
[2018.12.06-22.10.48:773][150]LogPlayLevel: PlayLevel: No blueprints needed recompiling
[2018.12.06-22.10.48:774][150]PIE: New page: PIE session: Recess (Dec 6, 2018, 12:10:48 PM)
[2018.12.06-22.10.48:774][150]LogPlayLevel: Creating play world package: /Game/Maps/UEDPIE_0_Recess
[2018.12.06-22.10.48:775][150]LogPlayLevel: PIE: StaticDuplicateObject took: (0.001660s)
[2018.12.06-22.10.48:776][150]LogAIModule: Creating AISystem for world Recess
[2018.12.06-22.10.48:776][150]LogPlayLevel: PIE: World Init took: (0.000543s)
[2018.12.06-22.10.48:776][150]LogPlayLevel: PIE: Created PIE world by copying editor world from /Game/Maps/Recess.Recess to /Game/Maps/UEDPIE_0_Recess.Recess (0.002292s)
[2018.12.06-22.10.48:805][150]LogInit: XAudio2 using 'Headphones (CARL’s AirPods Stereo)' : 2 channels at 44.1 kHz using 16 bits per sample (channel mask 0x3)
[2018.12.06-22.10.48:812][150]LogInit: FAudioDevice initialized.
[2018.12.06-22.10.48:844][150]LogLoad: Game class is 'ThirdPersonGameMode_C'
[2018.12.06-22.10.48:846][150]LogWorld: Bringing World /Game/Maps/UEDPIE_0_Recess.Recess up for play (max tick rate 60) at 2018.12.06-17.10.48
[2018.12.06-22.10.48:846][150]LogWorld: Bringing up level for play took: 0.000643
[2018.12.06-22.10.48:859][150]PIE: Play in editor start time for /Game/Maps/UEDPIE_0_Recess -0.083
[2018.12.06-22.11.11:654][359]LogSlate: FSceneViewport::OnFocusLost() reason 0
[2018.12.06-22.11.11:725][363]LogSlate: Updating window title bar state: overlay mode, drag disabled, window buttons hidden, title bar hidden
[2018.12.06-22.11.11:757][363]LogPlayLevel: Display: Shutting down PIE online subsystems
[2018.12.06-22.11.11:781][363]LogSlate: Updating window title bar state: overlay mode, drag disabled, window buttons hidden, title bar hidden
[2018.12.06-22.11.11:826][366]LogPlayLevel: Display: Destroying online subsystem :Context_8
[2018.12.06-22.11.24:022][995]LogSlate: Window 'Save Level As' being destroyed
[2018.12.06-22.11.29:609][328]Cmd: OBJ SAVEPACKAGE PACKAGE="/Game/Maps/Recess" FILE="../../../../../../Users/griffin/Documents/Unreal Projects/Empathy/MyProject2/Content/Maps/Recess.umap" SILENT=true AUTOSAVING=false KEEPDIRTY=false
[2018.12.06-22.11.29:665][328]LogSavePackage: Moving '../../../../../../Users/griffin/Documents/Unreal Projects/Empathy/MyProject2/Saved/Recess7DF93383424DCE36AC79818060EA70BC.tmp' to '../../../../../../Users/griffin/Documents/Unreal Projects/Empathy/MyProject2/Content/Maps/Recess.umap'
[2018.12.06-22.11.31:290][418]LogSlate: Window 'MyProject2 - Unreal Editor' being destroyed
[2018.12.06-22.11.31:291][418]LogWindowsTextInputMethodSystem: Display: IME system now deactivated.
[2018.12.06-22.11.31:474][419]Cmd: QUIT_EDITOR
[2018.12.06-22.11.31:995][419]LogExit: Preparing to exit.
[2018.12.06-22.11.32:932][419]LogExit: Editor shut down
[2018.12.06-22.11.32:932][419]LogExit: Transaction tracking system shut down
[2018.12.06-22.11.33:219][419]LogExit: Object subsystem successfully closed.
[2018.12.06-22.11.33:233][419]LogShaderCompilers: Display: Shaders left to compile 0
[2018.12.06-22.11.33:236][419]LogD3D11RHI: Shutdown
[2018.12.06-22.11.33:236][419]LogD3D11RHI: CleanupD3DDevice
[2018.12.06-22.11.33:237][419]LogD3D11RHI: ~FD3D11DynamicRHI
[2018.12.06-22.11.33:262][419]LogModuleManager: Shutting down and abandoning module MeshBuilder (616)
[2018.12.06-22.11.33:262][419]LogModuleManager: Shutting down and abandoning module MovieSceneCapture (614)
[2018.12.06-22.11.33:262][419]LogModuleManager: Shutting down and abandoning module Voice (612)
[2018.12.06-22.11.33:262][419]LogModuleManager: Shutting down and abandoning module HierarchicalLODOutliner (610)
[2018.12.06-22.11.33:262][419]LogModuleManager: Shutting down and abandoning module SceneOutliner (608)
[2018.12.06-22.11.33:262][419]LogModuleManager: Shutting down and abandoning module AddContentDialog (606)
[2018.12.06-22.11.33:265][419]LogModuleManager: Shutting down and abandoning module WidgetCarousel (605)
[2018.12.06-22.11.33:265][419]LogModuleManager: Shutting down and abandoning module EditorWidgets (602)
[2018.12.06-22.11.33:265][419]LogModuleManager: Shutting down and abandoning module CollectionManager (600)
[2018.12.06-22.11.33:265][419]LogModuleManager: Shutting down and abandoning module StatsViewer (598)
[2018.12.06-22.11.33:265][419]LogModuleManager: Shutting down and abandoning module FoliageEdit (596)
[2018.12.06-22.11.33:265][419]LogModuleManager: Shutting down and abandoning module LandscapeEditor (594)
[2018.12.06-22.11.33:265][419]LogModuleManager: Shutting down and abandoning module MeshPaintMode (592)
[2018.12.06-22.11.33:265][419]LogModuleManager: Shutting down and abandoning module SceneDepthPickerMode (590)
[2018.12.06-22.11.33:265][419]LogModuleManager: Shutting down and abandoning module ActorPickerMode (588)
[2018.12.06-22.11.33:265][419]LogModuleManager: Shutting down and abandoning module GeometryMode (586)
[2018.12.06-22.11.33:265][419]LogModuleManager: Shutting down and abandoning module TextureAlignMode (584)
[2018.12.06-22.11.33:265][419]LogModuleManager: Shutting down and abandoning module BspMode (582)
[2018.12.06-22.11.33:265][419]LogModuleManager: Shutting down and abandoning module PIEPreviewDeviceProfileSelector (580)
[2018.12.06-22.11.33:265][419]LogModuleManager: Shutting down and abandoning module SequenceRecorderSections (578)
[2018.12.06-22.11.33:265][419]LogModuleManager: Shutting down and abandoning module AutomationWorker (576)
[2018.12.06-22.11.33:266][419]LogModuleManager: Shutting down and abandoning module AudioCaptureEditor (574)
[2018.12.06-22.11.33:266][419]LogModuleManager: Shutting down and abandoning module SequenceRecorder (573)
[2018.12.06-22.11.33:266][419]LogModuleManager: Shutting down and abandoning module MatineeToLevelSequence (570)
[2018.12.06-22.11.33:266][419]LogModuleManager: Shutting down and abandoning module LevelSequenceEditor (568)
[2018.12.06-22.11.33:266][419]LogModuleManager: Shutting down and abandoning module PlacementMode (567)
[2018.12.06-22.11.33:268][419]LogModuleManager: Shutting down and abandoning module MaterialEditor (566)
[2018.12.06-22.11.33:268][419]LogModuleManager: Shutting down and abandoning module WmfMediaFactory (562)
[2018.12.06-22.11.33:268][419]LogModuleManager: Shutting down and abandoning module WmfMediaEditor (560)
[2018.12.06-22.11.33:268][419]LogModuleManager: Shutting down and abandoning module MediaPlayerEditor (558)
[2018.12.06-22.11.33:268][419]LogModuleManager: Shutting down and abandoning module OpenExrWrapper (556)
[2018.12.06-22.11.33:268][419]LogModuleManager: Shutting down and abandoning module ImgMediaFactory (554)
[2018.12.06-22.11.33:268][419]LogModuleManager: Shutting down and abandoning module ImgMediaEditor (552)
[2018.12.06-22.11.33:268][419]LogModuleManager: Shutting down and abandoning module AvfMediaFactory (550)
[2018.12.06-22.11.33:268][419]LogModuleManager: Shutting down and abandoning module AvfMediaEditor (548)
[2018.12.06-22.11.33:268][419]LogModuleManager: Shutting down and abandoning module AndroidMediaFactory (546)
[2018.12.06-22.11.33:268][419]LogModuleManager: Shutting down and abandoning module AndroidMediaEditor (544)
[2018.12.06-22.11.33:268][419]LogModuleManager: Shutting down and abandoning module MagicLeapCameraPreviewFactory (542)
[2018.12.06-22.11.33:269][419]LogModuleManager: Shutting down and abandoning module MagicLeapMediaFactory (540)
[2018.12.06-22.11.33:269][419]LogModuleManager: Shutting down and abandoning module MagicLeapMediaEditor (538)
[2018.12.06-22.11.33:269][419]LogModuleManager: Shutting down and abandoning module CharacterAI (536)
[2018.12.06-22.11.33:269][419]LogModuleManager: Shutting down and abandoning module SmartSnapping (534)
[2018.12.06-22.11.33:269][419]LogModuleManager: Shutting down and abandoning module SessionServices (532)
[2018.12.06-22.11.33:269][419]LogModuleManager: Shutting down and abandoning module ViewportSnapping (530)
[2018.12.06-22.11.33:269][419]LogModuleManager: Shutting down and abandoning module ViewportInteraction (528)
[2018.12.06-22.11.33:269][419]LogModuleManager: Shutting down and abandoning module ClothPainter (526)
[2018.12.06-22.11.33:269][419]LogModuleManager: Shutting down and abandoning module SkeletalMeshEditor (525)
[2018.12.06-22.11.33:269][419]LogModuleManager: Shutting down and abandoning module LogVisualizer (522)
[2018.12.06-22.11.33:269][419]LogModuleManager: Shutting down and abandoning module IntroTutorials (520)
[2018.12.06-22.11.33:269][419]LogModuleManager: Shutting down and abandoning module GameProjectGeneration (519)
[2018.12.06-22.11.33:269][419]LogModuleManager: Shutting down and abandoning module LuminPlatformEditor (516)
[2018.12.06-22.11.33:269][419]LogModuleManager: Shutting down and abandoning module IOSPlatformEditor (514)
[2018.12.06-22.11.33:269][419]LogModuleManager: Shutting down and abandoning module HTML5PlatformEditor (512)
[2018.12.06-22.11.33:269][419]LogModuleManager: Shutting down and abandoning module AndroidPlatformEditor (510)
[2018.12.06-22.11.33:269][419]LogModuleManager: Shutting down and abandoning module AndroidDeviceDetection (509)
[2018.12.06-22.11.33:835][419]LogModuleManager: Shutting down and abandoning module WindowsPlatformEditor (506)
[2018.12.06-22.11.33:835][419]LogModuleManager: Shutting down and abandoning module LuminRuntimeSettings (504)
[2018.12.06-22.11.33:835][419]LogModuleManager: Shutting down and abandoning module IOSRuntimeSettings (502)
[2018.12.06-22.11.33:835][419]LogModuleManager: Shutting down and abandoning module AndroidRuntimeSettings (500)
[2018.12.06-22.11.33:835][419]LogModuleManager: Shutting down and abandoning module InputBindingEditor (498)
[2018.12.06-22.11.33:835][419]LogModuleManager: Shutting down and abandoning module MergeActors (496)
[2018.12.06-22.11.33:835][419]LogModuleManager: Shutting down and abandoning module LocalizationDashboard (494)
[2018.12.06-22.11.33:835][419]LogModuleManager: Shutting down and abandoning module LocalizationService (493)
[2018.12.06-22.11.33:835][419]LogModuleManager: Shutting down and abandoning module HardwareTargeting (490)
[2018.12.06-22.11.33:835][419]LogModuleManager: Shutting down and abandoning module DeviceProfileEditor (488)
[2018.12.06-22.11.33:835][419]LogModuleManager: Shutting down and abandoning module UndoHistory (486)
[2018.12.06-22.11.33:835][419]LogModuleManager: Shutting down and abandoning module XmlParser (484)
[2018.12.06-22.11.33:835][419]LogModuleManager: Shutting down and abandoning module Blutility (482)
[2018.12.06-22.11.33:835][419]LogModuleManager: Shutting down and abandoning module ProjectSettingsViewer (480)
[2018.12.06-22.11.33:836][419]LogModuleManager: Shutting down and abandoning module ProjectTargetPlatformEditor (479)
[2018.12.06-22.11.33:836][419]LogModuleManager: Shutting down and abandoning module EditorSettingsViewer (476)
[2018.12.06-22.11.33:836][419]LogModuleManager: Shutting down and abandoning module SettingsEditor (474)
[2018.12.06-22.11.33:836][419]LogModuleManager: Shutting down and abandoning module ProjectLauncher (472)
[2018.12.06-22.11.33:836][419]LogModuleManager: Shutting down and abandoning module SessionFrontend (470)
[2018.12.06-22.11.33:836][419]LogModuleManager: Shutting down and abandoning module ProfilerClient (468)
[2018.12.06-22.11.33:836][419]LogModuleManager: Shutting down and abandoning module DeviceManager (466)
[2018.12.06-22.11.33:836][419]LogModuleManager: Shutting down and abandoning module TargetDeviceServices (465)
[2018.12.06-22.11.33:891][419]LogModuleManager: Shutting down and abandoning module AutomationController (462)
[2018.12.06-22.11.33:891][419]LogModuleManager: Shutting down and abandoning module AutomationWindow (460)
[2018.12.06-22.11.33:891][419]LogModuleManager: Shutting down and abandoning module Layers (458)
[2018.12.06-22.11.33:891][419]LogModuleManager: Shutting down and abandoning module ComponentVisualizers (456)
[2018.12.06-22.11.33:891][419]LogModuleManager: Shutting down and abandoning module DetailCustomizations (454)
[2018.12.06-22.11.33:891][419]LogModuleManager: Shutting down and abandoning module PackagesDialog (452)
[2018.12.06-22.11.33:891][419]LogModuleManager: Shutting down and abandoning module Persona (450)
[2018.12.06-22.11.33:891][419]LogModuleManager: Shutting down and abandoning module AdvancedPreviewScene (449)
[2018.12.06-22.11.33:891][419]LogModuleManager: Shutting down and abandoning module AnimGraph (447)
[2018.12.06-22.11.33:891][419]LogModuleManager: Shutting down and abandoning module Kismet (444)
[2018.12.06-22.11.33:891][419]LogModuleManager: Shutting down and abandoning module GraphEditor (442)
[2018.12.06-22.11.33:891][419]LogModuleManager: Shutting down and abandoning module ClassViewer (440)
[2018.12.06-22.11.33:891][419]LogModuleManager: Shutting down and abandoning module Toolbox (438)
[2018.12.06-22.11.33:891][419]LogModuleManager: Shutting down and abandoning module ModuleUI (436)
[2018.12.06-22.11.33:891][419]LogModuleManager: Shutting down and abandoning module MovieSceneTools (434)
[2018.12.06-22.11.33:891][419]LogModuleManager: Shutting down and abandoning module OutputLog (432)
[2018.12.06-22.11.33:891][419]LogModuleManager: Shutting down and abandoning module GammaUI (430)
[2018.12.06-22.11.33:891][419]LogModuleManager: Shutting down and abandoning module Documentation (428)
[2018.12.06-22.11.33:891][419]LogModuleManager: Shutting down and abandoning module MovieSceneTracks (426)
[2018.12.06-22.11.33:892][419]LogModuleManager: Shutting down and abandoning module MovieScene (424)
[2018.12.06-22.11.33:892][419]LogModuleManager: Shutting down and abandoning module StreamingPauseRendering (422)
[2018.12.06-22.11.33:892][419]LogModuleManager: Shutting down and abandoning module LauncherPlatform (420)
[2018.12.06-22.11.33:892][419]LogModuleManager: Shutting down and abandoning module AnalyticsET (418)
[2018.12.06-22.11.33:892][419]LogModuleManager: Shutting down and abandoning module PortalServices (416)
[2018.12.06-22.11.33:892][419]LogModuleManager: Shutting down and abandoning module PortalRpc (414)
[2018.12.06-22.11.33:892][419]LogModuleManager: Shutting down and abandoning module MessagingRpc (412)
[2018.12.06-22.11.33:892][419]LogModuleManager: Shutting down and abandoning module AIModule (410)
[2018.12.06-22.11.33:892][419]LogModuleManager: Shutting down and abandoning module GameplayDebugger (409)
[2018.12.06-22.11.33:892][419]LogModuleManager: Shutting down and abandoning module AITestSuite (407)
[2018.12.06-22.11.33:892][419]LogModuleManager: Shutting down and abandoning module NavigationSystem (405)
[2018.12.06-22.11.33:892][419]LogModuleManager: Shutting down and abandoning module DesktopPlatform (402)
[2018.12.06-22.11.33:892][419]LogModuleManager: Shutting down and abandoning module ProfilerService (400)
[2018.12.06-22.11.34:088][419]LogModuleManager: Shutting down and abandoning module TaskGraph (398)
[2018.12.06-22.11.34:088][419]LogModuleManager: Shutting down and abandoning module SteamVRController (396)
[2018.12.06-22.11.34:088][419]LogModuleManager: Shutting down and abandoning module ProceduralMeshComponentEditor (394)
[2018.12.06-22.11.34:088][419]LogModuleManager: Shutting down and abandoning module ProceduralMeshComponent (392)
[2018.12.06-22.11.34:088][419]LogModuleManager: Shutting down and abandoning module OculusInput (390)
[2018.12.06-22.11.34:088][419]LogModuleManager: Shutting down and abandoning module MobilePatchingUtils (388)
[2018.12.06-22.11.34:088][419]LogModuleManager: Shutting down and abandoning module EditableMesh (386)
[2018.12.06-22.11.34:088][419]LogModuleManager: Shutting down and abandoning module CustomMeshComponent (384)
[2018.12.06-22.11.34:088][419]LogModuleManager: Shutting down and abandoning module CableComponent (382)
[2018.12.06-22.11.34:088][419]LogModuleManager: Shutting down and abandoning module AudioCapture (380)
[2018.12.06-22.11.34:088][419]LogModuleManager: Shutting down and abandoning module ArchVisCharacter (378)
[2018.12.06-22.11.34:088][419]LogModuleManager: Shutting down and abandoning module AndroidPermission (376)
[2018.12.06-22.11.34:088][419]LogModuleManager: Shutting down and abandoning module NUTUnrealEngine4 (374)
[2018.12.06-22.11.34:088][419]LogModuleManager: Shutting down and abandoning module NetcodeUnitTest (372)
[2018.12.06-22.11.34:088][419]LogModuleManager: Shutting down and abandoning module MediaCompositingEditor (370)
[2018.12.06-22.11.34:088][419]LogModuleManager: Shutting down and abandoning module MediaCompositing (368)
[2018.12.06-22.11.34:088][419]LogModuleManager: Shutting down and abandoning module LinearTimecode (366)
[2018.12.06-22.11.34:088][419]LogModuleManager: Shutting down and abandoning module ImgMedia (364)
[2018.12.06-22.11.34:091][419]LogModuleManager: Shutting down and abandoning module HTML5Networking (362)
[2018.12.06-22.11.34:091][419]LogModuleManager: Shutting down and abandoning module GeometryCacheTracks (360)
[2018.12.06-22.11.34:091][419]LogModuleManager: Shutting down and abandoning module GeometryCacheSequencer (358)
[2018.12.06-22.11.34:091][419]LogModuleManager: Shutting down and abandoning module BackChannel (356)
[2018.12.06-22.11.34:091][419]LogModuleManager: Shutting down and abandoning module AppleVision (354)
[2018.12.06-22.11.34:091][419]LogModuleManager: Shutting down and abandoning module AppleImageUtils (352)
[2018.12.06-22.11.34:091][419]LogModuleManager: Shutting down and abandoning module AlembicImporter (350)
[2018.12.06-22.11.34:091][419]LogModuleManager: Shutting down and abandoning module AlembicLibrary (349)
[2018.12.06-22.11.34:091][419]LogModuleManager: Shutting down and abandoning module GeometryCache (348)
[2018.12.06-22.11.34:091][419]LogModuleManager: Shutting down and abandoning module GeometryCacheEd (347)
[2018.12.06-22.11.34:091][419]LogModuleManager: Shutting down and abandoning module DatasmithContentEditor (342)
[2018.12.06-22.11.34:091][419]LogModuleManager: Shutting down and abandoning module DatasmithContent (340)
[2018.12.06-22.11.34:092][419]LogModuleManager: Shutting down and abandoning module SpeedTreeImporter (338)
[2018.12.06-22.11.34:092][419]LogModuleManager: Shutting down and abandoning module PluginBrowser (336)
[2018.12.06-22.11.34:092][419]LogModuleManager: Shutting down and abandoning module MobileLauncherProfileWizard (334)
[2018.12.06-22.11.34:092][419]LogModuleManager: Shutting down and abandoning module PolygonModeling (332)
[2018.12.06-22.11.34:092][419]LogModuleManager: Shutting down and abandoning module MeshEditor (330)
[2018.12.06-22.11.34:092][419]LogModuleManager: Shutting down and abandoning module CryptoKeysOpenSSL (328)
[2018.12.06-22.11.34:092][419]LogModuleManager: Shutting down and abandoning module CryptoKeys (326)
[2018.12.06-22.11.34:092][419]LogModuleManager: Shutting down and abandoning module VisualStudioSourceCodeAccess (324)
[2018.12.06-22.11.34:092][419]LogModuleManager: Shutting down and abandoning module VisualStudioCodeSourceCodeAccess (322)
[2018.12.06-22.11.34:092][419]LogModuleManager: Shutting down and abandoning module UObjectPlugin (320)
[2018.12.06-22.11.34:092][419]LogModuleManager: Shutting down and abandoning module SubversionSourceControl (318)
[2018.12.06-22.11.34:092][419]LogModuleManager: Shutting down and abandoning module PerforceSourceControl (316)
[2018.12.06-22.11.34:092][419]LogModuleManager: Shutting down and abandoning module GitSourceControl (314)
[2018.12.06-22.11.34:092][419]LogModuleManager: Shutting down and abandoning module SourceControl (313)
[2018.12.06-22.11.34:093][419]LogModuleManager: Shutting down and abandoning module CLionSourceCodeAccess (310)
[2018.12.06-22.11.34:093][419]LogModuleManager: Shutting down and abandoning module LightPropagationVolumeEditor (308)
[2018.12.06-22.11.34:093][419]LogModuleManager: Shutting down and abandoning module PaperTiledImporter (306)
[2018.12.06-22.11.34:093][419]LogModuleManager: Shutting down and abandoning module PaperSpriteSheetImporter (304)
[2018.12.06-22.11.34:093][419]LogModuleManager: Shutting down and abandoning module Paper2DEditor (302)
[2018.12.06-22.11.34:093][419]LogModuleManager: Shutting down and abandoning module MeshPaint (301)
[2018.12.06-22.11.34:093][419]LogModuleManager: Shutting down and abandoning module RuntimePhysXCooking (298)
[2018.12.06-22.11.34:093][419]LogModuleManager: Shutting down and abandoning module PhysXVehiclesEditor (296)
[2018.12.06-22.11.34:093][419]LogModuleManager: Shutting down and abandoning module PhysXVehicles (294)
[2018.12.06-22.11.34:093][419]LogModuleManager: Shutting down and abandoning module OculusEditor (292)
[2018.12.06-22.11.34:093][419]LogModuleManager: Shutting down and abandoning module LocationServicesBPLibrary (290)
[2018.12.06-22.11.34:093][419]LogModuleManager: Shutting down and abandoning module ImmediatePhysicsEditor (288)
[2018.12.06-22.11.34:093][419]LogModuleManager: Shutting down and abandoning module ImmediatePhysics (286)
[2018.12.06-22.11.34:093][419]LogModuleManager: Shutting down and abandoning module ActorSequence (284)
[2018.12.06-22.11.34:093][419]LogModuleManager: Shutting down and abandoning module UdpMessaging (282)
[2018.12.06-22.11.34:194][419]LogModuleManager: Shutting down and abandoning module TcpMessaging (280)
[2018.12.06-22.11.34:294][419]LogModuleManager: Shutting down and abandoning module MagicLeapAudio (278)
[2018.12.06-22.11.34:294][419]LogModuleManager: Shutting down and abandoning module GameplayTagsEditor (276)
[2018.12.06-22.11.34:294][419]LogModuleManager: Shutting down and abandoning module FacialAnimationEditor (274)
[2018.12.06-22.11.34:294][419]LogModuleManager: Shutting down and abandoning module FacialAnimation (272)
[2018.12.06-22.11.34:294][419]LogModuleManager: Shutting down and abandoning module DataValidation (270)
[2018.12.06-22.11.34:294][419]LogModuleManager: Shutting down and abandoning module AssetManagerEditor (268)
[2018.12.06-22.11.34:294][419]LogModuleManager: Shutting down and abandoning module LevelEditor (267)
[2018.12.06-22.11.34:294][419]LogModuleManager: Shutting down and abandoning module PixelInspectorModule (266)
[2018.12.06-22.11.34:294][419]LogModuleManager: Shutting down and abandoning module CommonMenuExtensions (264)
[2018.12.06-22.11.34:294][419]LogModuleManager: Shutting down and abandoning module MainFrame (262)
[2018.12.06-22.11.34:294][419]LogModuleManager: Shutting down and abandoning module HotReload (261)
[2018.12.06-22.11.34:295][419]LogModuleManager: Shutting down and abandoning module ContentBrowser (257)
[2018.12.06-22.11.34:296][419]LogModuleManager: Shutting down and abandoning module TreeMap (255)
[2018.12.06-22.11.34:296][419]LogModuleManager: Shutting down and abandoning module LightPropagationVolumeRuntime (252)
[2018.12.06-22.11.34:296][419]LogModuleManager: Shutting down and abandoning module AISupportModule (250)
[2018.12.06-22.11.34:296][419]LogModuleManager: Shutting down and abandoning module Paper2D (248)
[2018.12.06-22.11.34:296][419]LogModuleManager: Shutting down and abandoning module WindowsMoviePlayer (246)
[2018.12.06-22.11.34:296][419]LogModuleManager: Shutting down and abandoning module WmfMedia (244)
[2018.12.06-22.11.34:297][419]LogModuleManager: Shutting down and abandoning module Media (243)
[2018.12.06-22.11.34:303][419]LogModuleManager: Shutting down and abandoning module PacketHandler (240)
[2018.12.06-22.11.34:303][419]LogModuleManager: Shutting down and abandoning module ClothingSystemEditor (238)
[2018.12.06-22.11.34:303][419]LogModuleManager: Shutting down and abandoning module ClothingSystemRuntime (236)
[2018.12.06-22.11.34:303][419]LogModuleManager: Shutting down and abandoning module MediaAssets (234)
[2018.12.06-22.11.34:303][419]LogModuleManager: Shutting down and abandoning module Overlay (232)
[2018.12.06-22.11.34:303][419]LogModuleManager: Shutting down and abandoning module OverlayEditor (231)
[2018.12.06-22.11.34:303][419]LogModuleManager: Shutting down and abandoning module VREditor (228)
[2018.12.06-22.11.34:303][419]LogModuleManager: Shutting down and abandoning module StringTableEditor (226)
[2018.12.06-22.11.34:303][419]LogModuleManager: Shutting down and abandoning module GameplayTasksEditor (224)
[2018.12.06-22.11.34:303][419]LogModuleManager: Shutting down and abandoning module BehaviorTreeEditor (222)
[2018.12.06-22.11.34:303][419]LogModuleManager: Shutting down and abandoning module FunctionalTesting (220)
[2018.12.06-22.11.34:303][419]LogModuleManager: Shutting down and abandoning module CollisionAnalyzer (218)
[2018.12.06-22.11.34:303][419]LogModuleManager: Shutting down and abandoning module WorkspaceMenuStructure (217)
[2018.12.06-22.11.34:303][419]LogModuleManager: Shutting down and abandoning module UMG (214)
[2018.12.06-22.11.34:303][419]LogModuleManager: Shutting down and abandoning module UMGEditor (213)
[2018.12.06-22.11.34:303][419]LogModuleManager: Shutting down and abandoning module Sequencer (212)
[2018.12.06-22.11.34:303][419]LogModuleManager: Shutting down and abandoning module MessageLog (209)
[2018.12.06-22.11.34:303][419]LogModuleManager: Shutting down and abandoning module SlateReflector (204)
[2018.12.06-22.11.34:304][419]LogModuleManager: Shutting down and abandoning module Slate (202)
[2018.12.06-22.11.34:304][419]LogModuleManager: Shutting down and abandoning module EditorStyle (200)
[2018.12.06-22.11.34:305][419]LogModuleManager: Shutting down and abandoning module MRMesh (198)
[2018.12.06-22.11.34:305][419]LogModuleManager: Shutting down and abandoning module SourceCodeAccess (196)
[2018.12.06-22.11.34:305][419]LogModuleManager: Shutting down and abandoning module HeadMountedDisplay (194)
[2018.12.06-22.11.34:305][419]LogModuleManager: Shutting down and abandoning module XAudio2 (192)
[2018.12.06-22.11.34:305][419]LogModuleManager: Shutting down and abandoning module Networking (190)
[2018.12.06-22.11.34:305][419]LogModuleManager: Shutting down and abandoning module Core (188)
[2018.12.06-22.11.34:305][419]LogModuleManager: Shutting down and abandoning module LevelSequence (186)
[2018.12.06-22.11.34:305][419]LogModuleManager: Shutting down and abandoning module KismetCompiler (184)
[2018.12.06-22.11.34:305][419]LogModuleManager: Shutting down and abandoning module MeshUtilities (182)
[2018.12.06-22.11.34:305][419]LogModuleManager: Shutting down and abandoning module MeshMergeUtilities (181)
[2018.12.06-22.11.34:305][419]LogModuleManager: Shutting down and abandoning module MeshReductionInterface (180)
[2018.12.06-22.11.34:305][419]LogModuleManager: Shutting down and abandoning module SimplygonSwarm (179)
[2018.12.06-22.11.34:305][419]LogModuleManager: Shutting down and abandoning module ProxyLODMeshReduction (177)
[2018.12.06-22.11.34:305][419]LogModuleManager: Shutting down and abandoning module SimplygonMeshReduction (175)
[2018.12.06-22.11.34:305][419]LogModuleManager: Shutting down and abandoning module QuadricMeshReduction (173)
[2018.12.06-22.11.34:305][419]LogModuleManager: Shutting down and abandoning module MaterialBaking (169)
[2018.12.06-22.11.34:305][419]LogModuleManager: Shutting down and abandoning module DirectoryWatcher (165)
[2018.12.06-22.11.34:306][419]LogModuleManager: Shutting down and abandoning module DerivedDataCache (162)
[2018.12.06-22.11.34:366][419]LogDerivedDataCache: Shutdown
[2018.12.06-22.11.34:366][419]LogModuleManager: Shutting down and abandoning module XGEController (160)
[2018.12.06-22.11.34:366][419]LogModuleManager: Shutting down and abandoning module TargetPlatform (158)
[2018.12.06-22.11.34:366][419]LogModuleManager: Shutting down and abandoning module VulkanShaderFormat (157)
[2018.12.06-22.11.34:366][419]LogModuleManager: Shutting down and abandoning module ShaderFormatVectorVM (155)
[2018.12.06-22.11.34:366][419]LogModuleManager: Shutting down and abandoning module ShaderFormatOpenGL (153)
[2018.12.06-22.11.34:366][419]LogModuleManager: Shutting down and abandoning module ShaderFormatD3D (151)
[2018.12.06-22.11.34:366][419]LogModuleManager: Shutting down and abandoning module MetalShaderFormat (149)
[2018.12.06-22.11.34:366][419]LogModuleManager: Shutting down and abandoning module TextureFormatUncompressed (147)
[2018.12.06-22.11.34:366][419]LogModuleManager: Shutting down and abandoning module TextureFormatPVR (145)
[2018.12.06-22.11.34:366][419]LogModuleManager: Shutting down and abandoning module TextureFormatDXT (143)
[2018.12.06-22.11.34:366][419]LogModuleManager: Shutting down and abandoning module TextureFormatIntelISPCTexComp (141)
[2018.12.06-22.11.34:366][419]LogModuleManager: Shutting down and abandoning module TextureFormatASTC (139)
[2018.12.06-22.11.34:366][419]LogModuleManager: Shutting down and abandoning module ImageWrapper (138)
[2018.12.06-22.11.34:366][419]LogModuleManager: Shutting down and abandoning module TextureFormatAndroid (135)
[2018.12.06-22.11.34:366][419]LogModuleManager: Shutting down and abandoning module AudioFormatOpus (133)
[2018.12.06-22.11.34:366][419]LogModuleManager: Shutting down and abandoning module AudioFormatOgg (131)
[2018.12.06-22.11.34:366][419]LogModuleManager: Shutting down and abandoning module AudioFormatADPCM (129)
[2018.12.06-22.11.34:366][419]LogModuleManager: Shutting down and abandoning module LuminTargetPlatform (127)
[2018.12.06-22.11.34:366][419]LogModuleManager: Shutting down and abandoning module LinuxTargetPlatform (125)
[2018.12.06-22.11.34:367][419]LogModuleManager: Shutting down and abandoning module LinuxServerTargetPlatform (123)
[2018.12.06-22.11.34:367][419]LogModuleManager: Shutting down and abandoning module LinuxNoEditorTargetPlatform (121)
[2018.12.06-22.11.34:367][419]LogModuleManager: Shutting down and abandoning module LinuxClientTargetPlatform (119)
[2018.12.06-22.11.34:367][419]LogModuleManager: Shutting down and abandoning module TVOSTargetPlatform (117)
[2018.12.06-22.11.34:367][419]LogModuleManager: Shutting down and abandoning module Messaging (115)
[2018.12.06-22.11.34:367][419]LogModuleManager: Shutting down and abandoning module IOSTargetPlatform (113)
[2018.12.06-22.11.34:368][419]LogModuleManager: Shutting down and abandoning module HTML5TargetPlatform (111)
[2018.12.06-22.11.34:368][419]LogModuleManager: Shutting down and abandoning module AndroidTargetPlatform (109)
[2018.12.06-22.11.34:372][419]LogModuleManager: Shutting down and abandoning module WindowsTargetPlatform (107)
[2018.12.06-22.11.34:372][419]LogModuleManager: Shutting down and abandoning module WindowsServerTargetPlatform (105)
[2018.12.06-22.11.34:372][419]LogModuleManager: Shutting down and abandoning module WindowsNoEditorTargetPlatform (103)
[2018.12.06-22.11.34:372][419]LogModuleManager: Shutting down and abandoning module WindowsClientTargetPlatform (101)
[2018.12.06-22.11.34:372][419]LogModuleManager: Shutting down and abandoning module MacTargetPlatform (99)
[2018.12.06-22.11.34:372][419]LogModuleManager: Shutting down and abandoning module MacServerTargetPlatform (97)
[2018.12.06-22.11.34:372][419]LogModuleManager: Shutting down and abandoning module MacNoEditorTargetPlatform (95)
[2018.12.06-22.11.34:372][419]LogModuleManager: Shutting down and abandoning module MacClientTargetPlatform (93)
[2018.12.06-22.11.34:372][419]LogModuleManager: Shutting down and abandoning module AllDesktopTargetPlatform (91)
[2018.12.06-22.11.34:372][419]LogModuleManager: Shutting down and abandoning module InputCore (88)
[2018.12.06-22.11.34:372][419]LogModuleManager: Shutting down and abandoning module Settings (86)
[2018.12.06-22.11.34:372][419]LogModuleManager: Shutting down and abandoning module PhysXCooking (84)
[2018.12.06-22.11.34:372][419]LogModuleManager: Shutting down and abandoning module SteamVR (82)
[2018.12.06-22.11.34:373][419]LogModuleManager: Shutting down and abandoning module OculusHMD (80)
[2018.12.06-22.11.34:373][419]LogModuleManager: Shutting down and abandoning module ExampleDeviceProfileSelector (78)
[2018.12.06-22.11.34:373][419]LogModuleManager: Shutting down and abandoning module LauncherChunkInstaller (76)
[2018.12.06-22.11.34:373][419]LogModuleManager: Shutting down and abandoning module OnlineBlueprintSupport (74)
[2018.12.06-22.11.34:373][419]LogModuleManager: Shutting down and abandoning module OnlineSubsystem (70)
[2018.12.06-22.11.34:373][419]LogModuleManager: Shutting down and abandoning module XMPP (65)
[2018.12.06-22.11.34:373][419]LogModuleManager: Shutting down and abandoning module WebSockets (64)
[2018.12.06-22.11.34:383][419]LogModuleManager: Shutting down and abandoning module HTTP (61)
[2018.12.06-22.11.34:383][419]LogHttp: Display: Http module shutting down, but needs to wait on 1 outstanding Http requests:
[2018.12.06-22.11.34:384][419]LogHttp: Display: 	verb=[POST] url=[https://datarouter.ol.epicgames.com/datarouter/api/v1/public/data?SessionID=%7B652B980D-4E21-C652-22E1-BA8F2961C097%7D&AppID=UEEditor.Rocket.Release&AppVersion=4.20.3-4369336%2B%2B%2BUE4%2BRelease-4.20&UserID=b8c252e74eaf7b5ee113d4bf41162174%7Cc311196f949d45258ffcff734ec02157%7C4036bd02-9206-4c90-8e58-f0342de2accd&AppEnvironment=datacollector-binary&UploadType=eteventstream] status=Processing
[2018.12.06-22.11.34:400][419]LogModuleManager: Shutting down and abandoning module SSL (60)
[2018.12.06-22.11.34:401][419]LogModuleManager: Shutting down and abandoning module MagicLeapEmulator (56)
[2018.12.06-22.11.34:401][419]LogModuleManager: Shutting down and abandoning module MagicLeapPrivileges (54)
[2018.12.06-22.11.34:401][419]LogModuleManager: Shutting down and abandoning module MagicLeapIdentity (52)
[2018.12.06-22.11.34:401][419]LogModuleManager: Shutting down and abandoning module MagicLeapHelperVulkan (50)
[2018.12.06-22.11.34:401][419]LogModuleManager: Shutting down and abandoning module MagicLeapHelperOpenGL (48)
[2018.12.06-22.11.34:401][419]LogModuleManager: Shutting down and abandoning module MagicLeapSecureStorage (46)
[2018.12.06-22.11.34:401][419]LogModuleManager: Shutting down and abandoning module MagicLeapGestures (44)
[2018.12.06-22.11.34:401][419]LogModuleManager: Shutting down and abandoning module MagicLeapEyeTracker (42)
[2018.12.06-22.11.34:401][419]LogModuleManager: Shutting down and abandoning module MagicLeapController (40)
[2018.12.06-22.11.34:401][419]LogSlate: Slate User Destroyed.  User Index 0, Is Virtual User: 0
[2018.12.06-22.11.34:401][419]LogModuleManager: Shutting down and abandoning module MagicLeap (38)
[2018.12.06-22.11.34:402][419]LogModuleManager: Shutting down and abandoning module AnimationModifiers (36)
[2018.12.06-22.11.34:402][419]LogModuleManager: Shutting down and abandoning module PropertyEditor (35)
[2018.12.06-22.11.34:402][419]LogModuleManager: Shutting down and abandoning module AudioEditor (32)
[2018.12.06-22.11.34:402][419]LogModuleManager: Shutting down and abandoning module TextureCompressor (30)
[2018.12.06-22.11.34:402][419]LogModuleManager: Shutting down and abandoning module ShaderCore (28)
[2018.12.06-22.11.34:402][419]LogModuleManager: Shutting down and abandoning module Landscape (26)
[2018.12.06-22.11.34:402][419]LogModuleManager: Shutting down and abandoning module SlateRHIRenderer (24)
[2018.12.06-22.11.34:402][419]LogModuleManager: Shutting down and abandoning module OpenGLDrv (22)
[2018.12.06-22.11.34:402][419]LogModuleManager: Shutting down and abandoning module D3D11RHI (20)
[2018.12.06-22.11.34:402][419]LogModuleManager: Shutting down and abandoning module AnimGraphRuntime (18)
[2018.12.06-22.11.34:402][419]LogModuleManager: Shutting down and abandoning module Renderer (16)
[2018.12.06-22.11.34:402][419]LogModuleManager: Shutting down and abandoning module Engine (14)
[2018.12.06-22.11.34:402][419]LogModuleManager: Shutting down and abandoning module CoreUObject (12)
[2018.12.06-22.11.34:402][419]LogModuleManager: Shutting down and abandoning module NetworkFile (10)
[2018.12.06-22.11.34:402][419]LogModuleManager: Shutting down and abandoning module CookedIterativeFile (8)
[2018.12.06-22.11.34:402][419]LogModuleManager: Shutting down and abandoning module StreamingFile (6)
[2018.12.06-22.11.34:402][419]LogModuleManager: Shutting down and abandoning module SandboxFile (4)
[2018.12.06-22.11.34:402][419]LogModuleManager: Shutting down and abandoning module PakFile (2)
[2018.12.06-22.11.34:410][419]LogExit: Exiting.
[2018.12.06-22.11.34:429][419]Log file closed, 12/06/18 17:11:34
