Log file open, 12/07/18 03:03:12
LogWindows: Failed to load 'aqProf.dll' (GetLastError=126)
LogWindows: File 'aqProf.dll' does not exist
LogWindows: Failed to load 'VSPerf140.dll' (GetLastError=126)
LogWindows: File 'VSPerf140.dll' does not exist
LogWindows: Failed to load 'VtuneApi.dll' (GetLastError=126)
LogWindows: File 'VtuneApi.dll' does not exist
LogWindows: Failed to load 'VtuneApi32e.dll' (GetLastError=126)
LogWindows: File 'VtuneApi32e.dll' does not exist
LogInit: Display: Running engine for game: MyProject2
LogPlatformFile: Not using cached read wrapper
LogTaskGraph: Started task graph with 5 named threads and 11 total threads with 3 sets of task threads.
LogStats: Stats thread started at 0.270277
LogD3D11RHI: Loaded GFSDK_Aftermath_Lib.x64.dll
LogICUInternationalization: Display: ICU TimeZone Detection - Raw Offset: -5:00, Platform Override: ''
LogPluginManager: Mounting plugin Paper2D
LogPluginManager: Mounting plugin AISupport
LogPluginManager: Mounting plugin LightPropagationVolume
LogPluginManager: Mounting plugin CLionSourceCodeAccess
LogPluginManager: Mounting plugin CodeLiteSourceCodeAccess
LogPluginManager: Mounting plugin GitSourceControl
LogPluginManager: Mounting plugin KDevelopSourceCodeAccess
LogPluginManager: Mounting plugin NullSourceCodeAccess
LogPluginManager: Mounting plugin PerforceSourceControl
LogPluginManager: Mounting plugin SubversionSourceControl
LogPluginManager: Mounting plugin UObjectPlugin
LogPluginManager: Mounting plugin VisualStudioCodeSourceCodeAccess
LogPluginManager: Mounting plugin VisualStudioSourceCodeAccess
LogPluginManager: Mounting plugin XCodeSourceCodeAccess
LogPluginManager: Mounting plugin AssetManagerEditor
LogPluginManager: Mounting plugin CryptoKeys
LogPluginManager: Mounting plugin DataValidation
LogPluginManager: Mounting plugin FacialAnimation
LogPluginManager: Mounting plugin GameplayTagsEditor
LogPluginManager: Mounting plugin MacGraphicsSwitching
LogPluginManager: Mounting plugin MeshEditor
LogPluginManager: Mounting plugin MobileLauncherProfileWizard
LogPluginManager: Mounting plugin PluginBrowser
LogPluginManager: Mounting plugin SpeedTreeImporter
LogPluginManager: Mounting plugin DatasmithContent
LogPluginManager: Mounting plugin AlembicImporter
LogPluginManager: Mounting plugin AppleImageUtils
LogPluginManager: Mounting plugin AppleVision
LogPluginManager: Mounting plugin BackChannel
LogPluginManager: Mounting plugin CharacterAI
LogPluginManager: Mounting plugin GeometryCache
LogPluginManager: Mounting plugin HTML5Networking
LogPluginManager: Mounting plugin ProxyLODPlugin
LogPluginManager: Mounting plugin MagicLeap
LogPluginManager: Mounting plugin MagicLeapEmulator
LogPluginManager: Mounting plugin MagicLeapMedia
LogPluginManager: Mounting plugin AndroidMedia
LogPluginManager: Mounting plugin AvfMedia
LogPluginManager: Mounting plugin ImgMedia
LogPluginManager: Mounting plugin LinearTimecode
LogPluginManager: Mounting plugin MediaCompositing
LogPluginManager: Mounting plugin MediaPlayerEditor
LogPluginManager: Mounting plugin WmfMedia
LogPluginManager: Mounting plugin TcpMessaging
LogPluginManager: Mounting plugin UdpMessaging
LogPluginManager: Mounting plugin ActorSequence
LogPluginManager: Mounting plugin LevelSequenceEditor
LogPluginManager: Mounting plugin MatineeToLevelSequence
LogPluginManager: Mounting plugin NetcodeUnitTest
LogPluginManager: Mounting plugin NUTUnrealEngine4
LogPluginManager: Mounting plugin OnlineSubsystemGooglePlay
LogPluginManager: Mounting plugin OnlineSubsystemIOS
LogPluginManager: Mounting plugin OnlineSubsystem
LogPluginManager: Mounting plugin OnlineSubsystemNull
LogPluginManager: Mounting plugin OnlineSubsystemUtils
LogPluginManager: Mounting plugin LauncherChunkInstaller
LogPluginManager: Mounting plugin AndroidDeviceProfileSelector
LogPluginManager: Mounting plugin AndroidMoviePlayer
LogPluginManager: Mounting plugin AndroidPermission
LogPluginManager: Mounting plugin AppleMoviePlayer
LogPluginManager: Mounting plugin ArchVisCharacter
LogPluginManager: Mounting plugin AudioCapture
LogPluginManager: Mounting plugin CableComponent
LogPluginManager: Mounting plugin CustomMeshComponent
LogPluginManager: Mounting plugin EditableMesh
LogPluginManager: Mounting plugin ExampleDeviceProfileSelector
LogPluginManager: Mounting plugin GoogleCloudMessaging
LogPluginManager: Mounting plugin ImmediatePhysics
LogPluginManager: Mounting plugin IOSDeviceProfileSelector
LogPluginManager: Mounting plugin LinuxDeviceProfileSelector
LogPluginManager: Mounting plugin LocationServicesBPLibrary
LogPluginManager: Mounting plugin MobilePatchingUtils
LogPluginManager: Mounting plugin OculusVR
LogPluginManager: Plugin shader directory ../../../Engine/Plugins/Runtime/Oculus/OculusVR/Shaders found
LogPluginManager: Mapping shader source directory ../../../Engine/Plugins/Runtime/Oculus/OculusVR/Shaders to virtual directory /Plugin/OculusVR
LogPluginManager: Mounting plugin PhysXVehicles
LogPluginManager: Mounting plugin ProceduralMeshComponent
LogPluginManager: Mounting plugin RuntimePhysXCooking
LogPluginManager: Mounting plugin SteamVR
LogPluginManager: Mounting plugin WindowsMoviePlayer
LogStreaming: Display: Took  0.252s to configure plugins.
LogInit: Using libcurl 7.55.1-DEV
LogInit:  - built for x86_64-pc-win32
LogInit:  - supports SSL with OpenSSL/1.0.2h
LogInit:  - supports HTTP deflate (compression) using libz 1.2.8
LogInit:  - other features:
LogInit:      CURL_VERSION_SSL
LogInit:      CURL_VERSION_LIBZ
LogInit:      CURL_VERSION_IPV6
LogInit:      CURL_VERSION_ASYNCHDNS
LogInit:      CURL_VERSION_LARGEFILE
LogInit:      CURL_VERSION_IDN
LogInit:  CurlRequestOptions (configurable via config and command line):
LogInit:  - bVerifyPeer = false  - Libcurl will NOT verify peer certificate
LogInit:  - bUseHttpProxy = false  - Libcurl will NOT use HTTP proxy
LogInit:  - bDontReuseConnections = false  - Libcurl will reuse connections
LogInit:  - CertBundlePath = nullptr  - Libcurl will use whatever was configured at build time.
LogInit:  - MaxHostConnections = 16  - Libcurl will limit the number of connections to a host
LogInit:  - LocalHostAddr = Default
LogInit:  - BufferSize = 65536
LogInit: WinSock: version 1.1 (2.2), MaxSocks=32767, MaxUdp=65467
LogInit: Build: ++UE4+Release-4.20-CL-4369336
LogInit: Engine Version: 4.20.3-4369336+++UE4+Release-4.20
LogInit: Compatible Engine Version: 4.20.0-4212847+++UE4+Release-4.20
LogInit: Net CL: 4212847
LogInit: OS: Windows 10 (), CPU: Intel(R) Core(TM) i7-7500U CPU @ 2.70GHz, GPU: Intel(R) HD Graphics 620
LogInit: Compiled (64-bit): Sep 17 2018 12:26:19
LogInit: Compiled with Visual C++: 19.13.26129.00
LogInit: Build Configuration: Development
LogInit: Branch Name: ++UE4+Release-4.20
LogInit: Command Line: 
LogInit: Base Directory: C:/Program Files/Epic Games/UE_4.20/Engine/Binaries/Win64/
LogInit: Installed Engine Build: 1
LogDevObjectVersion: Number of dev versions registered: 20
LogDevObjectVersion:   Dev-Blueprints (B0D832E4-1F89-4F0D-ACCF-7EB736FD4AA2): 10
LogDevObjectVersion:   Dev-Build (E1C64328-A22C-4D53-A36C-8E866417BD8C): 0
LogDevObjectVersion:   Dev-Core (375EC13C-06E4-48FB-B500-84F0262A717E): 2
LogDevObjectVersion:   Dev-Editor (E4B068ED-F494-42E9-A231-DA0B2E46BB41): 24
LogDevObjectVersion:   Dev-Framework (CFFC743F-43B0-4480-9391-14DF171D2073): 34
LogDevObjectVersion:   Dev-Mobile (B02B49B5-BB20-44E9-A304-32B752E40360): 2
LogDevObjectVersion:   Dev-Networking (A4E4105C-59A1-49B5-A7C5-40C4547EDFEE): 0
LogDevObjectVersion:   Dev-Online (39C831C9-5AE6-47DC-9A44-9C173E1C8E7C): 0
LogDevObjectVersion:   Dev-Physics (78F01B33-EBEA-4F98-B9B4-84EACCB95AA2): 0
LogDevObjectVersion:   Dev-Platform (6631380F-2D4D-43E0-8009-CF276956A95A): 0
LogDevObjectVersion:   Dev-Rendering (12F88B9F-8875-4AFC-A67C-D90C383ABD29): 26
LogDevObjectVersion:   Dev-Sequencer (7B5AE74C-D270-4C10-A958-57980B212A5A): 9
LogDevObjectVersion:   Dev-VR (D7296918-1DD6-4BDD-9DE2-64A83CC13884): 2
LogDevObjectVersion:   Dev-LoadTimes (C2A15278-BFE7-4AFE-6C17-90FF531DF755): 1
LogDevObjectVersion:   Private-Geometry (6EACA3D4-40EC-4CC1-B786-8BED09428FC5): 3
LogDevObjectVersion:   Dev-AnimPhys (29E575DD-E0A3-4627-9D10-D276232CDCEA): 17
LogDevObjectVersion:   Dev-ReflectionCapture (6B266CEC-1EC7-4B8F-A30B-E4D90942FC07): 1
LogDevObjectVersion:   Dev-Automation (0DF73D61-A23F-47EA-B727-89E90C41499A): 1
LogDevObjectVersion:   FortniteMain (601D1886-AC64-4F84-AA16-D3DE0DEAC7D6): 12
LogDevObjectVersion:   Dev-Enterprise (9DFFBCD6-494F-0158-E221-12823C92A888): 1
LogStreaming: Display: Took  0.007s to delete old logs.
LogInit: Presizing for max 8388607 objects, including 0 objects not considered by GC, pre-allocating 0 bytes for permanent pool.
LogInit: Object subsystem initialized
[2018.12.07-08.03.13:442][  0]LogInit: Selected Device Profile: [Windows]
[2018.12.07-08.03.13:442][  0]LogInit: Applying CVar settings loaded from the selected device profile: [Windows]
[2018.12.07-08.03.13:473][  0]LogHAL: Display: Platform has ~ 8 GB [8425320448 / 8589934592 / 8], which maps to Default [LargestMinGB=32, LargerMinGB=12, DefaultMinGB=8, SmallerMinGB=6, SmallestMinGB=0)
[2018.12.07-08.03.13:474][  0]LogInit: Setting Device Profile CVar: [[r.Vulkan.UseRealUBs:1]]
[2018.12.07-08.03.13:474][  0]LogInit: Going up to parent DeviceProfile []
[2018.12.07-08.03.13:474][  0]LogInit: Computer: LAPTOP-Q6FHCA5H
[2018.12.07-08.03.13:474][  0]LogInit: User: WilliamYao
[2018.12.07-08.03.13:474][  0]LogInit: CPU Page size=4096, Cores=2
[2018.12.07-08.03.13:474][  0]LogInit: High frequency timer resolution =24.000000 MHz
[2018.12.07-08.03.13:475][  0]LogMemory: Memory total: Physical=7.8GB (8GB approx)
[2018.12.07-08.03.13:475][  0]LogMemory: Platform Memory Stats for Windows
[2018.12.07-08.03.13:475][  0]LogMemory: Process Physical Memory: 103.01 MB used, 103.01 MB peak
[2018.12.07-08.03.13:475][  0]LogMemory: Process Virtual Memory: 86.70 MB used, 86.70 MB peak
[2018.12.07-08.03.13:475][  0]LogMemory: Physical Memory: 5560.36 MB used,  2474.65 MB free, 8035.01 MB total
[2018.12.07-08.03.13:475][  0]LogMemory: Virtual Memory: 4623.62 MB used,  2474.65 MB free, 134217728.00 MB total
[2018.12.07-08.03.13:507][  0]LogInit: Using OS detected language (en-US).
[2018.12.07-08.03.13:507][  0]LogInit: Using OS detected locale (en-US).
[2018.12.07-08.03.13:509][  0]LogTextLocalizationManager: No specific localization for 'en-US' exists, so the 'en' localization will be used.
[2018.12.07-08.03.14:197][  0]LogStreaming: Display: Took  0.691s to InitEngineTextLocalization.
[2018.12.07-08.03.14:198][  0]LogInit: Setting process to per monitor DPI aware
[2018.12.07-08.03.14:271][  0]LogSlate: New Slate User Created.  User Index 0, Is Virtual User: 0
[2018.12.07-08.03.14:271][  0]LogSlate: Slate User Registered.  User Index 0, Is Virtual User: 0
[2018.12.07-08.03.14:669][  0]LogHMD: Failed to initialize OpenVR with code 110
[2018.12.07-08.03.14:670][  0]LogD3D11RHI: D3D11 adapters:
[2018.12.07-08.03.14:681][  0]LogD3D11RHI:    0. 'Intel(R) HD Graphics 620' (Feature Level 11_0)
[2018.12.07-08.03.14:681][  0]LogD3D11RHI:       128/0/4017 MB DedicatedVideo/DedicatedSystem/SharedSystem, Outputs:1, VendorId:0x8086
[2018.12.07-08.03.14:723][  0]LogD3D11RHI:    1. 'AMD Radeon (TM) R7 M460' (Feature Level 11_0)
[2018.12.07-08.03.14:723][  0]LogD3D11RHI:       2039/0/4017 MB DedicatedVideo/DedicatedSystem/SharedSystem, Outputs:0, VendorId:0x1002
[2018.12.07-08.03.14:727][  0]LogD3D11RHI:    2. 'Microsoft Basic Render Driver' (Feature Level 11_0)
[2018.12.07-08.03.14:727][  0]LogD3D11RHI:       0/0/4017 MB DedicatedVideo/DedicatedSystem/SharedSystem, Outputs:0, VendorId:0x1414
[2018.12.07-08.03.14:727][  0]LogD3D11RHI: Chosen D3D11 Adapter: 1
[2018.12.07-08.03.14:740][  0]LogD3D11RHI: Creating new Direct3DDevice
[2018.12.07-08.03.14:740][  0]LogD3D11RHI:     GPU DeviceId: 0x6900 (for the marketing name, search the web for "GPU Device Id")
[2018.12.07-08.03.14:740][  0]LogWindows: EnumDisplayDevices:
[2018.12.07-08.03.14:741][  0]LogWindows:    0. 'Intel(R) HD Graphics 620' (P:1 D:1)
[2018.12.07-08.03.14:741][  0]LogWindows:    1. 'Intel(R) HD Graphics 620' (P:0 D:0)
[2018.12.07-08.03.14:742][  0]LogWindows:    2. 'Intel(R) HD Graphics 620' (P:0 D:0)
[2018.12.07-08.03.14:742][  0]LogWindows: DebugString: PrimaryIsNotTheChoosenAdapter PrimaryIsNotTheChoosenAdapter PrimaryIsNotTheChoosenAdapter FoundDriverCount:0 
[2018.12.07-08.03.14:742][  0]LogD3D11RHI:     Adapter Name: AMD Radeon (TM) R7 M460
[2018.12.07-08.03.14:742][  0]LogD3D11RHI:   Driver Version: Unknown (internal:Unknown, unified:Unknown)
[2018.12.07-08.03.14:742][  0]LogD3D11RHI:      Driver Date: Unknown
[2018.12.07-08.03.14:742][  0]LogRHI: Texture pool is 1427 MB (70% of 2039 MB)
[2018.12.07-08.03.14:798][  0]LogD3D11RHI: Async texture creation enabled
[2018.12.07-08.03.14:819][  0]LogD3D11RHI: GPU Timing Frequency: 27.000000 (Debug: 2 1)
[2018.12.07-08.03.14:822][  0]LogShaderCompilers: Guid format shader working directory is -11 characters bigger than the processId version (../../../../../../Users/William Yao/Desktop/Empathy/MyProject2/Intermediate/Shaders/WorkingDirectory/18616/).
[2018.12.07-08.03.14:823][  0]LogShaderCompilers: Cleaned the shader compiler working directory 'C:/Users/William Yao/AppData/Local/Temp/UnrealShaderWorkingDir/D9A1CAE74CC42FF2D2558B8BF5A432F2/'.
[2018.12.07-08.03.15:461][  0]LogTemp: Display: Loaded TP AllDesktopTargetPlatform
[2018.12.07-08.03.15:496][  0]LogTemp: Display: Loaded TP MacClientTargetPlatform
[2018.12.07-08.03.15:530][  0]LogTemp: Display: Loaded TP MacNoEditorTargetPlatform
[2018.12.07-08.03.15:565][  0]LogTemp: Display: Loaded TP MacServerTargetPlatform
[2018.12.07-08.03.15:601][  0]LogTemp: Display: Loaded TP MacTargetPlatform
[2018.12.07-08.03.15:635][  0]LogTemp: Display: Loaded TP WindowsClientTargetPlatform
[2018.12.07-08.03.15:669][  0]LogTemp: Display: Loaded TP WindowsNoEditorTargetPlatform
[2018.12.07-08.03.15:704][  0]LogTemp: Display: Loaded TP WindowsServerTargetPlatform
[2018.12.07-08.03.15:720][  0]LogTemp: Display: Loaded TP WindowsTargetPlatform
[2018.12.07-08.03.15:928][  0]LogTemp: Display: Loaded TP AndroidTargetPlatform
[2018.12.07-08.03.15:928][  0]LogTemp: Display: Loaded TP AndroidTargetPlatform
[2018.12.07-08.03.15:928][  0]LogTemp: Display: Loaded TP AndroidTargetPlatform
[2018.12.07-08.03.15:928][  0]LogTemp: Display: Loaded TP AndroidTargetPlatform
[2018.12.07-08.03.15:928][  0]LogTemp: Display: Loaded TP AndroidTargetPlatform
[2018.12.07-08.03.15:928][  0]LogTemp: Display: Loaded TP AndroidTargetPlatform
[2018.12.07-08.03.15:928][  0]LogTemp: Display: Loaded TP AndroidTargetPlatform
[2018.12.07-08.03.15:928][  0]LogTemp: Display: Loaded TP AndroidTargetPlatform
[2018.12.07-08.03.15:928][  0]LogTemp: Display: Loaded TP AndroidTargetPlatform
[2018.12.07-08.03.15:928][  0]LogTemp: Display: Loaded TP AndroidTargetPlatform
[2018.12.07-08.03.15:928][  0]LogTemp: Display: Loaded TP AndroidTargetPlatform
[2018.12.07-08.03.15:928][  0]LogTemp: Display: Loaded TP AndroidTargetPlatform
[2018.12.07-08.03.15:928][  0]LogTemp: Display: Loaded TP AndroidTargetPlatform
[2018.12.07-08.03.15:928][  0]LogTemp: Display: Loaded TP AndroidTargetPlatform
[2018.12.07-08.03.15:928][  0]LogTemp: Display: Loaded TP AndroidTargetPlatform
[2018.12.07-08.03.15:929][  0]LogTemp: Display: Loaded TP AndroidTargetPlatform
[2018.12.07-08.03.15:929][  0]LogTemp: Display: Loaded TP AndroidTargetPlatform
[2018.12.07-08.03.15:929][  0]LogTemp: Display: Loaded TP AndroidTargetPlatform
[2018.12.07-08.03.15:933][  0]LogTemp: Display: Loaded TP HTML5TargetPlatform
[2018.12.07-08.03.16:035][  0]LogTemp: Display: Loaded TP IOSTargetPlatform
[2018.12.07-08.03.16:035][  0]LogTemp: Display: Loaded TP IOSTargetPlatform
[2018.12.07-08.03.16:094][  0]LogTemp: Display: Loaded TP TVOSTargetPlatform
[2018.12.07-08.03.16:094][  0]LogTemp: Display: Loaded TP TVOSTargetPlatform
[2018.12.07-08.03.16:125][  0]LogTemp: Display: Loaded TP LinuxClientTargetPlatform
[2018.12.07-08.03.16:157][  0]LogTemp: Display: Loaded TP LinuxNoEditorTargetPlatform
[2018.12.07-08.03.16:189][  0]LogTemp: Display: Loaded TP LinuxServerTargetPlatform
[2018.12.07-08.03.16:221][  0]LogTemp: Display: Loaded TP LinuxTargetPlatform
[2018.12.07-08.03.16:243][  0]LogTemp: Display: Loaded TP LuminTargetPlatform
[2018.12.07-08.03.16:243][  0]LogTargetPlatformManager: Display: Building Assets For Windows
[2018.12.07-08.03.16:390][  0]LogXGEController: Cannot use XGE Controller as Incredibuild is not installed on this machine.
[2018.12.07-08.03.16:390][  0]LogShaderCompilers: Cannot use XGE Shader Compiler as Incredibuild is not installed on this machine.
[2018.12.07-08.03.16:390][  0]LogShaderCompilers: Display: Using Local Shader Compiler.
[2018.12.07-08.03.19:004][  0]LogDerivedDataCache: Display: Max Cache Size: 512 MB
[2018.12.07-08.03.19:115][  0]LogDerivedDataCache: Loaded boot cache 0.11s 71MB C:/Users/William Yao/AppData/Local/UnrealEngine/4.20/DerivedDataCache/Boot.ddc.
[2018.12.07-08.03.19:115][  0]LogDerivedDataCache: Display: Loaded Boot cache: C:/Users/William Yao/AppData/Local/UnrealEngine/4.20/DerivedDataCache/Boot.ddc
[2018.12.07-08.03.19:115][  0]LogDerivedDataCache: FDerivedDataBackendGraph:  Pak pak cache file ../../../../../../Users/William Yao/Desktop/Empathy/MyProject2/DerivedDataCache/DDC.ddp not found, will not use a pak cache.
[2018.12.07-08.03.19:115][  0]LogDerivedDataCache: Unable to find inner node Pak for hierarchical cache Hierarchy.
[2018.12.07-08.03.19:115][  0]LogDerivedDataCache: FDerivedDataBackendGraph:  CompressedPak pak cache file ../../../../../../Users/William Yao/Desktop/Empathy/MyProject2/DerivedDataCache/Compressed.ddp not found, will not use a pak cache.
[2018.12.07-08.03.19:115][  0]LogDerivedDataCache: Unable to find inner node CompressedPak for hierarchical cache Hierarchy.
[2018.12.07-08.03.19:144][  0]LogDerivedDataCache: Display: Pak cache opened for reading ../../../Engine/DerivedDataCache/Compressed.ddp.
[2018.12.07-08.03.19:157][  0]LogDerivedDataCache: Using Local data cache path C:/Users/William Yao/AppData/Local/UnrealEngine/Common/DerivedDataCache: Writable
[2018.12.07-08.03.19:157][  0]LogDerivedDataCache: Shared data cache path not found in *engine.ini, will not use an Shared cache.
[2018.12.07-08.03.19:157][  0]LogDerivedDataCache: Unable to find inner node Shared for hierarchical cache Hierarchy.
[2018.12.07-08.03.19:205][  0]LogMaterial: Verifying Global Shaders for PCD3D_SM5
[2018.12.07-08.03.19:208][  0]LogSlate: Using FreeType 2.6.0
[2018.12.07-08.03.19:209][  0]LogSlate: SlateFontServices - WITH_FREETYPE: 1, WITH_HARFBUZZ: 1
[2018.12.07-08.03.19:342][  0]LogAssetRegistry: FAssetRegistry took 0.0334 seconds to start up
[2018.12.07-08.03.20:143][  0]LogInit: Selected Device Profile: [Windows]
[2018.12.07-08.03.20:502][  0]LogSimplygon: Simplygon DLL not present - disabling.
[2018.12.07-08.03.20:510][  0]LogMeshReduction: Using SimplygonSwarm for distributed automatic mesh merging
[2018.12.07-08.03.20:510][  0]LogMeshReduction: Using ProxyLODMeshReduction for automatic mesh merging
[2018.12.07-08.03.20:510][  0]LogMeshReduction: Using QuadricMeshReduction for automatic static mesh reduction
[2018.12.07-08.03.20:510][  0]LogMeshReduction: No automatic skeletal mesh reduction module available
[2018.12.07-08.03.20:560][  0]LogNetVersion: MyProject2 1.0.0, NetCL: 4212847, EngineNetVer: 5, GameNetVer: 0 (Checksum: 1482868377)
[2018.12.07-08.03.22:181][  0]LogPackageLocalizationCache: Processed 11 localized package path(s) for 2 prioritized culture(s) in 0.369443 seconds
[2018.12.07-08.03.22:195][  0]LogUObjectArray: 38425 objects as part of root set at end of initial load.
[2018.12.07-08.03.22:195][  0]LogUObjectAllocator: 6690864 out of 0 bytes used by permanent object pool.
[2018.12.07-08.03.22:195][  0]LogUObjectArray: CloseDisregardForGC: 0/0 objects in disregard for GC pool
[2018.12.07-08.03.24:181][  0]LogTcpMessaging: Initializing TcpMessaging bridge
[2018.12.07-08.03.24:196][  0]LogUdpMessaging: Initializing bridge on interface 0.0.0.0:0 to multicast group 230.0.0.1:6666.
[2018.12.07-08.03.24:465][  0]SourceControl: Source control is disabled
[2018.12.07-08.03.24:466][  0]SourceControl: Source control is disabled
[2018.12.07-08.03.24:468][  0]SourceControl: Source control is disabled
[2018.12.07-08.03.24:470][  0]SourceControl: Source control is disabled
[2018.12.07-08.03.24:758][  0]LogAndroidPermission: UAndroidPermissionCallbackProxy::GetInstance
[2018.12.07-08.03.24:856][  0]LogOcInput: OculusInput pre-init called
[2018.12.07-08.03.25:022][  0]LogEngine: Initializing Engine...
[2018.12.07-08.03.25:023][  0]LogHMD: Failed to initialize OpenVR with code 110
[2018.12.07-08.03.25:026][  0]LogStats: UGameplayTagsManager::ConstructGameplayTagTree: ImportINI prefixes -  0.000 s
[2018.12.07-08.03.25:027][  0]LogStats: UGameplayTagsManager::ConstructGameplayTagTree: Construct from data asset -  0.000 s
[2018.12.07-08.03.25:027][  0]LogStats: UGameplayTagsManager::ConstructGameplayTagTree: ImportINI -  0.000 s
[2018.12.07-08.03.25:027][  0]LogStats: UGameplayTagsManager::ConstructGameplayTagTree: GameplayTagTreeChangedEvent.Broadcast -  0.000 s
[2018.12.07-08.03.25:684][  0]LogInit: Initializing FReadOnlyCVARCache
[2018.12.07-08.03.25:730][  0]LogAIModule: Creating AISystem for world Untitled
[2018.12.07-08.03.25:748][  0]LogInit: XAudio2 using 'Speakers (Realtek High Definition Audio)' : 2 channels at 48 kHz using 32 bits per sample (channel mask 0x3)
[2018.12.07-08.03.26:899][  0]LogInit: FAudioDevice initialized.
[2018.12.07-08.03.26:899][  0]LogNetVersion: Set ProjectVersion to 1.0.0.0. Version Checksum will be recalculated on next use.
[2018.12.07-08.03.26:995][  0]LogDerivedDataCache: Saved boot cache 0.09s 71MB C:/Users/William Yao/AppData/Local/UnrealEngine/4.20/DerivedDataCache/Boot.ddc.
[2018.12.07-08.03.27:002][  0]LogInit: Texture streaming: Enabled
[2018.12.07-08.03.27:044][  0]LogEngineSessionManager: EngineSessionManager initialized
[2018.12.07-08.03.27:078][  0]LogInit: Transaction tracking system initialized
[2018.12.07-08.03.27:134][  0]BlueprintLog: New page: Editor Load
[2018.12.07-08.03.27:311][  0]LocalizationService: Localization service is disabled
[2018.12.07-08.03.27:943][  0]LogCook: Display: Max memory allowance for cook 16384mb min free memory 0mb
[2018.12.07-08.03.27:943][  0]LogCook: Display: Mobile HDR setting 1
[2018.12.07-08.03.27:943][  0]LogGameplayTags: Display: UGameplayTagsManager::DoneAddingNativeTags. DelegateIsBound: 0
[2018.12.07-08.03.27:943][  0]LogStats: UGameplayTagsManager::ConstructGameplayTagTree: ImportINI prefixes -  0.000 s
[2018.12.07-08.03.27:943][  0]LogStats: UGameplayTagsManager::ConstructGameplayTagTree: Construct from data asset -  0.000 s
[2018.12.07-08.03.27:944][  0]LogStats: UGameplayTagsManager::ConstructGameplayTagTree: ImportINI -  0.000 s
[2018.12.07-08.03.27:944][  0]LogStats: UGameplayTagsManager::ConstructGameplayTagTree: GameplayTagTreeChangedEvent.Broadcast -  0.000 s
[2018.12.07-08.03.28:081][  0]LogFileCache: Scanning file cache for directory 'C:/Users/William Yao/Desktop/Empathy/MyProject2/Content/' took 0.02s
[2018.12.07-08.03.28:199][  0]SourceControl: Source control is disabled
[2018.12.07-08.03.28:199][  0]Cmd: MAP LOAD FILE="../../../../../../Users/William Yao/Desktop/Empathy/MyProject2/Content/Maps/Start.umap" TEMPLATE=0 SHOWPROGRESS=1 FEATURELEVEL=3
[2018.12.07-08.03.28:200][  0]LightingResults: New page: Lighting Build
[2018.12.07-08.03.28:206][  0]MapCheck: New page: Map Check
[2018.12.07-08.03.28:206][  0]LightingResults: New page: Lighting Build
[2018.12.07-08.03.28:313][  0]LogAIModule: Creating AISystem for world Start
[2018.12.07-08.03.28:315][  0]LogEditorServer: Finished looking for orphan Actors (0.000 secs)
[2018.12.07-08.03.28:349][  0]Cmd: MAP CHECKDEP NOCLEARLOG
[2018.12.07-08.03.28:488][  0]MapCheck: Map check complete: 0 Error(s), 0 Warning(s), took 138.474ms to complete.
[2018.12.07-08.03.28:488][  0]LogFileHelpers: Loading map 'Start' took 0.288
[2018.12.07-08.03.28:639][  0]LogSlate: Updating window title bar state: overlay mode, drag disabled, window buttons hidden, title bar hidden
[2018.12.07-08.03.28:655][  0]LogSlate: Updating window title bar state: overlay mode, drag disabled, window buttons hidden, title bar hidden
[2018.12.07-08.03.28:670][  0]LogSlate: Updating window title bar state: overlay mode, drag disabled, window buttons hidden, title bar hidden
[2018.12.07-08.03.28:687][  0]LogSlate: Updating window title bar state: overlay mode, drag disabled, window buttons hidden, title bar hidden
[2018.12.07-08.03.28:702][  0]LogCollectionManager: Loaded 0 collections in 0.004421 seconds
[2018.12.07-08.03.28:750][  0]LogFileCache: Scanning file cache for directory 'C:/Users/William Yao/Desktop/Empathy/MyProject2/Saved/Collections/' took 0.01s
[2018.12.07-08.03.28:750][  0]LogFileCache: Scanning file cache for directory 'C:/Users/William Yao/Desktop/Empathy/MyProject2/Content/Developers/WilliamYao/Collections/' took 0.01s
[2018.12.07-08.03.28:751][  0]LogFileCache: Scanning file cache for directory 'C:/Users/William Yao/Desktop/Empathy/MyProject2/Content/Collections/' took 0.01s
[2018.12.07-08.03.28:751][  0]LogCollectionManager: Rebuilt the GUID cache for 0 collections in 0.000009 seconds
[2018.12.07-08.03.28:774][  0]LogContentBrowser: Native class hierarchy populated in 0.0234 seconds. Added 2572 classes and 603 folders.
[2018.12.07-08.03.28:789][  0]LogContentBrowser: Native class hierarchy updated for 'WidgetCarousel' in 0.0004 seconds. Added 0 classes and 0 folders.
[2018.12.07-08.03.28:900][  0]LogContentBrowser: Native class hierarchy updated for 'AddContentDialog' in 0.0004 seconds. Added 0 classes and 0 folders.
[2018.12.07-08.03.28:911][  0]LogContentBrowser: Native class hierarchy updated for 'SceneOutliner' in 0.0005 seconds. Added 1 classes and 2 folders.
[2018.12.07-08.03.28:992][  0]LogContentBrowser: Native class hierarchy updated for 'HierarchicalLODOutliner' in 0.0005 seconds. Added 0 classes and 0 folders.
[2018.12.07-08.03.28:992][  0]LogLoad: (Engine Initialization) Total time: 19.24 seconds
[2018.12.07-08.03.28:992][  0]LogLoad: (Engine Initialization) Total Blueprint compile time: 0.00 seconds
[2018.12.07-08.03.29:012][  0]LogWindowsTextInputMethodSystem: Display: IME system now deactivated.
[2018.12.07-08.03.29:039][  0]LogContentStreaming: Texture pool size now 1000 MB
[2018.12.07-08.03.29:041][  0]LogSlate: Took 0.000346 seconds to synchronously load lazily loaded font '../../../Engine/Content/Slate/Fonts/Roboto-Regular.ttf' (155K)
[2018.12.07-08.03.29:044][  0]LogSlate: Took 0.000324 seconds to synchronously load lazily loaded font '../../../Engine/Content/Slate/Fonts/Roboto-Bold.ttf' (160K)
[2018.12.07-08.03.29:054][  0]LogSlate: Took 0.000383 seconds to synchronously load lazily loaded font '../../../Engine/Content/Editor/Slate/Fonts/FontAwesome.ttf' (139K)
[2018.12.07-08.03.29:304][  2]LogRenderer: Reallocating scene render targets to support 968x432 Format 10 NumSamples 1 (Frame:1).
[2018.12.07-08.03.29:614][  4]LogSlate: Took 0.000314 seconds to synchronously load lazily loaded font '../../../Engine/Content/Slate/Fonts/Roboto-Light.ttf' (167K)
[2018.12.07-08.03.29:719][  7]LogAssetRegistry: Asset discovery search completed in 10.3998 seconds
[2018.12.07-08.03.29:724][  7]LogCollectionManager: Rebuilt the object cache for 0 collections in 0.000009 seconds (found 0 objects)
[2018.12.07-08.03.29:724][  7]LogCollectionManager: Fixed up redirectors for 0 collections in 0.000133 seconds (updated 0 objects)
[2018.12.07-08.03.32:398][150]LogSlate: FSceneViewport::OnFocusLost() reason 0
[2018.12.07-08.03.36:852][396]LogSlate: Took 0.000337 seconds to synchronously load lazily loaded font '../../../Engine/Content/Slate/Fonts/Roboto-Light.ttf' (167K)
[2018.12.07-08.03.38:580][396]LogAIModule: Creating AISystem for world Cafeteria
[2018.12.07-08.03.38:623][396]LogAssetEditorManager: Opening Asset editor for World /Game/Maps/Cafeteria.Cafeteria
[2018.12.07-08.03.38:656][396]Cmd: MAP LOAD FILE="../../../../../../Users/William Yao/Desktop/Empathy/MyProject2/Content/Maps/Cafeteria.umap" TEMPLATE=0 SHOWPROGRESS=1 FEATURELEVEL=3
[2018.12.07-08.03.38:656][396]LightingResults: New page: Lighting Build
[2018.12.07-08.03.38:658][396]LoadErrors: New page: Loading map: Cafeteria.umap
[2018.12.07-08.03.38:659][396]MapCheck: New page: Map Check
[2018.12.07-08.03.38:659][396]LightingResults: New page: Lighting Build
[2018.12.07-08.03.38:713][396]LogEditorServer: Finished looking for orphan Actors (0.000 secs)
[2018.12.07-08.03.38:851][396]Cmd: MAP CHECKDEP NOCLEARLOG
[2018.12.07-08.03.39:036][396]MapCheck: Map check complete: 0 Error(s), 0 Warning(s), took 184.281ms to complete.
[2018.12.07-08.03.39:036][396]LogFileHelpers: Loading map 'Cafeteria' took 0.381
[2018.12.07-08.03.39:308][397]LogD3D11RHI: Error: agsDriverExtensionsDX11_SetDepthBounds(1,0.000000, 1.000000) returned error code 2. **********PLEASE UPDATE YOUR VIDEO DRIVERS*********
[2018.12.07-08.03.43:468][527]LogEditorViewport: Clicking on Actor (LMB): SkeletalMeshActor (FullyRiggedGirlSitWithAnimation6)
[2018.12.07-08.03.45:146][553]LogSlate: FSceneViewport::OnFocusLost() reason 2
[2018.12.07-08.03.47:948][653]LogSlate: FSceneViewport::OnFocusLost() reason 2
[2018.12.07-08.03.48:051][653]LogSlate: FSceneViewport::OnFocusLost() reason 2
[2018.12.07-08.04.01:456][154]LogAssetEditorManager: Opening Asset editor for AnimSequence /Game/Characters/FullyRiggedGirlSitWithAnimation_Anim.FullyRiggedGirlSitWithAnimation_Anim
[2018.12.07-08.04.01:497][154]LogContentBrowser: Native class hierarchy updated for 'SkeletonEditor' in 0.0005 seconds. Added 1 classes and 2 folders.
[2018.12.07-08.04.02:071][154]LogActorComponent: RegisterComponentWithWorld: (/Engine/Transient.World_3:PersistentLevel.AnimationEditorPreviewActor_0.DebugSkelMeshComponent_0) Already registered. Aborting.
[2018.12.07-08.04.02:082][154]LogContentBrowser: Native class hierarchy updated for 'PinnedCommandList' in 0.0005 seconds. Added 1 classes and 0 folders.
[2018.12.07-08.04.02:240][154]LogSkeletalMesh: USkeletalMeshComponent::InitArticulated : Bodies already created (/Engine/Transient.World_3:PersistentLevel.AnimationEditorPreviewActor_0.DebugSkelMeshComponent_0) - call TermArticulated first.
[2018.12.07-08.04.03:319][154]LogContentBrowser: Native class hierarchy updated for 'ClothingSystemEditorInterface' in 0.0005 seconds. Added 1 classes and 0 folders.
[2018.12.07-08.04.03:327][154]LogContentBrowser: Verbose: The majority of assets in the view are of type: AnimSequence
[2018.12.07-08.04.27:794][169]LogSlate: FSceneViewport::OnFocusLost() reason 0
[2018.12.07-08.05.31:849][ 39]LogSlate: FSceneViewport::OnFocusLost() reason 2
[2018.12.07-08.05.32:196][ 54]LogSlate: FSceneViewport::OnFocusLost() reason 2
[2018.12.07-08.05.44:013][578]LogSlate: FSceneViewport::OnFocusLost() reason 2
[2018.12.07-08.05.55:372][923]LogSlate: FSceneViewport::OnFocusLost() reason 2
[2018.12.07-08.06.01:925][251]LogSlate: FSceneViewport::OnFocusLost() reason 2
[2018.12.07-08.12.32:398][819]LogAnimationCompression: Building Anim DDC data for AnimSequence /Game/Characters/Boy_Eat.Boy_Eat
[2018.12.07-08.12.32:398][819]LogAnimationCompression: Recompressing (AnimSequence /Game/Characters/Boy_Eat.Boy_Eat) using current/default (AnimCompress_BitwiseCompressOnly_1) bFirstRecompressUsingCurrentOrDefault(1) bTryAlternateCompressor(0) IsCompressedDataValid(0)
[2018.12.07-08.12.32:400][819]LogAnimationCompression: Building Anim DDC data for AnimSequence /Game/Characters/Boy_Eat_Reverse.Boy_Eat_Reverse
[2018.12.07-08.12.32:400][819]LogAnimationCompression: Recompressing (AnimSequence /Game/Characters/Boy_Eat_Reverse.Boy_Eat_Reverse) using current/default (AnimCompress_BitwiseCompressOnly_0) bFirstRecompressUsingCurrentOrDefault(1) bTryAlternateCompressor(0) IsCompressedDataValid(0)
[2018.12.07-08.12.32:557][819]LogSkeletalMesh: Building Skeletal Mesh FullyRiggedBoyWithAnimations...
[2018.12.07-08.12.32:681][819]LogSkeletalMesh: Built Skeletal Mesh [0.12s] /Game/ThirdPersonBP/Blueprints/Meshes/FullyRiggedBoyWithAnimations.FullyRiggedBoyWithAnimations
[2018.12.07-08.13.37:623][841]LogSavePackage: Moving '../../../../../../Users/William Yao/Desktop/Empathy/MyProject2/Saved/Cafeteria_Auto1888A4BF54506115684651A80475C34D6.tmp' to '../../../../../../Users/William Yao/Desktop/Empathy/MyProject2/Saved/Autosaves/Game/Maps/Cafeteria_Auto1.umap'
[2018.12.07-08.13.37:644][841]LogFileHelpers: Editor autosave (incl. sublevels) for '/Game/Maps/Cafeteria' took 0.361
[2018.12.07-08.13.37:644][841]LogFileHelpers: Editor autosave (incl. sublevels) for all levels took 0.361
[2018.12.07-08.23.55:363][ 19]LogD3D11RHI: Timed out while waiting for GPU to catch up. (0.5 s)
[2018.12.07-08.24.57:739][263]LogD3D11RHI: Timed out while waiting for GPU to catch up. (0.5 s)
[2018.12.07-08.24.58:301][265]LogD3D11RHI: Timed out while waiting for GPU to catch up. (0.5 s)
[2018.12.07-08.24.58:865][267]LogD3D11RHI: Timed out while waiting for GPU to catch up. (0.5 s)
[2018.12.07-08.26.05:942][533]LogD3D11RHI: Timed out while waiting for GPU to catch up. (0.5 s)
[2018.12.07-08.26.06:505][535]LogD3D11RHI: Timed out while waiting for GPU to catch up. (0.5 s)
[2018.12.07-08.26.31:926][634]LogD3D11RHI: Timed out while waiting for GPU to catch up. (0.5 s)
[2018.12.07-08.26.37:613][655]LogD3D11RHI: Timed out while waiting for GPU to catch up. (0.5 s)
[2018.12.07-08.27.19:911][828]LogD3D11RHI: Timed out while waiting for GPU to catch up. (0.5 s)
[2018.12.07-08.27.21:037][832]LogD3D11RHI: Timed out while waiting for GPU to catch up. (0.5 s)
[2018.12.07-08.28.22:674][ 89]LogD3D11RHI: Timed out while waiting for GPU to catch up. (0.5 s)
[2018.12.07-08.28.38:112][146]LogD3D11RHI: Timed out while waiting for GPU to catch up. (0.5 s)
[2018.12.07-08.29.24:129][333]LogD3D11RHI: Timed out while waiting for GPU to catch up. (0.5 s)
[2018.12.07-08.29.37:021][383]LogD3D11RHI: Timed out while waiting for GPU to catch up. (0.5 s)
[2018.12.07-08.29.37:582][385]LogD3D11RHI: Timed out while waiting for GPU to catch up. (0.5 s)
[2018.12.07-08.29.52:518][441]LogD3D11RHI: Timed out while waiting for GPU to catch up. (0.5 s)
[2018.12.07-08.30.31:886][598]LogD3D11RHI: Timed out while waiting for GPU to catch up. (0.5 s)
[2018.12.07-08.30.59:433][706]LogD3D11RHI: Timed out while waiting for GPU to catch up. (0.5 s)
[2018.12.07-08.31.27:922][821]LogD3D11RHI: Timed out while waiting for GPU to catch up. (0.5 s)
[2018.12.07-08.31.48:951][897]LogD3D11RHI: Timed out while waiting for GPU to catch up. (0.5 s)
[2018.12.07-08.32.07:042][972]LogD3D11RHI: Timed out while waiting for GPU to catch up. (0.5 s)
[2018.12.07-08.32.24:738][ 44]LogD3D11RHI: Timed out while waiting for GPU to catch up. (0.5 s)
[2018.12.07-08.33.31:854][306]LogD3D11RHI: Timed out while waiting for GPU to catch up. (0.5 s)
[2018.12.07-08.33.59:192][414]LogD3D11RHI: Timed out while waiting for GPU to catch up. (0.5 s)
[2018.12.07-08.34.21:611][512]LogD3D11RHI: Timed out while waiting for GPU to catch up. (0.5 s)
[2018.12.07-08.35.09:676][697]LogD3D11RHI: Timed out while waiting for GPU to catch up. (0.5 s)
[2018.12.07-08.35.28:770][772]LogD3D11RHI: Timed out while waiting for GPU to catch up. (0.5 s)
[2018.12.07-08.35.29:331][774]LogD3D11RHI: Timed out while waiting for GPU to catch up. (0.5 s)
[2018.12.07-08.35.29:895][776]LogD3D11RHI: Timed out while waiting for GPU to catch up. (0.5 s)
[2018.12.07-08.35.30:456][778]LogD3D11RHI: Timed out while waiting for GPU to catch up. (0.5 s)
[2018.12.07-08.36.07:004][921]LogD3D11RHI: Timed out while waiting for GPU to catch up. (0.5 s)
[2018.12.07-08.36.39:019][ 52]LogD3D11RHI: Timed out while waiting for GPU to catch up. (0.5 s)
[2018.12.07-08.36.50:863][ 95]LogD3D11RHI: Timed out while waiting for GPU to catch up. (0.5 s)
[2018.12.07-08.36.51:425][ 97]LogD3D11RHI: Timed out while waiting for GPU to catch up. (0.5 s)
[2018.12.07-08.37.21:848][218]LogD3D11RHI: Timed out while waiting for GPU to catch up. (0.5 s)
[2018.12.07-08.37.40:458][286]LogD3D11RHI: Timed out while waiting for GPU to catch up. (0.5 s)
[2018.12.07-08.38.59:880][616]LogD3D11RHI: Timed out while waiting for GPU to catch up. (0.5 s)
[2018.12.07-08.39.00:442][618]LogD3D11RHI: Timed out while waiting for GPU to catch up. (0.5 s)
[2018.12.07-08.39.01:003][620]LogD3D11RHI: Timed out while waiting for GPU to catch up. (0.5 s)
[2018.12.07-08.39.26:364][723]LogD3D11RHI: Timed out while waiting for GPU to catch up. (0.5 s)
[2018.12.07-08.40.22:114][942]LogD3D11RHI: Timed out while waiting for GPU to catch up. (0.5 s)
[2018.12.07-08.40.56:551][109]LogD3D11RHI: Timed out while waiting for GPU to catch up. (0.5 s)
[2018.12.07-08.40.57:115][111]LogD3D11RHI: Timed out while waiting for GPU to catch up. (0.5 s)
[2018.12.07-08.40.57:677][113]LogD3D11RHI: Timed out while waiting for GPU to catch up. (0.5 s)
[2018.12.07-08.40.58:239][115]LogD3D11RHI: Timed out while waiting for GPU to catch up. (0.5 s)
[2018.12.07-08.40.58:801][117]LogD3D11RHI: Timed out while waiting for GPU to catch up. (0.5 s)
[2018.12.07-08.41.15:303][185]LogD3D11RHI: Timed out while waiting for GPU to catch up. (0.5 s)
[2018.12.07-08.41.32:400][260]LogD3D11RHI: Timed out while waiting for GPU to catch up. (0.5 s)
[2018.12.07-08.41.48:364][318]LogD3D11RHI: Timed out while waiting for GPU to catch up. (0.5 s)
[2018.12.07-08.42.32:240][493]LogD3D11RHI: Timed out while waiting for GPU to catch up. (0.5 s)
[2018.12.07-08.43.22:725][692]LogD3D11RHI: Timed out while waiting for GPU to catch up. (0.5 s)
[2018.12.07-08.43.49:708][797]LogD3D11RHI: Timed out while waiting for GPU to catch up. (0.5 s)
[2018.12.07-08.43.50:831][801]LogD3D11RHI: Timed out while waiting for GPU to catch up. (0.5 s)
[2018.12.07-08.44.13:471][892]LogD3D11RHI: Timed out while waiting for GPU to catch up. (0.5 s)
[2018.12.07-08.44.28:487][954]LogD3D11RHI: Timed out while waiting for GPU to catch up. (0.5 s)
[2018.12.07-08.44.32:692][969]LogD3D11RHI: Timed out while waiting for GPU to catch up. (0.5 s)
[2018.12.07-08.44.33:246][971]LogD3D11RHI: Timed out while waiting for GPU to catch up. (0.5 s)
[2018.12.07-08.45.31:913][201]LogD3D11RHI: Timed out while waiting for GPU to catch up. (0.5 s)
[2018.12.07-08.45.37:723][225]LogD3D11RHI: Timed out while waiting for GPU to catch up. (0.5 s)
[2018.12.07-08.45.58:361][304]LogD3D11RHI: Timed out while waiting for GPU to catch up. (0.5 s)
[2018.12.07-08.46.06:613][340]LogD3D11RHI: Timed out while waiting for GPU to catch up. (0.5 s)
[2018.12.07-08.46.07:175][342]LogD3D11RHI: Timed out while waiting for GPU to catch up. (0.5 s)
[2018.12.07-08.46.32:474][444]LogD3D11RHI: Timed out while waiting for GPU to catch up. (0.5 s)
[2018.12.07-08.47.31:315][678]LogD3D11RHI: Timed out while waiting for GPU to catch up. (0.5 s)
[2018.12.07-08.47.43:269][724]LogD3D11RHI: Timed out while waiting for GPU to catch up. (0.5 s)
[2018.12.07-08.47.46:440][736]LogD3D11RHI: Timed out while waiting for GPU to catch up. (0.5 s)
[2018.12.07-08.48.07:456][818]LogD3D11RHI: Timed out while waiting for GPU to catch up. (0.5 s)
[2018.12.07-08.48.45:113][971]LogD3D11RHI: Timed out while waiting for GPU to catch up. (0.5 s)
[2018.12.07-08.50.37:802][425]LogD3D11RHI: Timed out while waiting for GPU to catch up. (0.5 s)
[2018.12.07-08.51.06:347][538]LogD3D11RHI: Timed out while waiting for GPU to catch up. (0.5 s)
[2018.12.07-08.51.50:597][708]LogD3D11RHI: Timed out while waiting for GPU to catch up. (0.5 s)
[2018.12.07-08.52.07:855][773]LogEditorViewport: Clicking on Actor (LMB): StaticMeshActor (pCube28)
[2018.12.07-08.52.34:743][885]LogSlate: FSceneViewport::OnFocusLost() reason 2
[2018.12.07-08.52.40:607][996]LogSlate: Window 'Save Content' being destroyed
[2018.12.07-08.52.40:880][996]Cmd: OBJ SAVEPACKAGE PACKAGE="/Game/Maps/Cafeteria" FILE="../../../../../../Users/William Yao/Desktop/Empathy/MyProject2/Content/Maps/Cafeteria.umap" SILENT=true AUTOSAVING=false KEEPDIRTY=false
[2018.12.07-08.52.41:246][996]LogSavePackage: Moving '../../../../../../Users/William Yao/Desktop/Empathy/MyProject2/Saved/Cafeteria9B0CC35A4D1171C88D4CC3A36A581CB4.tmp' to '../../../../../../Users/William Yao/Desktop/Empathy/MyProject2/Content/Maps/Cafeteria.umap'
[2018.12.07-08.52.41:391][996]LogFileHelpers: Saving map 'Cafeteria' took 0.731
[2018.12.07-08.52.41:722][996]LogSlate: Window 'MyProject2 - Unreal Editor' being destroyed
[2018.12.07-08.52.42:124][997]Cmd: QUIT_EDITOR
[2018.12.07-08.52.42:191][997]LogWindowsTextInputMethodSystem: Display: IME system now deactivated.
[2018.12.07-08.52.42:582][997]LogExit: Preparing to exit.
[2018.12.07-08.52.45:249][997]LogExit: Editor shut down
[2018.12.07-08.52.45:253][997]LogExit: Transaction tracking system shut down
[2018.12.07-08.52.47:861][997]LogExit: Object subsystem successfully closed.
[2018.12.07-08.52.47:886][997]LogShaderCompilers: Display: Shaders left to compile 0
[2018.12.07-08.52.47:903][997]LogD3D11RHI: Shutdown
[2018.12.07-08.52.47:904][997]LogD3D11RHI: CleanupD3DDevice
[2018.12.07-08.52.47:936][997]LogD3D11RHI: ~FD3D11DynamicRHI
[2018.12.07-08.52.48:136][997]LogModuleManager: Shutting down and abandoning module ClothingSystemEditorInterface (618)
[2018.12.07-08.52.48:136][997]LogModuleManager: Shutting down and abandoning module PinnedCommandList (616)
[2018.12.07-08.52.48:136][997]LogModuleManager: Shutting down and abandoning module SkeletonEditor (614)
[2018.12.07-08.52.48:136][997]LogModuleManager: Shutting down and abandoning module AnimationEditor (612)
[2018.12.07-08.52.48:142][997]LogModuleManager: Shutting down and abandoning module HierarchicalLODOutliner (610)
[2018.12.07-08.52.48:142][997]LogModuleManager: Shutting down and abandoning module SceneOutliner (608)
[2018.12.07-08.52.48:142][997]LogModuleManager: Shutting down and abandoning module AddContentDialog (606)
[2018.12.07-08.52.48:145][997]LogModuleManager: Shutting down and abandoning module WidgetCarousel (605)
[2018.12.07-08.52.48:146][997]LogModuleManager: Shutting down and abandoning module EditorWidgets (602)
[2018.12.07-08.52.48:146][997]LogModuleManager: Shutting down and abandoning module CollectionManager (600)
[2018.12.07-08.52.48:146][997]LogModuleManager: Shutting down and abandoning module StatsViewer (598)
[2018.12.07-08.52.48:146][997]LogModuleManager: Shutting down and abandoning module FoliageEdit (596)
[2018.12.07-08.52.48:146][997]LogModuleManager: Shutting down and abandoning module LandscapeEditor (594)
[2018.12.07-08.52.48:149][997]LogModuleManager: Shutting down and abandoning module MeshPaintMode (592)
[2018.12.07-08.52.48:149][997]LogModuleManager: Shutting down and abandoning module SceneDepthPickerMode (590)
[2018.12.07-08.52.48:149][997]LogModuleManager: Shutting down and abandoning module ActorPickerMode (588)
[2018.12.07-08.52.48:149][997]LogModuleManager: Shutting down and abandoning module GeometryMode (586)
[2018.12.07-08.52.48:149][997]LogModuleManager: Shutting down and abandoning module TextureAlignMode (584)
[2018.12.07-08.52.48:149][997]LogModuleManager: Shutting down and abandoning module BspMode (582)
[2018.12.07-08.52.48:150][997]LogModuleManager: Shutting down and abandoning module PIEPreviewDeviceProfileSelector (580)
[2018.12.07-08.52.48:150][997]LogModuleManager: Shutting down and abandoning module SequenceRecorderSections (578)
[2018.12.07-08.52.48:150][997]LogModuleManager: Shutting down and abandoning module AutomationWorker (576)
[2018.12.07-08.52.48:150][997]LogModuleManager: Shutting down and abandoning module AudioCaptureEditor (574)
[2018.12.07-08.52.48:150][997]LogModuleManager: Shutting down and abandoning module SequenceRecorder (573)
[2018.12.07-08.52.48:151][997]LogModuleManager: Shutting down and abandoning module MatineeToLevelSequence (570)
[2018.12.07-08.52.48:151][997]LogModuleManager: Shutting down and abandoning module LevelSequenceEditor (568)
[2018.12.07-08.52.48:151][997]LogModuleManager: Shutting down and abandoning module PlacementMode (567)
[2018.12.07-08.52.48:151][997]LogModuleManager: Shutting down and abandoning module MaterialEditor (566)
[2018.12.07-08.52.48:151][997]LogModuleManager: Shutting down and abandoning module WmfMediaFactory (562)
[2018.12.07-08.52.48:151][997]LogModuleManager: Shutting down and abandoning module WmfMediaEditor (560)
[2018.12.07-08.52.48:152][997]LogModuleManager: Shutting down and abandoning module MediaPlayerEditor (558)
[2018.12.07-08.52.48:156][997]LogModuleManager: Shutting down and abandoning module OpenExrWrapper (556)
[2018.12.07-08.52.48:160][997]LogModuleManager: Shutting down and abandoning module ImgMediaFactory (554)
[2018.12.07-08.52.48:160][997]LogModuleManager: Shutting down and abandoning module ImgMediaEditor (552)
[2018.12.07-08.52.48:161][997]LogModuleManager: Shutting down and abandoning module AvfMediaFactory (550)
[2018.12.07-08.52.48:161][997]LogModuleManager: Shutting down and abandoning module AvfMediaEditor (548)
[2018.12.07-08.52.48:161][997]LogModuleManager: Shutting down and abandoning module AndroidMediaFactory (546)
[2018.12.07-08.52.48:162][997]LogModuleManager: Shutting down and abandoning module AndroidMediaEditor (544)
[2018.12.07-08.52.48:162][997]LogModuleManager: Shutting down and abandoning module MagicLeapCameraPreviewFactory (542)
[2018.12.07-08.52.48:162][997]LogModuleManager: Shutting down and abandoning module MagicLeapMediaFactory (540)
[2018.12.07-08.52.48:162][997]LogModuleManager: Shutting down and abandoning module MagicLeapMediaEditor (538)
[2018.12.07-08.52.48:163][997]LogModuleManager: Shutting down and abandoning module CharacterAI (536)
[2018.12.07-08.52.48:168][997]LogModuleManager: Shutting down and abandoning module SmartSnapping (534)
[2018.12.07-08.52.48:168][997]LogModuleManager: Shutting down and abandoning module SessionServices (532)
[2018.12.07-08.52.48:168][997]LogModuleManager: Shutting down and abandoning module ViewportSnapping (530)
[2018.12.07-08.52.48:168][997]LogModuleManager: Shutting down and abandoning module ViewportInteraction (528)
[2018.12.07-08.52.48:169][997]LogModuleManager: Shutting down and abandoning module ClothPainter (526)
[2018.12.07-08.52.48:169][997]LogModuleManager: Shutting down and abandoning module SkeletalMeshEditor (525)
[2018.12.07-08.52.48:169][997]LogModuleManager: Shutting down and abandoning module LogVisualizer (522)
[2018.12.07-08.52.48:171][997]LogModuleManager: Shutting down and abandoning module IntroTutorials (520)
[2018.12.07-08.52.48:177][997]LogModuleManager: Shutting down and abandoning module GameProjectGeneration (519)
[2018.12.07-08.52.48:178][997]LogModuleManager: Shutting down and abandoning module LuminPlatformEditor (516)
[2018.12.07-08.52.48:178][997]LogModuleManager: Shutting down and abandoning module IOSPlatformEditor (514)
[2018.12.07-08.52.48:178][997]LogModuleManager: Shutting down and abandoning module HTML5PlatformEditor (512)
[2018.12.07-08.52.48:178][997]LogModuleManager: Shutting down and abandoning module AndroidPlatformEditor (510)
[2018.12.07-08.52.48:178][997]LogModuleManager: Shutting down and abandoning module AndroidDeviceDetection (509)
[2018.12.07-08.52.49:045][997]LogModuleManager: Shutting down and abandoning module WindowsPlatformEditor (506)
[2018.12.07-08.52.49:047][997]LogModuleManager: Shutting down and abandoning module LuminRuntimeSettings (504)
[2018.12.07-08.52.49:047][997]LogModuleManager: Shutting down and abandoning module IOSRuntimeSettings (502)
[2018.12.07-08.52.49:047][997]LogModuleManager: Shutting down and abandoning module AndroidRuntimeSettings (500)
[2018.12.07-08.52.49:047][997]LogModuleManager: Shutting down and abandoning module InputBindingEditor (498)
[2018.12.07-08.52.49:047][997]LogModuleManager: Shutting down and abandoning module MergeActors (496)
[2018.12.07-08.52.49:047][997]LogModuleManager: Shutting down and abandoning module LocalizationDashboard (494)
[2018.12.07-08.52.49:048][997]LogModuleManager: Shutting down and abandoning module LocalizationService (493)
[2018.12.07-08.52.49:048][997]LogModuleManager: Shutting down and abandoning module HardwareTargeting (490)
[2018.12.07-08.52.49:048][997]LogModuleManager: Shutting down and abandoning module DeviceProfileEditor (488)
[2018.12.07-08.52.49:048][997]LogModuleManager: Shutting down and abandoning module UndoHistory (486)
[2018.12.07-08.52.49:048][997]LogModuleManager: Shutting down and abandoning module XmlParser (484)
[2018.12.07-08.52.49:048][997]LogModuleManager: Shutting down and abandoning module Blutility (482)
[2018.12.07-08.52.49:048][997]LogModuleManager: Shutting down and abandoning module ProjectSettingsViewer (480)
[2018.12.07-08.52.49:048][997]LogModuleManager: Shutting down and abandoning module ProjectTargetPlatformEditor (479)
[2018.12.07-08.52.49:049][997]LogModuleManager: Shutting down and abandoning module EditorSettingsViewer (476)
[2018.12.07-08.52.49:049][997]LogModuleManager: Shutting down and abandoning module SettingsEditor (474)
[2018.12.07-08.52.49:049][997]LogModuleManager: Shutting down and abandoning module ProjectLauncher (472)
[2018.12.07-08.52.49:049][997]LogModuleManager: Shutting down and abandoning module SessionFrontend (470)
[2018.12.07-08.52.49:049][997]LogModuleManager: Shutting down and abandoning module ProfilerClient (468)
[2018.12.07-08.52.49:049][997]LogModuleManager: Shutting down and abandoning module DeviceManager (466)
[2018.12.07-08.52.49:049][997]LogModuleManager: Shutting down and abandoning module TargetDeviceServices (465)
[2018.12.07-08.52.49:114][997]LogModuleManager: Shutting down and abandoning module AutomationController (462)
[2018.12.07-08.52.49:114][997]LogModuleManager: Shutting down and abandoning module AutomationWindow (460)
[2018.12.07-08.52.49:114][997]LogModuleManager: Shutting down and abandoning module Layers (458)
[2018.12.07-08.52.49:114][997]LogModuleManager: Shutting down and abandoning module ComponentVisualizers (456)
[2018.12.07-08.52.49:114][997]LogModuleManager: Shutting down and abandoning module DetailCustomizations (454)
[2018.12.07-08.52.49:114][997]LogModuleManager: Shutting down and abandoning module PackagesDialog (452)
[2018.12.07-08.52.49:115][997]LogModuleManager: Shutting down and abandoning module Persona (450)
[2018.12.07-08.52.49:115][997]LogModuleManager: Shutting down and abandoning module AdvancedPreviewScene (449)
[2018.12.07-08.52.49:115][997]LogModuleManager: Shutting down and abandoning module AnimGraph (447)
[2018.12.07-08.52.49:115][997]LogModuleManager: Shutting down and abandoning module Kismet (444)
[2018.12.07-08.52.49:115][997]LogModuleManager: Shutting down and abandoning module GraphEditor (442)
[2018.12.07-08.52.49:116][997]LogModuleManager: Shutting down and abandoning module ClassViewer (440)
[2018.12.07-08.52.49:120][997]LogModuleManager: Shutting down and abandoning module Toolbox (438)
[2018.12.07-08.52.49:120][997]LogModuleManager: Shutting down and abandoning module ModuleUI (436)
[2018.12.07-08.52.49:120][997]LogModuleManager: Shutting down and abandoning module MovieSceneTools (434)
[2018.12.07-08.52.49:120][997]LogModuleManager: Shutting down and abandoning module OutputLog (432)
[2018.12.07-08.52.49:120][997]LogModuleManager: Shutting down and abandoning module GammaUI (430)
[2018.12.07-08.52.49:120][997]LogModuleManager: Shutting down and abandoning module Documentation (428)
[2018.12.07-08.52.49:121][997]LogModuleManager: Shutting down and abandoning module MovieSceneTracks (426)
[2018.12.07-08.52.49:121][997]LogModuleManager: Shutting down and abandoning module MovieScene (424)
[2018.12.07-08.52.49:121][997]LogModuleManager: Shutting down and abandoning module StreamingPauseRendering (422)
[2018.12.07-08.52.49:121][997]LogModuleManager: Shutting down and abandoning module LauncherPlatform (420)
[2018.12.07-08.52.49:121][997]LogModuleManager: Shutting down and abandoning module AnalyticsET (418)
[2018.12.07-08.52.49:121][997]LogModuleManager: Shutting down and abandoning module PortalServices (416)
[2018.12.07-08.52.49:121][997]LogModuleManager: Shutting down and abandoning module PortalRpc (414)
[2018.12.07-08.52.49:121][997]LogModuleManager: Shutting down and abandoning module MessagingRpc (412)
[2018.12.07-08.52.49:121][997]LogModuleManager: Shutting down and abandoning module AIModule (410)
[2018.12.07-08.52.49:123][997]LogModuleManager: Shutting down and abandoning module GameplayDebugger (409)
[2018.12.07-08.52.49:123][997]LogModuleManager: Shutting down and abandoning module AITestSuite (407)
[2018.12.07-08.52.49:123][997]LogModuleManager: Shutting down and abandoning module NavigationSystem (405)
[2018.12.07-08.52.49:123][997]LogModuleManager: Shutting down and abandoning module DesktopPlatform (402)
[2018.12.07-08.52.49:124][997]LogModuleManager: Shutting down and abandoning module ProfilerService (400)
[2018.12.07-08.52.49:358][997]LogModuleManager: Shutting down and abandoning module TaskGraph (398)
[2018.12.07-08.52.49:358][997]LogModuleManager: Shutting down and abandoning module SteamVRController (396)
[2018.12.07-08.52.49:358][997]LogModuleManager: Shutting down and abandoning module ProceduralMeshComponentEditor (394)
[2018.12.07-08.52.49:358][997]LogModuleManager: Shutting down and abandoning module ProceduralMeshComponent (392)
[2018.12.07-08.52.49:358][997]LogModuleManager: Shutting down and abandoning module OculusInput (390)
[2018.12.07-08.52.49:359][997]LogModuleManager: Shutting down and abandoning module MobilePatchingUtils (388)
[2018.12.07-08.52.49:359][997]LogModuleManager: Shutting down and abandoning module EditableMesh (386)
[2018.12.07-08.52.49:359][997]LogModuleManager: Shutting down and abandoning module CustomMeshComponent (384)
[2018.12.07-08.52.49:359][997]LogModuleManager: Shutting down and abandoning module CableComponent (382)
[2018.12.07-08.52.49:359][997]LogModuleManager: Shutting down and abandoning module AudioCapture (380)
[2018.12.07-08.52.49:359][997]LogModuleManager: Shutting down and abandoning module ArchVisCharacter (378)
[2018.12.07-08.52.49:359][997]LogModuleManager: Shutting down and abandoning module AndroidPermission (376)
[2018.12.07-08.52.49:359][997]LogModuleManager: Shutting down and abandoning module NUTUnrealEngine4 (374)
[2018.12.07-08.52.49:359][997]LogModuleManager: Shutting down and abandoning module NetcodeUnitTest (372)
[2018.12.07-08.52.49:359][997]LogModuleManager: Shutting down and abandoning module MediaCompositingEditor (370)
[2018.12.07-08.52.49:359][997]LogModuleManager: Shutting down and abandoning module MediaCompositing (368)
[2018.12.07-08.52.49:360][997]LogModuleManager: Shutting down and abandoning module LinearTimecode (366)
[2018.12.07-08.52.49:360][997]LogModuleManager: Shutting down and abandoning module ImgMedia (364)
[2018.12.07-08.52.49:365][997]LogModuleManager: Shutting down and abandoning module HTML5Networking (362)
[2018.12.07-08.52.49:365][997]LogModuleManager: Shutting down and abandoning module GeometryCacheTracks (360)
[2018.12.07-08.52.49:365][997]LogModuleManager: Shutting down and abandoning module GeometryCacheSequencer (358)
[2018.12.07-08.52.49:365][997]LogModuleManager: Shutting down and abandoning module BackChannel (356)
[2018.12.07-08.52.49:365][997]LogModuleManager: Shutting down and abandoning module AppleVision (354)
[2018.12.07-08.52.49:365][997]LogModuleManager: Shutting down and abandoning module AppleImageUtils (352)
[2018.12.07-08.52.49:365][997]LogModuleManager: Shutting down and abandoning module AlembicImporter (350)
[2018.12.07-08.52.49:365][997]LogModuleManager: Shutting down and abandoning module AlembicLibrary (349)
[2018.12.07-08.52.49:365][997]LogModuleManager: Shutting down and abandoning module GeometryCache (348)
[2018.12.07-08.52.49:365][997]LogModuleManager: Shutting down and abandoning module GeometryCacheEd (347)
[2018.12.07-08.52.49:366][997]LogModuleManager: Shutting down and abandoning module DatasmithContentEditor (342)
[2018.12.07-08.52.49:366][997]LogModuleManager: Shutting down and abandoning module DatasmithContent (340)
[2018.12.07-08.52.49:369][997]LogModuleManager: Shutting down and abandoning module SpeedTreeImporter (338)
[2018.12.07-08.52.49:369][997]LogModuleManager: Shutting down and abandoning module PluginBrowser (336)
[2018.12.07-08.52.49:369][997]LogModuleManager: Shutting down and abandoning module MobileLauncherProfileWizard (334)
[2018.12.07-08.52.49:369][997]LogModuleManager: Shutting down and abandoning module PolygonModeling (332)
[2018.12.07-08.52.49:369][997]LogModuleManager: Shutting down and abandoning module MeshEditor (330)
[2018.12.07-08.52.49:370][997]LogModuleManager: Shutting down and abandoning module CryptoKeysOpenSSL (328)
[2018.12.07-08.52.49:370][997]LogModuleManager: Shutting down and abandoning module CryptoKeys (326)
[2018.12.07-08.52.49:370][997]LogModuleManager: Shutting down and abandoning module VisualStudioSourceCodeAccess (324)
[2018.12.07-08.52.49:370][997]LogModuleManager: Shutting down and abandoning module VisualStudioCodeSourceCodeAccess (322)
[2018.12.07-08.52.49:370][997]LogModuleManager: Shutting down and abandoning module UObjectPlugin (320)
[2018.12.07-08.52.49:370][997]LogModuleManager: Shutting down and abandoning module SubversionSourceControl (318)
[2018.12.07-08.52.49:370][997]LogModuleManager: Shutting down and abandoning module PerforceSourceControl (316)
[2018.12.07-08.52.49:370][997]LogModuleManager: Shutting down and abandoning module GitSourceControl (314)
[2018.12.07-08.52.49:370][997]LogModuleManager: Shutting down and abandoning module SourceControl (313)
[2018.12.07-08.52.49:371][997]LogModuleManager: Shutting down and abandoning module CLionSourceCodeAccess (310)
[2018.12.07-08.52.49:371][997]LogModuleManager: Shutting down and abandoning module LightPropagationVolumeEditor (308)
[2018.12.07-08.52.49:371][997]LogModuleManager: Shutting down and abandoning module PaperTiledImporter (306)
[2018.12.07-08.52.49:371][997]LogModuleManager: Shutting down and abandoning module PaperSpriteSheetImporter (304)
[2018.12.07-08.52.49:372][997]LogModuleManager: Shutting down and abandoning module Paper2DEditor (302)
[2018.12.07-08.52.49:374][997]LogModuleManager: Shutting down and abandoning module MeshPaint (301)
[2018.12.07-08.52.49:374][997]LogModuleManager: Shutting down and abandoning module RuntimePhysXCooking (298)
[2018.12.07-08.52.49:374][997]LogModuleManager: Shutting down and abandoning module PhysXVehiclesEditor (296)
[2018.12.07-08.52.49:374][997]LogModuleManager: Shutting down and abandoning module PhysXVehicles (294)
[2018.12.07-08.52.49:374][997]LogModuleManager: Shutting down and abandoning module OculusEditor (292)
[2018.12.07-08.52.49:374][997]LogModuleManager: Shutting down and abandoning module LocationServicesBPLibrary (290)
[2018.12.07-08.52.49:374][997]LogModuleManager: Shutting down and abandoning module ImmediatePhysicsEditor (288)
[2018.12.07-08.52.49:374][997]LogModuleManager: Shutting down and abandoning module ImmediatePhysics (286)
[2018.12.07-08.52.49:374][997]LogModuleManager: Shutting down and abandoning module ActorSequence (284)
[2018.12.07-08.52.49:374][997]LogModuleManager: Shutting down and abandoning module UdpMessaging (282)
[2018.12.07-08.52.49:477][997]LogModuleManager: Shutting down and abandoning module TcpMessaging (280)
[2018.12.07-08.52.49:582][997]LogModuleManager: Shutting down and abandoning module MagicLeapAudio (278)
[2018.12.07-08.52.49:582][997]LogModuleManager: Shutting down and abandoning module GameplayTagsEditor (276)
[2018.12.07-08.52.49:582][997]LogModuleManager: Shutting down and abandoning module FacialAnimationEditor (274)
[2018.12.07-08.52.49:582][997]LogModuleManager: Shutting down and abandoning module FacialAnimation (272)
[2018.12.07-08.52.49:582][997]LogModuleManager: Shutting down and abandoning module DataValidation (270)
[2018.12.07-08.52.49:582][997]LogModuleManager: Shutting down and abandoning module AssetManagerEditor (268)
[2018.12.07-08.52.49:583][997]LogModuleManager: Shutting down and abandoning module LevelEditor (267)
[2018.12.07-08.52.49:585][997]LogModuleManager: Shutting down and abandoning module PixelInspectorModule (266)
[2018.12.07-08.52.49:585][997]LogModuleManager: Shutting down and abandoning module CommonMenuExtensions (264)
[2018.12.07-08.52.49:586][997]LogModuleManager: Shutting down and abandoning module MainFrame (262)
[2018.12.07-08.52.49:587][997]LogModuleManager: Shutting down and abandoning module HotReload (261)
[2018.12.07-08.52.49:591][997]LogModuleManager: Shutting down and abandoning module ContentBrowser (257)
[2018.12.07-08.52.49:593][997]LogModuleManager: Shutting down and abandoning module TreeMap (255)
[2018.12.07-08.52.49:593][997]LogModuleManager: Shutting down and abandoning module LightPropagationVolumeRuntime (252)
[2018.12.07-08.52.49:593][997]LogModuleManager: Shutting down and abandoning module AISupportModule (250)
[2018.12.07-08.52.49:593][997]LogModuleManager: Shutting down and abandoning module Paper2D (248)
[2018.12.07-08.52.49:593][997]LogModuleManager: Shutting down and abandoning module WindowsMoviePlayer (246)
[2018.12.07-08.52.49:593][997]LogModuleManager: Shutting down and abandoning module WmfMedia (244)
[2018.12.07-08.52.49:595][997]LogModuleManager: Shutting down and abandoning module Media (243)
[2018.12.07-08.52.49:601][997]LogModuleManager: Shutting down and abandoning module PacketHandler (240)
[2018.12.07-08.52.49:602][997]LogModuleManager: Shutting down and abandoning module ClothingSystemEditor (238)
[2018.12.07-08.52.49:602][997]LogModuleManager: Shutting down and abandoning module ClothingSystemRuntime (236)
[2018.12.07-08.52.49:602][997]LogModuleManager: Shutting down and abandoning module MediaAssets (234)
[2018.12.07-08.52.49:602][997]LogModuleManager: Shutting down and abandoning module Overlay (232)
[2018.12.07-08.52.49:602][997]LogModuleManager: Shutting down and abandoning module OverlayEditor (231)
[2018.12.07-08.52.49:602][997]LogModuleManager: Shutting down and abandoning module VREditor (228)
[2018.12.07-08.52.49:602][997]LogModuleManager: Shutting down and abandoning module StringTableEditor (226)
[2018.12.07-08.52.49:602][997]LogModuleManager: Shutting down and abandoning module GameplayTasksEditor (224)
[2018.12.07-08.52.49:602][997]LogModuleManager: Shutting down and abandoning module BehaviorTreeEditor (222)
[2018.12.07-08.52.49:602][997]LogModuleManager: Shutting down and abandoning module FunctionalTesting (220)
[2018.12.07-08.52.49:602][997]LogModuleManager: Shutting down and abandoning module CollisionAnalyzer (218)
[2018.12.07-08.52.49:603][997]LogModuleManager: Shutting down and abandoning module WorkspaceMenuStructure (217)
[2018.12.07-08.52.49:603][997]LogModuleManager: Shutting down and abandoning module UMG (214)
[2018.12.07-08.52.49:603][997]LogModuleManager: Shutting down and abandoning module UMGEditor (213)
[2018.12.07-08.52.49:603][997]LogModuleManager: Shutting down and abandoning module Sequencer (212)
[2018.12.07-08.52.49:603][997]LogModuleManager: Shutting down and abandoning module MessageLog (209)
[2018.12.07-08.52.49:603][997]LogModuleManager: Shutting down and abandoning module SlateReflector (204)
[2018.12.07-08.52.49:603][997]LogModuleManager: Shutting down and abandoning module Slate (202)
[2018.12.07-08.52.49:603][997]LogModuleManager: Shutting down and abandoning module EditorStyle (200)
[2018.12.07-08.52.49:609][997]LogModuleManager: Shutting down and abandoning module MRMesh (198)
[2018.12.07-08.52.49:609][997]LogModuleManager: Shutting down and abandoning module SourceCodeAccess (196)
[2018.12.07-08.52.49:609][997]LogModuleManager: Shutting down and abandoning module HeadMountedDisplay (194)
[2018.12.07-08.52.49:609][997]LogModuleManager: Shutting down and abandoning module XAudio2 (192)
[2018.12.07-08.52.49:609][997]LogModuleManager: Shutting down and abandoning module Networking (190)
[2018.12.07-08.52.49:609][997]LogModuleManager: Shutting down and abandoning module Core (188)
[2018.12.07-08.52.49:609][997]LogModuleManager: Shutting down and abandoning module LevelSequence (186)
[2018.12.07-08.52.49:609][997]LogModuleManager: Shutting down and abandoning module KismetCompiler (184)
[2018.12.07-08.52.49:609][997]LogModuleManager: Shutting down and abandoning module MeshUtilities (182)
[2018.12.07-08.52.49:610][997]LogModuleManager: Shutting down and abandoning module MeshMergeUtilities (181)
[2018.12.07-08.52.49:610][997]LogModuleManager: Shutting down and abandoning module MeshReductionInterface (180)
[2018.12.07-08.52.49:610][997]LogModuleManager: Shutting down and abandoning module SimplygonSwarm (179)
[2018.12.07-08.52.49:610][997]LogModuleManager: Shutting down and abandoning module ProxyLODMeshReduction (177)
[2018.12.07-08.52.49:610][997]LogModuleManager: Shutting down and abandoning module SimplygonMeshReduction (175)
[2018.12.07-08.52.49:610][997]LogModuleManager: Shutting down and abandoning module QuadricMeshReduction (173)
[2018.12.07-08.52.49:610][997]LogModuleManager: Shutting down and abandoning module MaterialBaking (169)
[2018.12.07-08.52.49:610][997]LogModuleManager: Shutting down and abandoning module DirectoryWatcher (165)
[2018.12.07-08.52.49:610][997]LogModuleManager: Shutting down and abandoning module DerivedDataCache (162)
[2018.12.07-08.52.49:667][997]LogDerivedDataCache: Shutdown
[2018.12.07-08.52.49:667][997]LogModuleManager: Shutting down and abandoning module XGEController (160)
[2018.12.07-08.52.49:667][997]LogModuleManager: Shutting down and abandoning module TargetPlatform (158)
[2018.12.07-08.52.49:667][997]LogModuleManager: Shutting down and abandoning module VulkanShaderFormat (157)
[2018.12.07-08.52.49:667][997]LogModuleManager: Shutting down and abandoning module ShaderFormatVectorVM (155)
[2018.12.07-08.52.49:668][997]LogModuleManager: Shutting down and abandoning module ShaderFormatOpenGL (153)
[2018.12.07-08.52.49:668][997]LogModuleManager: Shutting down and abandoning module ShaderFormatD3D (151)
[2018.12.07-08.52.49:668][997]LogModuleManager: Shutting down and abandoning module MetalShaderFormat (149)
[2018.12.07-08.52.49:668][997]LogModuleManager: Shutting down and abandoning module TextureFormatUncompressed (147)
[2018.12.07-08.52.49:668][997]LogModuleManager: Shutting down and abandoning module TextureFormatPVR (145)
[2018.12.07-08.52.49:668][997]LogModuleManager: Shutting down and abandoning module TextureFormatDXT (143)
[2018.12.07-08.52.49:668][997]LogModuleManager: Shutting down and abandoning module TextureFormatIntelISPCTexComp (141)
[2018.12.07-08.52.49:668][997]LogModuleManager: Shutting down and abandoning module TextureFormatASTC (139)
[2018.12.07-08.52.49:668][997]LogModuleManager: Shutting down and abandoning module ImageWrapper (138)
[2018.12.07-08.52.49:668][997]LogModuleManager: Shutting down and abandoning module TextureFormatAndroid (135)
[2018.12.07-08.52.49:669][997]LogModuleManager: Shutting down and abandoning module AudioFormatOpus (133)
[2018.12.07-08.52.49:669][997]LogModuleManager: Shutting down and abandoning module AudioFormatOgg (131)
[2018.12.07-08.52.49:669][997]LogModuleManager: Shutting down and abandoning module AudioFormatADPCM (129)
[2018.12.07-08.52.49:669][997]LogModuleManager: Shutting down and abandoning module LuminTargetPlatform (127)
[2018.12.07-08.52.49:669][997]LogModuleManager: Shutting down and abandoning module LinuxTargetPlatform (125)
[2018.12.07-08.52.49:669][997]LogModuleManager: Shutting down and abandoning module LinuxServerTargetPlatform (123)
[2018.12.07-08.52.49:669][997]LogModuleManager: Shutting down and abandoning module LinuxNoEditorTargetPlatform (121)
[2018.12.07-08.52.49:670][997]LogModuleManager: Shutting down and abandoning module LinuxClientTargetPlatform (119)
[2018.12.07-08.52.49:670][997]LogModuleManager: Shutting down and abandoning module TVOSTargetPlatform (117)
[2018.12.07-08.52.49:675][997]LogModuleManager: Shutting down and abandoning module Messaging (115)
[2018.12.07-08.52.49:676][997]LogModuleManager: Shutting down and abandoning module IOSTargetPlatform (113)
[2018.12.07-08.52.49:678][997]LogModuleManager: Shutting down and abandoning module HTML5TargetPlatform (111)
[2018.12.07-08.52.49:678][997]LogModuleManager: Shutting down and abandoning module AndroidTargetPlatform (109)
[2018.12.07-08.52.49:711][997]LogModuleManager: Shutting down and abandoning module WindowsTargetPlatform (107)
[2018.12.07-08.52.49:711][997]LogModuleManager: Shutting down and abandoning module WindowsServerTargetPlatform (105)
[2018.12.07-08.52.49:711][997]LogModuleManager: Shutting down and abandoning module WindowsNoEditorTargetPlatform (103)
[2018.12.07-08.52.49:711][997]LogModuleManager: Shutting down and abandoning module WindowsClientTargetPlatform (101)
[2018.12.07-08.52.49:712][997]LogModuleManager: Shutting down and abandoning module MacTargetPlatform (99)
[2018.12.07-08.52.49:712][997]LogModuleManager: Shutting down and abandoning module MacServerTargetPlatform (97)
[2018.12.07-08.52.49:712][997]LogModuleManager: Shutting down and abandoning module MacNoEditorTargetPlatform (95)
[2018.12.07-08.52.49:712][997]LogModuleManager: Shutting down and abandoning module MacClientTargetPlatform (93)
[2018.12.07-08.52.49:712][997]LogModuleManager: Shutting down and abandoning module AllDesktopTargetPlatform (91)
[2018.12.07-08.52.49:712][997]LogModuleManager: Shutting down and abandoning module InputCore (88)
[2018.12.07-08.52.49:712][997]LogModuleManager: Shutting down and abandoning module Settings (86)
[2018.12.07-08.52.49:712][997]LogModuleManager: Shutting down and abandoning module PhysXCooking (84)
[2018.12.07-08.52.49:712][997]LogModuleManager: Shutting down and abandoning module SteamVR (82)
[2018.12.07-08.52.49:713][997]LogModuleManager: Shutting down and abandoning module OculusHMD (80)
[2018.12.07-08.52.49:713][997]LogModuleManager: Shutting down and abandoning module ExampleDeviceProfileSelector (78)
[2018.12.07-08.52.49:713][997]LogModuleManager: Shutting down and abandoning module LauncherChunkInstaller (76)
[2018.12.07-08.52.49:713][997]LogModuleManager: Shutting down and abandoning module OnlineBlueprintSupport (74)
[2018.12.07-08.52.49:713][997]LogModuleManager: Shutting down and abandoning module OnlineSubsystem (70)
[2018.12.07-08.52.49:714][997]LogModuleManager: Shutting down and abandoning module XMPP (65)
[2018.12.07-08.52.49:715][997]LogModuleManager: Shutting down and abandoning module WebSockets (64)
[2018.12.07-08.52.49:745][997]LogModuleManager: Shutting down and abandoning module HTTP (61)
[2018.12.07-08.52.49:745][997]LogHttp: Display: Http module shutting down, but needs to wait on 1 outstanding Http requests:
[2018.12.07-08.52.49:745][997]LogHttp: Display: 	verb=[POST] url=[https://datarouter.ol.epicgames.com/datarouter/api/v1/public/data?SessionID=%7BC590C31C-4D86-9281-351A-B8BEB0E3E2FD%7D&AppID=UEEditor.Rocket.Release&AppVersion=4.20.3-4369336%2B%2B%2BUE4%2BRelease-4.20&UserID=405400a541db2f760c84dc8b77df561c%7C45412b4e3f22449ea2a8335a7fcd742e%7Cfaaf490f-f607-4dc0-8561-26192c106526&AppEnvironment=datacollector-binary&UploadType=eteventstream] status=Processing
[2018.12.07-08.52.49:778][997]LogModuleManager: Shutting down and abandoning module SSL (60)
[2018.12.07-08.52.49:783][997]LogModuleManager: Shutting down and abandoning module MagicLeapEmulator (56)
[2018.12.07-08.52.49:783][997]LogModuleManager: Shutting down and abandoning module MagicLeapPrivileges (54)
[2018.12.07-08.52.49:783][997]LogModuleManager: Shutting down and abandoning module MagicLeapIdentity (52)
[2018.12.07-08.52.49:783][997]LogModuleManager: Shutting down and abandoning module MagicLeapHelperVulkan (50)
[2018.12.07-08.52.49:783][997]LogModuleManager: Shutting down and abandoning module MagicLeapHelperOpenGL (48)
[2018.12.07-08.52.49:783][997]LogModuleManager: Shutting down and abandoning module MagicLeapSecureStorage (46)
[2018.12.07-08.52.49:783][997]LogModuleManager: Shutting down and abandoning module MagicLeapGestures (44)
[2018.12.07-08.52.49:784][997]LogModuleManager: Shutting down and abandoning module MagicLeapEyeTracker (42)
[2018.12.07-08.52.49:784][997]LogModuleManager: Shutting down and abandoning module MagicLeapController (40)
[2018.12.07-08.52.49:784][997]LogSlate: Slate User Destroyed.  User Index 0, Is Virtual User: 0
[2018.12.07-08.52.49:784][997]LogModuleManager: Shutting down and abandoning module MagicLeap (38)
[2018.12.07-08.52.49:785][997]LogModuleManager: Shutting down and abandoning module AnimationModifiers (36)
[2018.12.07-08.52.49:785][997]LogModuleManager: Shutting down and abandoning module PropertyEditor (35)
[2018.12.07-08.52.49:785][997]LogModuleManager: Shutting down and abandoning module AudioEditor (32)
[2018.12.07-08.52.49:785][997]LogModuleManager: Shutting down and abandoning module TextureCompressor (30)
[2018.12.07-08.52.49:786][997]LogModuleManager: Shutting down and abandoning module ShaderCore (28)
[2018.12.07-08.52.49:786][997]LogModuleManager: Shutting down and abandoning module Landscape (26)
[2018.12.07-08.52.49:786][997]LogModuleManager: Shutting down and abandoning module SlateRHIRenderer (24)
[2018.12.07-08.52.49:792][997]LogModuleManager: Shutting down and abandoning module OpenGLDrv (22)
[2018.12.07-08.52.49:792][997]LogModuleManager: Shutting down and abandoning module D3D11RHI (20)
[2018.12.07-08.52.49:792][997]LogModuleManager: Shutting down and abandoning module AnimGraphRuntime (18)
[2018.12.07-08.52.49:792][997]LogModuleManager: Shutting down and abandoning module Renderer (16)
[2018.12.07-08.52.49:792][997]LogModuleManager: Shutting down and abandoning module Engine (14)
[2018.12.07-08.52.49:792][997]LogModuleManager: Shutting down and abandoning module CoreUObject (12)
[2018.12.07-08.52.49:792][997]LogModuleManager: Shutting down and abandoning module NetworkFile (10)
[2018.12.07-08.52.49:792][997]LogModuleManager: Shutting down and abandoning module CookedIterativeFile (8)
[2018.12.07-08.52.49:793][997]LogModuleManager: Shutting down and abandoning module StreamingFile (6)
[2018.12.07-08.52.49:793][997]LogModuleManager: Shutting down and abandoning module SandboxFile (4)
[2018.12.07-08.52.49:793][997]LogModuleManager: Shutting down and abandoning module PakFile (2)
[2018.12.07-08.52.49:801][997]LogExit: Exiting.
[2018.12.07-08.52.49:826][997]Log file closed, 12/07/18 03:52:49
