Log file open, 12/05/18 18:12:13
LogWindows: Failed to load 'aqProf.dll' (GetLastError=126)
LogWindows: File 'aqProf.dll' does not exist
LogWindows: Failed to load 'VSPerf140.dll' (GetLastError=126)
LogWindows: File 'VSPerf140.dll' does not exist
LogWindows: Failed to load 'VtuneApi.dll' (GetLastError=126)
LogWindows: File 'VtuneApi.dll' does not exist
LogWindows: Failed to load 'VtuneApi32e.dll' (GetLastError=126)
LogWindows: File 'VtuneApi32e.dll' does not exist
LogInit: Display: Running engine for game: MyProject2
LogPlatformFile: Not using cached read wrapper
LogTaskGraph: Started task graph with 5 named threads and 11 total threads with 3 sets of task threads.
LogStats: Stats thread started at 0.161389
LogD3D11RHI: Loaded GFSDK_Aftermath_Lib.x64.dll
LogICUInternationalization: Display: ICU TimeZone Detection - Raw Offset: -5:00, Platform Override: ''
LogPluginManager: Mounting plugin Paper2D
LogPluginManager: Mounting plugin AISupport
LogPluginManager: Mounting plugin LightPropagationVolume
LogPluginManager: Mounting plugin CLionSourceCodeAccess
LogPluginManager: Mounting plugin CodeLiteSourceCodeAccess
LogPluginManager: Mounting plugin GitSourceControl
LogPluginManager: Mounting plugin KDevelopSourceCodeAccess
LogPluginManager: Mounting plugin NullSourceCodeAccess
LogPluginManager: Mounting plugin PerforceSourceControl
LogPluginManager: Mounting plugin SubversionSourceControl
LogPluginManager: Mounting plugin UObjectPlugin
LogPluginManager: Mounting plugin VisualStudioCodeSourceCodeAccess
LogPluginManager: Mounting plugin VisualStudioSourceCodeAccess
LogPluginManager: Mounting plugin XCodeSourceCodeAccess
LogPluginManager: Mounting plugin AssetManagerEditor
LogPluginManager: Mounting plugin CryptoKeys
LogPluginManager: Mounting plugin DataValidation
LogPluginManager: Mounting plugin FacialAnimation
LogPluginManager: Mounting plugin GameplayTagsEditor
LogPluginManager: Mounting plugin MacGraphicsSwitching
LogPluginManager: Mounting plugin MeshEditor
LogPluginManager: Mounting plugin MobileLauncherProfileWizard
LogPluginManager: Mounting plugin PluginBrowser
LogPluginManager: Mounting plugin SpeedTreeImporter
LogPluginManager: Mounting plugin DatasmithContent
LogPluginManager: Mounting plugin AlembicImporter
LogPluginManager: Mounting plugin AppleImageUtils
LogPluginManager: Mounting plugin AppleVision
LogPluginManager: Mounting plugin BackChannel
LogPluginManager: Mounting plugin CharacterAI
LogPluginManager: Mounting plugin GeometryCache
LogPluginManager: Mounting plugin HTML5Networking
LogPluginManager: Mounting plugin ProxyLODPlugin
LogPluginManager: Mounting plugin MagicLeap
LogPluginManager: Mounting plugin MagicLeapEmulator
LogPluginManager: Mounting plugin MagicLeapMedia
LogPluginManager: Mounting plugin AndroidMedia
LogPluginManager: Mounting plugin AvfMedia
LogPluginManager: Mounting plugin ImgMedia
LogPluginManager: Mounting plugin LinearTimecode
LogPluginManager: Mounting plugin MediaCompositing
LogPluginManager: Mounting plugin MediaPlayerEditor
LogPluginManager: Mounting plugin WmfMedia
LogPluginManager: Mounting plugin TcpMessaging
LogPluginManager: Mounting plugin UdpMessaging
LogPluginManager: Mounting plugin ActorSequence
LogPluginManager: Mounting plugin LevelSequenceEditor
LogPluginManager: Mounting plugin MatineeToLevelSequence
LogPluginManager: Mounting plugin NetcodeUnitTest
LogPluginManager: Mounting plugin NUTUnrealEngine4
LogPluginManager: Mounting plugin OnlineSubsystemGooglePlay
LogPluginManager: Mounting plugin OnlineSubsystemIOS
LogPluginManager: Mounting plugin OnlineSubsystem
LogPluginManager: Mounting plugin OnlineSubsystemNull
LogPluginManager: Mounting plugin OnlineSubsystemUtils
LogPluginManager: Mounting plugin LauncherChunkInstaller
LogPluginManager: Mounting plugin AndroidDeviceProfileSelector
LogPluginManager: Mounting plugin AndroidMoviePlayer
LogPluginManager: Mounting plugin AndroidPermission
LogPluginManager: Mounting plugin AppleMoviePlayer
LogPluginManager: Mounting plugin ArchVisCharacter
LogPluginManager: Mounting plugin AudioCapture
LogPluginManager: Mounting plugin CableComponent
LogPluginManager: Mounting plugin CustomMeshComponent
LogPluginManager: Mounting plugin EditableMesh
LogPluginManager: Mounting plugin ExampleDeviceProfileSelector
LogPluginManager: Mounting plugin GoogleCloudMessaging
LogPluginManager: Mounting plugin ImmediatePhysics
LogPluginManager: Mounting plugin IOSDeviceProfileSelector
LogPluginManager: Mounting plugin LinuxDeviceProfileSelector
LogPluginManager: Mounting plugin LocationServicesBPLibrary
LogPluginManager: Mounting plugin MobilePatchingUtils
LogPluginManager: Mounting plugin OculusVR
LogPluginManager: Plugin shader directory ../../../Engine/Plugins/Runtime/Oculus/OculusVR/Shaders found
LogPluginManager: Mapping shader source directory ../../../Engine/Plugins/Runtime/Oculus/OculusVR/Shaders to virtual directory /Plugin/OculusVR
LogPluginManager: Mounting plugin PhysXVehicles
LogPluginManager: Mounting plugin ProceduralMeshComponent
LogPluginManager: Mounting plugin RuntimePhysXCooking
LogPluginManager: Mounting plugin SteamVR
LogPluginManager: Mounting plugin WindowsMoviePlayer
LogStreaming: Display: Took  0.206s to configure plugins.
LogInit: Using libcurl 7.55.1-DEV
LogInit:  - built for x86_64-pc-win32
LogInit:  - supports SSL with OpenSSL/1.0.2h
LogInit:  - supports HTTP deflate (compression) using libz 1.2.8
LogInit:  - other features:
LogInit:      CURL_VERSION_SSL
LogInit:      CURL_VERSION_LIBZ
LogInit:      CURL_VERSION_IPV6
LogInit:      CURL_VERSION_ASYNCHDNS
LogInit:      CURL_VERSION_LARGEFILE
LogInit:      CURL_VERSION_IDN
LogInit:  CurlRequestOptions (configurable via config and command line):
LogInit:  - bVerifyPeer = false  - Libcurl will NOT verify peer certificate
LogInit:  - bUseHttpProxy = false  - Libcurl will NOT use HTTP proxy
LogInit:  - bDontReuseConnections = false  - Libcurl will reuse connections
LogInit:  - CertBundlePath = nullptr  - Libcurl will use whatever was configured at build time.
LogInit:  - MaxHostConnections = 16  - Libcurl will limit the number of connections to a host
LogInit:  - LocalHostAddr = Default
LogInit:  - BufferSize = 65536
LogInit: WinSock: version 1.1 (2.2), MaxSocks=32767, MaxUdp=65467
LogInit: Build: ++UE4+Release-4.20-CL-4369336
LogInit: Engine Version: 4.20.3-4369336+++UE4+Release-4.20
LogInit: Compatible Engine Version: 4.20.0-4212847+++UE4+Release-4.20
LogInit: Net CL: 4212847
LogInit: OS: Windows 10 (), CPU: Intel(R) Core(TM) i7-7500U CPU @ 2.70GHz, GPU: Intel(R) HD Graphics 620
LogInit: Compiled (64-bit): Sep 17 2018 12:26:19
LogInit: Compiled with Visual C++: 19.13.26129.00
LogInit: Build Configuration: Development
LogInit: Branch Name: ++UE4+Release-4.20
LogInit: Command Line: 
LogInit: Base Directory: C:/Program Files/Epic Games/UE_4.20/Engine/Binaries/Win64/
LogInit: Installed Engine Build: 1
LogDevObjectVersion: Number of dev versions registered: 20
LogDevObjectVersion:   Dev-Blueprints (B0D832E4-1F89-4F0D-ACCF-7EB736FD4AA2): 10
LogDevObjectVersion:   Dev-Build (E1C64328-A22C-4D53-A36C-8E866417BD8C): 0
LogDevObjectVersion:   Dev-Core (375EC13C-06E4-48FB-B500-84F0262A717E): 2
LogDevObjectVersion:   Dev-Editor (E4B068ED-F494-42E9-A231-DA0B2E46BB41): 24
LogDevObjectVersion:   Dev-Framework (CFFC743F-43B0-4480-9391-14DF171D2073): 34
LogDevObjectVersion:   Dev-Mobile (B02B49B5-BB20-44E9-A304-32B752E40360): 2
LogDevObjectVersion:   Dev-Networking (A4E4105C-59A1-49B5-A7C5-40C4547EDFEE): 0
LogDevObjectVersion:   Dev-Online (39C831C9-5AE6-47DC-9A44-9C173E1C8E7C): 0
LogDevObjectVersion:   Dev-Physics (78F01B33-EBEA-4F98-B9B4-84EACCB95AA2): 0
LogDevObjectVersion:   Dev-Platform (6631380F-2D4D-43E0-8009-CF276956A95A): 0
LogDevObjectVersion:   Dev-Rendering (12F88B9F-8875-4AFC-A67C-D90C383ABD29): 26
LogDevObjectVersion:   Dev-Sequencer (7B5AE74C-D270-4C10-A958-57980B212A5A): 9
LogDevObjectVersion:   Dev-VR (D7296918-1DD6-4BDD-9DE2-64A83CC13884): 2
LogDevObjectVersion:   Dev-LoadTimes (C2A15278-BFE7-4AFE-6C17-90FF531DF755): 1
LogDevObjectVersion:   Private-Geometry (6EACA3D4-40EC-4CC1-B786-8BED09428FC5): 3
LogDevObjectVersion:   Dev-AnimPhys (29E575DD-E0A3-4627-9D10-D276232CDCEA): 17
LogDevObjectVersion:   Dev-ReflectionCapture (6B266CEC-1EC7-4B8F-A30B-E4D90942FC07): 1
LogDevObjectVersion:   Dev-Automation (0DF73D61-A23F-47EA-B727-89E90C41499A): 1
LogDevObjectVersion:   FortniteMain (601D1886-AC64-4F84-AA16-D3DE0DEAC7D6): 12
LogDevObjectVersion:   Dev-Enterprise (9DFFBCD6-494F-0158-E221-12823C92A888): 1
LogStreaming: Display: Took  0.003s to delete old logs.
LogInit: Presizing for max 8388607 objects, including 0 objects not considered by GC, pre-allocating 0 bytes for permanent pool.
LogInit: Object subsystem initialized
[2018.12.05-23.12.14:188][  0]LogInit: Selected Device Profile: [Windows]
[2018.12.05-23.12.14:188][  0]LogInit: Applying CVar settings loaded from the selected device profile: [Windows]
[2018.12.05-23.12.14:210][  0]LogHAL: Display: Platform has ~ 8 GB [8425320448 / 8589934592 / 8], which maps to Default [LargestMinGB=32, LargerMinGB=12, DefaultMinGB=8, SmallerMinGB=6, SmallestMinGB=0)
[2018.12.05-23.12.14:210][  0]LogInit: Setting Device Profile CVar: [[r.Vulkan.UseRealUBs:1]]
[2018.12.05-23.12.14:210][  0]LogInit: Going up to parent DeviceProfile []
[2018.12.05-23.12.14:211][  0]LogInit: Computer: LAPTOP-Q6FHCA5H
[2018.12.05-23.12.14:211][  0]LogInit: User: WilliamYao
[2018.12.05-23.12.14:211][  0]LogInit: CPU Page size=4096, Cores=2
[2018.12.05-23.12.14:211][  0]LogInit: High frequency timer resolution =24.000000 MHz
[2018.12.05-23.12.14:211][  0]LogMemory: Memory total: Physical=7.8GB (8GB approx)
[2018.12.05-23.12.14:211][  0]LogMemory: Platform Memory Stats for Windows
[2018.12.05-23.12.14:211][  0]LogMemory: Process Physical Memory: 100.47 MB used, 100.47 MB peak
[2018.12.05-23.12.14:211][  0]LogMemory: Process Virtual Memory: 84.27 MB used, 84.27 MB peak
[2018.12.05-23.12.14:211][  0]LogMemory: Physical Memory: 5797.86 MB used,  2237.16 MB free, 8035.01 MB total
[2018.12.05-23.12.14:211][  0]LogMemory: Virtual Memory: 4621.12 MB used,  2237.16 MB free, 134217728.00 MB total
[2018.12.05-23.12.14:237][  0]LogInit: Using OS detected language (en-US).
[2018.12.05-23.12.14:238][  0]LogInit: Using OS detected locale (en-US).
[2018.12.05-23.12.14:240][  0]LogTextLocalizationManager: No specific localization for 'en-US' exists, so the 'en' localization will be used.
[2018.12.05-23.12.14:812][  0]LogStreaming: Display: Took  0.575s to InitEngineTextLocalization.
[2018.12.05-23.12.14:812][  0]LogInit: Setting process to per monitor DPI aware
[2018.12.05-23.12.14:892][  0]LogSlate: New Slate User Created.  User Index 0, Is Virtual User: 0
[2018.12.05-23.12.14:892][  0]LogSlate: Slate User Registered.  User Index 0, Is Virtual User: 0
[2018.12.05-23.12.15:325][  0]LogHMD: Failed to initialize OpenVR with code 110
[2018.12.05-23.12.15:325][  0]LogD3D11RHI: D3D11 adapters:
[2018.12.05-23.12.15:337][  0]LogD3D11RHI:    0. 'Intel(R) HD Graphics 620' (Feature Level 11_0)
[2018.12.05-23.12.15:337][  0]LogD3D11RHI:       128/0/4017 MB DedicatedVideo/DedicatedSystem/SharedSystem, Outputs:1, VendorId:0x8086
[2018.12.05-23.12.15:379][  0]LogD3D11RHI:    1. 'AMD Radeon (TM) R7 M460' (Feature Level 11_0)
[2018.12.05-23.12.15:379][  0]LogD3D11RHI:       2039/0/4017 MB DedicatedVideo/DedicatedSystem/SharedSystem, Outputs:0, VendorId:0x1002
[2018.12.05-23.12.15:383][  0]LogD3D11RHI:    2. 'Microsoft Basic Render Driver' (Feature Level 11_0)
[2018.12.05-23.12.15:383][  0]LogD3D11RHI:       0/0/4017 MB DedicatedVideo/DedicatedSystem/SharedSystem, Outputs:0, VendorId:0x1414
[2018.12.05-23.12.15:383][  0]LogD3D11RHI: Chosen D3D11 Adapter: 1
[2018.12.05-23.12.15:395][  0]LogD3D11RHI: Creating new Direct3DDevice
[2018.12.05-23.12.15:395][  0]LogD3D11RHI:     GPU DeviceId: 0x6900 (for the marketing name, search the web for "GPU Device Id")
[2018.12.05-23.12.15:395][  0]LogWindows: EnumDisplayDevices:
[2018.12.05-23.12.15:395][  0]LogWindows:    0. 'Intel(R) HD Graphics 620' (P:1 D:1)
[2018.12.05-23.12.15:396][  0]LogWindows:    1. 'Intel(R) HD Graphics 620' (P:0 D:0)
[2018.12.05-23.12.15:396][  0]LogWindows:    2. 'Intel(R) HD Graphics 620' (P:0 D:0)
[2018.12.05-23.12.15:397][  0]LogWindows: DebugString: PrimaryIsNotTheChoosenAdapter PrimaryIsNotTheChoosenAdapter PrimaryIsNotTheChoosenAdapter FoundDriverCount:0 
[2018.12.05-23.12.15:397][  0]LogD3D11RHI:     Adapter Name: AMD Radeon (TM) R7 M460
[2018.12.05-23.12.15:397][  0]LogD3D11RHI:   Driver Version: Unknown (internal:Unknown, unified:Unknown)
[2018.12.05-23.12.15:397][  0]LogD3D11RHI:      Driver Date: Unknown
[2018.12.05-23.12.15:397][  0]LogRHI: Texture pool is 1427 MB (70% of 2039 MB)
[2018.12.05-23.12.15:439][  0]LogD3D11RHI: Async texture creation enabled
[2018.12.05-23.12.15:460][  0]LogD3D11RHI: GPU Timing Frequency: 27.000000 (Debug: 2 1)
[2018.12.05-23.12.15:463][  0]LogShaderCompilers: Guid format shader working directory is -11 characters bigger than the processId version (../../../../../../Users/William Yao/Desktop/Empathy/MyProject2/Intermediate/Shaders/WorkingDirectory/16436/).
[2018.12.05-23.12.15:463][  0]LogShaderCompilers: Cleaned the shader compiler working directory 'C:/Users/William Yao/AppData/Local/Temp/UnrealShaderWorkingDir/6FE274974F5B640BC992108C6C55BB3A/'.
[2018.12.05-23.12.15:992][  0]LogTemp: Display: Loaded TP AllDesktopTargetPlatform
[2018.12.05-23.12.16:017][  0]LogTemp: Display: Loaded TP MacClientTargetPlatform
[2018.12.05-23.12.16:041][  0]LogTemp: Display: Loaded TP MacNoEditorTargetPlatform
[2018.12.05-23.12.16:068][  0]LogTemp: Display: Loaded TP MacServerTargetPlatform
[2018.12.05-23.12.16:089][  0]LogTemp: Display: Loaded TP MacTargetPlatform
[2018.12.05-23.12.16:110][  0]LogTemp: Display: Loaded TP WindowsClientTargetPlatform
[2018.12.05-23.12.16:134][  0]LogTemp: Display: Loaded TP WindowsNoEditorTargetPlatform
[2018.12.05-23.12.16:156][  0]LogTemp: Display: Loaded TP WindowsServerTargetPlatform
[2018.12.05-23.12.16:170][  0]LogTemp: Display: Loaded TP WindowsTargetPlatform
[2018.12.05-23.12.16:303][  0]LogTemp: Display: Loaded TP AndroidTargetPlatform
[2018.12.05-23.12.16:303][  0]LogTemp: Display: Loaded TP AndroidTargetPlatform
[2018.12.05-23.12.16:303][  0]LogTemp: Display: Loaded TP AndroidTargetPlatform
[2018.12.05-23.12.16:303][  0]LogTemp: Display: Loaded TP AndroidTargetPlatform
[2018.12.05-23.12.16:303][  0]LogTemp: Display: Loaded TP AndroidTargetPlatform
[2018.12.05-23.12.16:303][  0]LogTemp: Display: Loaded TP AndroidTargetPlatform
[2018.12.05-23.12.16:303][  0]LogTemp: Display: Loaded TP AndroidTargetPlatform
[2018.12.05-23.12.16:303][  0]LogTemp: Display: Loaded TP AndroidTargetPlatform
[2018.12.05-23.12.16:303][  0]LogTemp: Display: Loaded TP AndroidTargetPlatform
[2018.12.05-23.12.16:303][  0]LogTemp: Display: Loaded TP AndroidTargetPlatform
[2018.12.05-23.12.16:303][  0]LogTemp: Display: Loaded TP AndroidTargetPlatform
[2018.12.05-23.12.16:303][  0]LogTemp: Display: Loaded TP AndroidTargetPlatform
[2018.12.05-23.12.16:303][  0]LogTemp: Display: Loaded TP AndroidTargetPlatform
[2018.12.05-23.12.16:303][  0]LogTemp: Display: Loaded TP AndroidTargetPlatform
[2018.12.05-23.12.16:303][  0]LogTemp: Display: Loaded TP AndroidTargetPlatform
[2018.12.05-23.12.16:303][  0]LogTemp: Display: Loaded TP AndroidTargetPlatform
[2018.12.05-23.12.16:303][  0]LogTemp: Display: Loaded TP AndroidTargetPlatform
[2018.12.05-23.12.16:304][  0]LogTemp: Display: Loaded TP AndroidTargetPlatform
[2018.12.05-23.12.16:305][  0]LogTemp: Display: Loaded TP HTML5TargetPlatform
[2018.12.05-23.12.16:388][  0]LogTemp: Display: Loaded TP IOSTargetPlatform
[2018.12.05-23.12.16:388][  0]LogTemp: Display: Loaded TP IOSTargetPlatform
[2018.12.05-23.12.16:420][  0]LogTemp: Display: Loaded TP TVOSTargetPlatform
[2018.12.05-23.12.16:421][  0]LogTemp: Display: Loaded TP TVOSTargetPlatform
[2018.12.05-23.12.16:437][  0]LogTemp: Display: Loaded TP LinuxClientTargetPlatform
[2018.12.05-23.12.16:453][  0]LogTemp: Display: Loaded TP LinuxNoEditorTargetPlatform
[2018.12.05-23.12.16:469][  0]LogTemp: Display: Loaded TP LinuxServerTargetPlatform
[2018.12.05-23.12.16:486][  0]LogTemp: Display: Loaded TP LinuxTargetPlatform
[2018.12.05-23.12.16:498][  0]LogTemp: Display: Loaded TP LuminTargetPlatform
[2018.12.05-23.12.16:498][  0]LogTargetPlatformManager: Display: Building Assets For Windows
[2018.12.05-23.12.16:590][  0]LogXGEController: Cannot use XGE Controller as Incredibuild is not installed on this machine.
[2018.12.05-23.12.16:590][  0]LogShaderCompilers: Cannot use XGE Shader Compiler as Incredibuild is not installed on this machine.
[2018.12.05-23.12.16:590][  0]LogShaderCompilers: Display: Using Local Shader Compiler.
[2018.12.05-23.12.18:290][  0]LogDerivedDataCache: Display: Max Cache Size: 512 MB
[2018.12.05-23.12.18:362][  0]LogDerivedDataCache: Loaded boot cache 0.07s 71MB C:/Users/William Yao/AppData/Local/UnrealEngine/4.20/DerivedDataCache/Boot.ddc.
[2018.12.05-23.12.18:362][  0]LogDerivedDataCache: Display: Loaded Boot cache: C:/Users/William Yao/AppData/Local/UnrealEngine/4.20/DerivedDataCache/Boot.ddc
[2018.12.05-23.12.18:362][  0]LogDerivedDataCache: FDerivedDataBackendGraph:  Pak pak cache file ../../../../../../Users/William Yao/Desktop/Empathy/MyProject2/DerivedDataCache/DDC.ddp not found, will not use a pak cache.
[2018.12.05-23.12.18:362][  0]LogDerivedDataCache: Unable to find inner node Pak for hierarchical cache Hierarchy.
[2018.12.05-23.12.18:363][  0]LogDerivedDataCache: FDerivedDataBackendGraph:  CompressedPak pak cache file ../../../../../../Users/William Yao/Desktop/Empathy/MyProject2/DerivedDataCache/Compressed.ddp not found, will not use a pak cache.
[2018.12.05-23.12.18:363][  0]LogDerivedDataCache: Unable to find inner node CompressedPak for hierarchical cache Hierarchy.
[2018.12.05-23.12.18:382][  0]LogDerivedDataCache: Display: Pak cache opened for reading ../../../Engine/DerivedDataCache/Compressed.ddp.
[2018.12.05-23.12.18:396][  0]LogDerivedDataCache: Using Local data cache path C:/Users/William Yao/AppData/Local/UnrealEngine/Common/DerivedDataCache: Writable
[2018.12.05-23.12.18:396][  0]LogDerivedDataCache: Shared data cache path not found in *engine.ini, will not use an Shared cache.
[2018.12.05-23.12.18:396][  0]LogDerivedDataCache: Unable to find inner node Shared for hierarchical cache Hierarchy.
[2018.12.05-23.12.18:420][  0]LogMaterial: Verifying Global Shaders for PCD3D_SM5
[2018.12.05-23.12.18:421][  0]LogSlate: Using FreeType 2.6.0
[2018.12.05-23.12.18:422][  0]LogSlate: SlateFontServices - WITH_FREETYPE: 1, WITH_HARFBUZZ: 1
[2018.12.05-23.12.18:512][  0]LogAssetRegistry: FAssetRegistry took 0.0281 seconds to start up
[2018.12.05-23.12.19:036][  0]LogInit: Selected Device Profile: [Windows]
[2018.12.05-23.12.19:162][  0]LogSimplygon: Simplygon DLL not present - disabling.
[2018.12.05-23.12.19:168][  0]LogMeshReduction: Using SimplygonSwarm for distributed automatic mesh merging
[2018.12.05-23.12.19:168][  0]LogMeshReduction: Using ProxyLODMeshReduction for automatic mesh merging
[2018.12.05-23.12.19:168][  0]LogMeshReduction: Using QuadricMeshReduction for automatic static mesh reduction
[2018.12.05-23.12.19:168][  0]LogMeshReduction: No automatic skeletal mesh reduction module available
[2018.12.05-23.12.19:311][  0]LogNetVersion: MyProject2 1.0.0, NetCL: 4212847, EngineNetVer: 5, GameNetVer: 0 (Checksum: 1482868377)
[2018.12.05-23.12.20:343][  0]LogPackageLocalizationCache: Processed 11 localized package path(s) for 2 prioritized culture(s) in 0.218904 seconds
[2018.12.05-23.12.20:353][  0]LogUObjectArray: 38425 objects as part of root set at end of initial load.
[2018.12.05-23.12.20:353][  0]LogUObjectAllocator: 6690872 out of 0 bytes used by permanent object pool.
[2018.12.05-23.12.20:353][  0]LogUObjectArray: CloseDisregardForGC: 0/0 objects in disregard for GC pool
[2018.12.05-23.12.21:758][  0]LogTcpMessaging: Initializing TcpMessaging bridge
[2018.12.05-23.12.21:773][  0]LogUdpMessaging: Initializing bridge on interface 0.0.0.0:0 to multicast group 230.0.0.1:6666.
[2018.12.05-23.12.21:972][  0]SourceControl: Source control is disabled
[2018.12.05-23.12.21:972][  0]SourceControl: Source control is disabled
[2018.12.05-23.12.21:974][  0]SourceControl: Source control is disabled
[2018.12.05-23.12.21:975][  0]SourceControl: Source control is disabled
[2018.12.05-23.12.22:160][  0]LogAndroidPermission: UAndroidPermissionCallbackProxy::GetInstance
[2018.12.05-23.12.22:220][  0]LogOcInput: OculusInput pre-init called
[2018.12.05-23.12.22:317][  0]LogEngine: Initializing Engine...
[2018.12.05-23.12.22:318][  0]LogHMD: Failed to initialize OpenVR with code 110
[2018.12.05-23.12.22:321][  0]LogStats: UGameplayTagsManager::ConstructGameplayTagTree: ImportINI prefixes -  0.000 s
[2018.12.05-23.12.22:321][  0]LogStats: UGameplayTagsManager::ConstructGameplayTagTree: Construct from data asset -  0.000 s
[2018.12.05-23.12.22:321][  0]LogStats: UGameplayTagsManager::ConstructGameplayTagTree: ImportINI -  0.000 s
[2018.12.05-23.12.22:321][  0]LogStats: UGameplayTagsManager::ConstructGameplayTagTree: GameplayTagTreeChangedEvent.Broadcast -  0.000 s
[2018.12.05-23.12.22:702][  0]LogInit: Initializing FReadOnlyCVARCache
[2018.12.05-23.12.22:726][  0]LogAIModule: Creating AISystem for world Untitled
[2018.12.05-23.12.22:748][  0]LogInit: XAudio2 using 'Speakers (Realtek High Definition Audio)' : 2 channels at 48 kHz using 32 bits per sample (channel mask 0x3)
[2018.12.05-23.12.23:772][  0]LogInit: FAudioDevice initialized.
[2018.12.05-23.12.23:772][  0]LogNetVersion: Set ProjectVersion to 1.0.0.0. Version Checksum will be recalculated on next use.
[2018.12.05-23.12.23:868][  0]LogDerivedDataCache: Saved boot cache 0.10s 71MB C:/Users/William Yao/AppData/Local/UnrealEngine/4.20/DerivedDataCache/Boot.ddc.
[2018.12.05-23.12.23:881][  0]LogInit: Texture streaming: Enabled
[2018.12.05-23.12.23:906][  0]LogEngineSessionManager: EngineSessionManager initialized
[2018.12.05-23.12.23:925][  0]LogInit: Transaction tracking system initialized
[2018.12.05-23.12.23:961][  0]BlueprintLog: New page: Editor Load
[2018.12.05-23.12.24:074][  0]LocalizationService: Localization service is disabled
[2018.12.05-23.12.24:624][  0]LogCook: Display: Max memory allowance for cook 16384mb min free memory 0mb
[2018.12.05-23.12.24:624][  0]LogCook: Display: Mobile HDR setting 1
[2018.12.05-23.12.24:624][  0]LogGameplayTags: Display: UGameplayTagsManager::DoneAddingNativeTags. DelegateIsBound: 0
[2018.12.05-23.12.24:624][  0]LogStats: UGameplayTagsManager::ConstructGameplayTagTree: ImportINI prefixes -  0.000 s
[2018.12.05-23.12.24:624][  0]LogStats: UGameplayTagsManager::ConstructGameplayTagTree: Construct from data asset -  0.000 s
[2018.12.05-23.12.24:625][  0]LogStats: UGameplayTagsManager::ConstructGameplayTagTree: ImportINI -  0.000 s
[2018.12.05-23.12.24:625][  0]LogStats: UGameplayTagsManager::ConstructGameplayTagTree: GameplayTagTreeChangedEvent.Broadcast -  0.000 s
[2018.12.05-23.12.24:875][  0]LogFileCache: Scanning file cache for directory 'C:/Users/William Yao/Desktop/Empathy/MyProject2/Content/' took 0.03s
[2018.12.05-23.12.24:875][  0]SourceControl: Source control is disabled
[2018.12.05-23.12.24:875][  0]Cmd: MAP LOAD FILE="../../../../../../Users/William Yao/Desktop/Empathy/MyProject2/Content/ThirdPersonBP/Maps/ThirdPersonExampleMap.umap" TEMPLATE=0 SHOWPROGRESS=1 FEATURELEVEL=3
[2018.12.05-23.12.24:884][  0]LightingResults: New page: Lighting Build
[2018.12.05-23.12.24:890][  0]MapCheck: New page: Map Check
[2018.12.05-23.12.24:890][  0]LightingResults: New page: Lighting Build
[2018.12.05-23.12.25:909][  0]LogAIModule: Creating AISystem for world ThirdPersonExampleMap
[2018.12.05-23.12.25:932][  0]LogEditorServer: Finished looking for orphan Actors (0.000 secs)
[2018.12.05-23.12.25:961][  0]Cmd: MAP CHECKDEP NOCLEARLOG
[2018.12.05-23.12.26:067][  0]MapCheck: Map check complete: 0 Error(s), 0 Warning(s), took 106.551ms to complete.
[2018.12.05-23.12.26:067][  0]LogFileHelpers: Loading map 'ThirdPersonExampleMap' took 1.193
[2018.12.05-23.12.26:222][  0]LogSlate: Updating window title bar state: overlay mode, drag disabled, window buttons hidden, title bar hidden
[2018.12.05-23.12.26:231][  0]LogSlate: Updating window title bar state: overlay mode, drag disabled, window buttons hidden, title bar hidden
[2018.12.05-23.12.26:239][  0]LogSlate: Updating window title bar state: overlay mode, drag disabled, window buttons hidden, title bar hidden
[2018.12.05-23.12.26:248][  0]LogSlate: Updating window title bar state: overlay mode, drag disabled, window buttons hidden, title bar hidden
[2018.12.05-23.12.26:263][  0]LogCollectionManager: Loaded 0 collections in 0.003218 seconds
[2018.12.05-23.12.26:307][  0]LogFileCache: Scanning file cache for directory 'C:/Users/William Yao/Desktop/Empathy/MyProject2/Saved/Collections/' took 0.01s
[2018.12.05-23.12.26:307][  0]LogFileCache: Scanning file cache for directory 'C:/Users/William Yao/Desktop/Empathy/MyProject2/Content/Developers/WilliamYao/Collections/' took 0.01s
[2018.12.05-23.12.26:307][  0]LogFileCache: Scanning file cache for directory 'C:/Users/William Yao/Desktop/Empathy/MyProject2/Content/Collections/' took 0.01s
[2018.12.05-23.12.26:307][  0]LogCollectionManager: Rebuilt the GUID cache for 0 collections in 0.000009 seconds
[2018.12.05-23.12.26:319][  0]LogContentBrowser: Native class hierarchy populated in 0.0111 seconds. Added 2572 classes and 603 folders.
[2018.12.05-23.12.26:328][  0]LogContentBrowser: Native class hierarchy updated for 'WidgetCarousel' in 0.0003 seconds. Added 0 classes and 0 folders.
[2018.12.05-23.12.26:867][  0]LogContentBrowser: Native class hierarchy updated for 'AddContentDialog' in 0.0004 seconds. Added 0 classes and 0 folders.
[2018.12.05-23.12.26:875][  0]LogContentBrowser: Native class hierarchy updated for 'SceneOutliner' in 0.0005 seconds. Added 1 classes and 2 folders.
[2018.12.05-23.12.26:907][  0]LogSlate: Took 0.000302 seconds to synchronously load lazily loaded font '../../../Engine/Content/Slate/Fonts/Roboto-Regular.ttf' (155K)
[2018.12.05-23.12.26:913][  0]LogSlate: Took 0.000268 seconds to synchronously load lazily loaded font '../../../Engine/Content/Slate/Fonts/Roboto-Bold.ttf' (160K)
[2018.12.05-23.12.26:935][  0]LogSlate: Took 0.012259 seconds to synchronously load lazily loaded font '../../../Engine/Content/Editor/Slate/Fonts/FontAwesome.ttf' (139K)
[2018.12.05-23.12.27:089][  0]LogRenderer: Reallocating scene render targets to support 1208x576 Format 10 NumSamples 1 (Frame:1).
[2018.12.05-23.12.27:113][  0]LogD3D11RHI: Error: agsDriverExtensionsDX11_SetDepthBounds(1,0.000000, 1.000000) returned error code 2. **********PLEASE UPDATE YOUR VIDEO DRIVERS*********
[2018.12.05-23.12.27:465][  0]LogContentBrowser: Native class hierarchy updated for 'HierarchicalLODOutliner' in 0.0004 seconds. Added 0 classes and 0 folders.
[2018.12.05-23.12.27:465][  0]LogLoad: (Engine Initialization) Total time: 16.02 seconds
[2018.12.05-23.12.27:465][  0]LogLoad: (Engine Initialization) Total Blueprint compile time: 0.00 seconds
[2018.12.05-23.12.27:485][  0]LogWindowsTextInputMethodSystem: Display: IME system now deactivated.
[2018.12.05-23.12.27:510][  0]LogContentStreaming: Texture pool size now 1000 MB
[2018.12.05-23.12.27:542][  0]LogSlate: Took 0.006025 seconds to synchronously load lazily loaded font '../../../Engine/Content/Slate/Fonts/Roboto-Light.ttf' (167K)
[2018.12.05-23.12.27:818][  4]LogAssetRegistry: Asset discovery search completed in 9.3290 seconds
[2018.12.05-23.12.27:821][  4]LogCollectionManager: Rebuilt the object cache for 0 collections in 0.000005 seconds (found 0 objects)
[2018.12.05-23.12.27:821][  4]LogCollectionManager: Fixed up redirectors for 0 collections in 0.000092 seconds (updated 0 objects)
[2018.12.05-23.12.57:304][820]LogSlate: FSceneViewport::OnFocusLost() reason 0
[2018.12.05-23.12.57:507][826]LogSlate: Took 0.000295 seconds to synchronously load lazily loaded font '../../../Engine/Content/Slate/Fonts/Roboto-Light.ttf' (167K)
[2018.12.05-23.12.57:860][826]LogAIModule: Creating AISystem for world Classroom
[2018.12.05-23.12.57:894][826]LogAssetEditorManager: Opening Asset editor for World /Game/Classroom.Classroom
[2018.12.05-23.12.57:931][826]Cmd: MAP LOAD FILE="../../../../../../Users/William Yao/Desktop/Empathy/MyProject2/Content/Classroom.umap" TEMPLATE=0 SHOWPROGRESS=1 FEATURELEVEL=3
[2018.12.05-23.12.57:932][826]LightingResults: New page: Lighting Build
[2018.12.05-23.12.57:933][826]LoadErrors: New page: Loading map: Classroom.umap
[2018.12.05-23.12.57:938][826]MapCheck: New page: Map Check
[2018.12.05-23.12.57:938][826]LightingResults: New page: Lighting Build
[2018.12.05-23.12.58:024][826]LogEditorServer: Finished looking for orphan Actors (0.000 secs)
[2018.12.05-23.12.58:111][826]Cmd: MAP CHECKDEP NOCLEARLOG
[2018.12.05-23.12.58:266][826]MapCheck: Map check complete: 0 Error(s), 0 Warning(s), took 154.319ms to complete.
[2018.12.05-23.12.58:266][826]LogFileHelpers: Loading map 'Classroom' took 0.335
[2018.12.05-23.13.05:597][928]LogSlate: FSceneViewport::OnFocusLost() reason 0
[2018.12.05-23.13.19:848][124]LogAIModule: Creating AISystem for world Recess
[2018.12.05-23.13.19:858][124]LogAssetEditorManager: Opening Asset editor for World /Game/Maps/Recess.Recess
[2018.12.05-23.13.19:883][124]Cmd: MAP LOAD FILE="../../../../../../Users/William Yao/Desktop/Empathy/MyProject2/Content/Maps/Recess.umap" TEMPLATE=0 SHOWPROGRESS=1 FEATURELEVEL=3
[2018.12.05-23.13.19:883][124]LightingResults: New page: Lighting Build
[2018.12.05-23.13.19:884][124]LoadErrors: New page: Loading map: Recess.umap
[2018.12.05-23.13.19:896][124]MapCheck: New page: Map Check
[2018.12.05-23.13.19:896][124]LightingResults: New page: Lighting Build
[2018.12.05-23.13.19:940][124]LogEditorServer: Finished looking for orphan Actors (0.000 secs)
[2018.12.05-23.13.20:005][124]Cmd: MAP CHECKDEP NOCLEARLOG
[2018.12.05-23.13.20:136][124]MapCheck: Map check complete: 0 Error(s), 0 Warning(s), took 130.786ms to complete.
[2018.12.05-23.13.20:138][124]LogFileHelpers: Loading map 'Recess' took 0.257
[2018.12.05-23.13.28:398][352]LogSlate: FSceneViewport::OnFocusLost() reason 0
[2018.12.05-23.13.36:593][446]LogSlate: Window 'Delete Assets' being destroyed
[2018.12.05-23.13.39:349][464]LogSlate: Window 'Delete Assets' being destroyed
[2018.12.05-23.13.48:650][524]LogFactory: FactoryCreateFile: StaticMesh with FbxFactory (0 0 ../../../../../../Users/William Yao/Desktop/Empathy/ArtAssets/Recess/Bench.obj)
[2018.12.05-23.13.48:669][524]LogFbx: Loading FBX Scene from ../../../../../../Users/William Yao/Desktop/Empathy/ArtAssets/Recess/Bench.obj
[2018.12.05-23.13.48:674][524]LogFbx: FBX Scene Loaded Succesfully
[2018.12.05-23.13.50:093][524]LogSlate: Window 'FBX Import Options' being destroyed
[2018.12.05-23.13.50:421][524]LogMaterial: Display: Missing cached shader map for material polySurface1Mat, compiling. 
[2018.12.05-23.13.50:489][524]LogFbx: Warning: Triangulating static mesh Bench:Bench_Bench:Metal_Bench:polySurface1
[2018.12.05-23.13.50:504][524]LogShaderCompilers: Display: Shaders left to compile 22
[2018.12.05-23.13.50:504][524]LogShaderCompilers: Display: Shaders left to compile 12
[2018.12.05-23.13.50:504][524]LogShaderCompilers: Display: Shaders left to compile 2
[2018.12.05-23.13.50:514][524]LogStaticMesh: Building static mesh Bench_polySurface1...
[2018.12.05-23.13.50:571][524]LogStaticMesh: Built static mesh [0.06s] /Game/Bench_polySurface1.Bench_polySurface1
[2018.12.05-23.13.50:593][524]LogMaterial: Display: Missing cached shader map for material polySurface1Mat1, compiling. 
[2018.12.05-23.13.50:620][524]LogFbx: Warning: Triangulating static mesh Bench:Bench_Bench:Wood_Bench:polySurface1
[2018.12.05-23.13.50:631][524]LogStaticMesh: Building static mesh Bench_polySurface1_1...
[2018.12.05-23.13.50:707][524]LogStaticMesh: Built static mesh [0.08s] /Game/Bench_polySurface1_1.Bench_polySurface1_1
[2018.12.05-23.13.50:729][524]FBXImport: Warning: No smoothing group information was found in this FBX scene.  Please make sure to enable the 'Export Smoothing Groups' option in the FBX Exporter plug-in before exporting the file.  Even for tools that don't support smoothing groups, the FBX Exporter will generate appropriate smoothing data at export-time so that correct vertex normals can be inferred while importing. 
[2018.12.05-23.13.52:666][558]LogShaderCompilers: Display: Shaders left to compile 22
[2018.12.05-23.13.57:555][688]LogShaderCompilers: Display: Shaders left to compile 12
[2018.12.05-23.13.58:421][711]LogShaderCompilers: Display: Shaders left to compile 2
[2018.12.05-23.13.59:866][749]LogSlate: Window 'Message Log' being destroyed
[2018.12.05-23.13.59:880][749]LogSlate: Window 'Message Log' being destroyed
[2018.12.05-23.21.18:878][469]LogEditorViewport: Clicking on Actor (LMB): StaticMeshActor (Fence4)
[2018.12.05-23.24.26:197][198]LogSlate: FSceneViewport::OnFocusLost() reason 2
[2018.12.05-23.24.26:364][198]LogSavePackage: Moving '../../../../../../Users/William Yao/Desktop/Empathy/MyProject2/Saved/Recess_Auto17E301EB9474A6D1E5A759289A0B9EC85.tmp' to '../../../../../../Users/William Yao/Desktop/Empathy/MyProject2/Saved/Autosaves/Game/Maps/Recess_Auto1.umap'
[2018.12.05-23.24.26:379][198]LogFileHelpers: Editor autosave (incl. sublevels) for '/Game/Maps/Recess' took 0.120
[2018.12.05-23.24.26:379][198]LogFileHelpers: Editor autosave (incl. sublevels) for all levels took 0.120
[2018.12.05-23.24.26:383][198]OBJ SavePackage: Generating thumbnails for [1] asset(s) in package [/Game/Bench_polySurface1] ([1] browsable assets)...
[2018.12.05-23.24.26:428][198]OBJ SavePackage:     Rendered thumbnail for [StaticMesh /Game/Bench_polySurface1.Bench_polySurface1]
[2018.12.05-23.24.26:428][198]OBJ SavePackage: Finished generating thumbnails for package [/Game/Bench_polySurface1]
[2018.12.05-23.24.26:461][198]LogSavePackage: Moving '../../../../../../Users/William Yao/Desktop/Empathy/MyProject2/Saved/Bench_polySurface1_Auto127DBBD434794885001493A8491A56AAD.tmp' to '../../../../../../Users/William Yao/Desktop/Empathy/MyProject2/Saved/Autosaves/Game/Bench_polySurface1_Auto1.uasset'
[2018.12.05-23.24.26:467][198]OBJ SavePackage: Generating thumbnails for [1] asset(s) in package [/Game/polySurface1Mat] ([1] browsable assets)...
[2018.12.05-23.24.26:506][198]OBJ SavePackage:     Rendered thumbnail for [Material /Game/polySurface1Mat.polySurface1Mat]
[2018.12.05-23.24.26:506][198]OBJ SavePackage: Finished generating thumbnails for package [/Game/polySurface1Mat]
[2018.12.05-23.24.26:506][198]Cmd: OBJ SAVEPACKAGE PACKAGE="/Game/polySurface1Mat" FILE="../../../../../../Users/William Yao/Desktop/Empathy/MyProject2/Saved/Autosaves/Game/polySurface1Mat_Auto1.uasset" SILENT=false AUTOSAVING=true
[2018.12.05-23.24.26:540][198]LogSavePackage: Moving '../../../../../../Users/William Yao/Desktop/Empathy/MyProject2/Saved/polySurface1Mat_Auto1047191294F6D4A9133AA69AB2C89D306.tmp' to '../../../../../../Users/William Yao/Desktop/Empathy/MyProject2/Saved/Autosaves/Game/polySurface1Mat_Auto1.uasset'
[2018.12.05-23.24.26:547][198]OBJ SavePackage: Generating thumbnails for [1] asset(s) in package [/Game/Bench_polySurface1_1] ([1] browsable assets)...
[2018.12.05-23.24.26:584][198]OBJ SavePackage:     Rendered thumbnail for [StaticMesh /Game/Bench_polySurface1_1.Bench_polySurface1_1]
[2018.12.05-23.24.26:584][198]OBJ SavePackage: Finished generating thumbnails for package [/Game/Bench_polySurface1_1]
[2018.12.05-23.24.26:622][198]LogSavePackage: Moving '../../../../../../Users/William Yao/Desktop/Empathy/MyProject2/Saved/Bench_polySurface1_1_Auto13864CE14477A7DD4D6AF1EBF0B0F5060.tmp' to '../../../../../../Users/William Yao/Desktop/Empathy/MyProject2/Saved/Autosaves/Game/Bench_polySurface1_1_Auto1.uasset'
[2018.12.05-23.24.26:629][198]OBJ SavePackage: Generating thumbnails for [1] asset(s) in package [/Game/polySurface1Mat1] ([1] browsable assets)...
[2018.12.05-23.24.26:668][198]OBJ SavePackage:     Rendered thumbnail for [Material /Game/polySurface1Mat1.polySurface1Mat1]
[2018.12.05-23.24.26:668][198]OBJ SavePackage: Finished generating thumbnails for package [/Game/polySurface1Mat1]
[2018.12.05-23.24.26:668][198]Cmd: OBJ SAVEPACKAGE PACKAGE="/Game/polySurface1Mat1" FILE="../../../../../../Users/William Yao/Desktop/Empathy/MyProject2/Saved/Autosaves/Game/polySurface1Mat1_Auto1.uasset" SILENT=false AUTOSAVING=true
[2018.12.05-23.24.26:700][198]LogSavePackage: Moving '../../../../../../Users/William Yao/Desktop/Empathy/MyProject2/Saved/polySurface1Mat1_Auto1661004BF4A9D211D3158A4B0363935F6.tmp' to '../../../../../../Users/William Yao/Desktop/Empathy/MyProject2/Saved/Autosaves/Game/polySurface1Mat1_Auto1.uasset'
[2018.12.05-23.24.26:705][198]LogFileHelpers: Auto-saving content packages took 0.323
[2018.12.05-23.26.51:325][947]LogSlate: FSceneViewport::OnFocusLost() reason 0
[2018.12.05-23.34.14:850][433]LogEditorViewport: Clicking on Actor (LMB): StaticMeshActor (Floor)
[2018.12.05-23.34.16:497][478]LogEditorViewport: Clicking on Actor (LMB): DirectionalLight (Light Source)
[2018.12.05-23.34.22:054][636]LogSlate: FSceneViewport::OnFocusLost() reason 0
[2018.12.05-23.34.22:087][637]MapCheck: New page: Map Check
[2018.12.05-23.34.22:160][637]Cmd: MAP REBUILD ALLVISIBLE
[2018.12.05-23.34.22:160][637]LogEditorServer: Rebuildmap Clear paths rebuilt
[2018.12.05-23.34.22:241][637]LogMaterial: Display: Missing cached shader map for material FDebugViewModeMaterialProxy M_Concrete_Poured, compiling. 
[2018.12.05-23.34.22:256][637]LogMaterial: Display: Missing cached shader map for material FDebugViewModeMaterialProxy MaterialInstanceDynamic_0, compiling. 
[2018.12.05-23.34.22:268][637]LogShaderCompilers: Display: Shaders left to compile 1
[2018.12.05-23.34.22:268][637]LogMaterial: Display: Missing cached shader map for material FDebugViewModeMaterialProxy M_Metal_Steel, compiling. 
[2018.12.05-23.34.23:389][637]LogShaderCompilers: Display: Shaders left to compile 2
[2018.12.05-23.34.23:389][637]LogShaderCompilers: Display: Shaders left to compile 1
[2018.12.05-23.34.23:389][637]TextureStreamingBuild: Display: Compiling optional shaders took 1.163 seconds.
[2018.12.05-23.34.23:465][637]LogLevel: Display: Export Material TexCoord Scales took 0.076 seconds.
[2018.12.05-23.34.23:478][637]TextureStreamingBuild: Display: Build Texture Streaming took 0.011 seconds.
[2018.12.05-23.34.23:505][637]LightingResults: New page: Lighting Build - Dec 5, 2018, 1:34:23 PM
[2018.12.05-23.34.23:607][637]LogSwarmInterface: [OpenConnection] Registering TCP channel ...
[2018.12.05-23.34.23:831][637]LogSwarmInterface: [OpenConnection] Connecting to agent ...
[2018.12.05-23.34.23:870][637]LogSwarmInterface: [TryOpenConnection] Testing the Agent
[2018.12.05-23.34.25:959][637]LogSwarmInterface: [TryOpenConnection] Opening Connection to Agent
[2018.12.05-23.34.25:960][637]LogSwarmInterface: [TryOpenConnection] Local Process ID is 16436
[2018.12.05-23.34.32:441][637]LogStaticLightingSystem: Warning: No importance volume found, so the scene bounding box was used.  You can optimize your scene's quality and lighting build times by adding importance volumes.
[2018.12.05-23.34.32:442][637]LogStaticLightingSystem: Running Lightmass w/ ImmediateImport mode ENABLED
[2018.12.05-23.34.32:442][637]LogStaticLightingSystem: Running Lightmass w/ ImmediateProcess mode ENABLED
[2018.12.05-23.34.32:442][637]LogStaticLightingSystem: Running Lightmass w/ Sorting mode ENABLED
[2018.12.05-23.34.32:442][637]LogStaticLightingSystem: Running Lightmass w/ Mapping paddings ENABLED
[2018.12.05-23.34.32:442][637]LogStaticLightingSystem: Running Lightmass w/ Mapping debug paddings DISABLED
[2018.12.05-23.34.32:869][637]Cmd: MAP CHECK DONTDISPLAYDIALOG
[2018.12.05-23.34.32:870][637]MapCheck: New page: Recess - Dec 5, 2018, 1:34:32 PM
[2018.12.05-23.34.32:887][637]MapCheck: Error: WorldSettings_1 Maps need lighting rebuilt 
[2018.12.05-23.34.33:018][637]MapCheck: Map check complete: 1 Error(s), 0 Warning(s), took 147.659ms to complete.
[2018.12.05-23.34.33:042][637]LogEditorBuildUtils: Build time 0:10
[2018.12.05-23.34.33:084][637]LogMaterial: Display: Missing cached shader map for material FLightmassMaterialRenderer M_Concrete_Poured, compiling. 
[2018.12.05-23.34.33:097][637]LogShaderCompilers: Display: Shaders left to compile 2
[2018.12.05-23.34.33:097][637]LogMaterial: Display: Missing cached shader map for material FLightmassMaterialRenderer M_Concrete_Poured, compiling. 
[2018.12.05-23.34.33:162][637]LogShaderCompilers: Display: Shaders left to compile 2
[2018.12.05-23.34.33:222][638]LogMaterial: Display: Missing cached shader map for material FLightmassMaterialRenderer MaterialInstanceDynamic_0, compiling. 
[2018.12.05-23.34.33:254][638]LogShaderCompilers: Display: Shaders left to compile 2
[2018.12.05-23.34.33:254][638]LogMaterial: Display: Missing cached shader map for material FLightmassMaterialRenderer MaterialInstanceDynamic_0, compiling. 
[2018.12.05-23.34.33:305][639]LogMaterial: Display: Missing cached shader map for material FLightmassMaterialRenderer M_Metal_Steel, compiling. 
[2018.12.05-23.34.33:321][639]LogMaterial: Display: Missing cached shader map for material FLightmassMaterialRenderer M_Metal_Steel, compiling. 
[2018.12.05-23.34.33:372][640]LogMaterial: Display: Missing cached shader map for material FLightmassMaterialRenderer WorldGridMaterial, compiling. Is special engine material.
[2018.12.05-23.34.33:389][640]LogMaterial: Display: Missing cached shader map for material FLightmassMaterialRenderer WorldGridMaterial, compiling. Is special engine material.
[2018.12.05-23.34.37:485][642]LogShaderCompilers: Display: Shaders left to compile 10
[2018.12.05-23.34.37:676][642]LogSavePackage: Moving '../../../../../../Users/William Yao/Desktop/Empathy/MyProject2/Saved/Recess_Auto25FEA5AF24F4C4F98AEEC63B4A2276C04.tmp' to '../../../../../../Users/William Yao/Desktop/Empathy/MyProject2/Saved/Autosaves/Game/Maps/Recess_Auto2.umap'
[2018.12.05-23.34.37:686][642]LogFileHelpers: Editor autosave (incl. sublevels) for '/Game/Maps/Recess' took 0.112
[2018.12.05-23.34.37:686][642]LogFileHelpers: Editor autosave (incl. sublevels) for all levels took 0.112
[2018.12.05-23.34.43:689][765]Job is a success!
[2018.12.05-23.34.43:878][766]LogVolumetricLightmapImport: Imported Volumetric Lightmap in 0.025s
[2018.12.05-23.34.43:878][766]LogVolumetricLightmapImport:      Indirection Texture 16x16x16 = 0.0Mb
[2018.12.05-23.34.43:878][766]LogVolumetricLightmapImport:      BrickData 515x5x5 = 0.5Mb
[2018.12.05-23.34.43:878][766]LogVolumetricLightmapImport:      Bricks at Level
[2018.12.05-23.34.43:878][766]LogVolumetricLightmapImport:          0: 1.0% covering 100.0% of volume
[2018.12.05-23.34.43:878][766]LogVolumetricLightmapImport:          1: 3.9% covering 6.3% of volume
[2018.12.05-23.34.43:878][766]LogVolumetricLightmapImport:          2: 95.1% covering 2.4% of volume
[2018.12.05-23.34.44:074][766]LogTexture: Display: Building textures: HQ_Lightmap0_1 (AutoDXT, 256X256)
[2018.12.05-23.34.44:074][766]LogTexture: Display: Building textures: LQ_Lightmap_0_1 (DXT1, 256X256)
[2018.12.05-23.34.44:074][766]LogTexture: Display: Building textures: HQ_Lightmap0_2 (AutoDXT, 64X64)
[2018.12.05-23.34.44:074][766]LogTexture: Display: Building textures: LQ_Lightmap_0_2 (DXT1, 64X64)
[2018.12.05-23.34.44:074][766]LogTexture: Display: Building textures: ShadowMapTexture2D_0 (G8, 256X128)
[2018.12.05-23.34.44:074][766]LogTexture: Display: Building textures: ShadowMapTexture2D_1 (G8, 32X32)
[2018.12.05-23.34.44:164][766]Lightmass on LAPTOP-Q6FHCA5H: 4.01 sec total, 416 ms importing, 61 ms setup, 544 ms photons, 2.97 sec processing, 0 ms extra exporting [6/6 mappings]. Threads: 11.8 sec total, 2.00 sec processing.
[2018.12.05-23.34.44:231][766]LogStaticLightingSystem: Illumination: 20.6 sec (134 ms encoding lightmaps, 29 ms encoding shadowmaps)
[2018.12.05-23.34.44:231][766]LogStaticLightingSystem: Lightmap texture memory:  0.1 MB (0.1 MB streaming, 0.0 MB non-streaming), 4 textures
[2018.12.05-23.34.44:231][766]LogStaticLightingSystem: Shadowmap texture memory: 0.0 MB (0.0 MB streaming, 0.0 MB non-streaming), 2 textures
[2018.12.05-23.34.44:452][766]DumpUnbuiltLightIteractions
[2018.12.05-23.34.44:452][766]Lights with unbuilt interactions: 0
[2018.12.05-23.34.44:452][766]
[2018.12.05-23.34.44:452][766]Primitives with unbuilt interactions: 0
[2018.12.05-23.34.44:639][767]Cmd: MAP CHECK NOTIFYRESULTS
[2018.12.05-23.34.44:639][767]MapCheck: New page: Recess - Dec 5, 2018, 1:34:44 PM
[2018.12.05-23.34.44:800][767]MapCheck: Map check complete: 0 Error(s), 0 Warning(s), took 161.193ms to complete.
[2018.12.05-23.34.48:849][890]LogSlate: Window 'Message Log' being destroyed
[2018.12.05-23.34.48:862][890]LogSlate: Window 'Message Log' being destroyed
[2018.12.05-23.35.30:767][148]LogSlate: Took 0.015270 seconds to synchronously load lazily loaded font '../../../Engine/Content/Slate/Fonts/Roboto-Italic.ttf' (157K)
[2018.12.05-23.35.37:599][352]LogSlate: FSceneViewport::OnFocusLost() reason 0
[2018.12.05-23.37.32:398][938]LogAIModule: Creating AISystem for world Cafeteria
[2018.12.05-23.37.32:420][938]LogAssetEditorManager: Opening Asset editor for World /Game/Cafeteria.Cafeteria
[2018.12.05-23.37.34:763][938]LogSlate: Window 'Save Content' being destroyed
[2018.12.05-23.37.34:779][938]Cmd: OBJ SAVEPACKAGE PACKAGE="/Game/Bench_polySurface1" FILE="../../../../../../Users/William Yao/Desktop/Empathy/MyProject2/Content/Bench_polySurface1.uasset" SILENT=true
[2018.12.05-23.37.34:806][938]LogSavePackage: Moving '../../../../../../Users/William Yao/Desktop/Empathy/MyProject2/Saved/Bench_polySurface179FF39AD47E8CAEE3D202981E27603F8.tmp' to '../../../../../../Users/William Yao/Desktop/Empathy/MyProject2/Content/Bench_polySurface1.uasset'
[2018.12.05-23.37.34:829][938]Cmd: OBJ SAVEPACKAGE PACKAGE="/Game/Bench_polySurface1_1" FILE="../../../../../../Users/William Yao/Desktop/Empathy/MyProject2/Content/Bench_polySurface1_1.uasset" SILENT=true
[2018.12.05-23.37.34:851][938]LogSavePackage: Moving '../../../../../../Users/William Yao/Desktop/Empathy/MyProject2/Saved/Bench_polySurface1_1F044DD694F494D36CEF393AAC41BEAC7.tmp' to '../../../../../../Users/William Yao/Desktop/Empathy/MyProject2/Content/Bench_polySurface1_1.uasset'
[2018.12.05-23.37.35:029][938]Cmd: OBJ SAVEPACKAGE PACKAGE="/Game/Maps/Recess" FILE="../../../../../../Users/William Yao/Desktop/Empathy/MyProject2/Content/Maps/Recess.umap" SILENT=true AUTOSAVING=false KEEPDIRTY=false
[2018.12.05-23.37.35:120][938]LogSavePackage: Moving '../../../../../../Users/William Yao/Desktop/Empathy/MyProject2/Saved/Recess7E4B9C59429924694E4A3681F34EDF83.tmp' to '../../../../../../Users/William Yao/Desktop/Empathy/MyProject2/Content/Maps/Recess.umap'
[2018.12.05-23.37.35:185][938]LogFileHelpers: Saving map 'Recess' took 0.319
[2018.12.05-23.37.35:186][938]Cmd: OBJ SAVEPACKAGE PACKAGE="/Game/Maps/Recess_BuiltData" FILE="../../../../../../Users/William Yao/Desktop/Empathy/MyProject2/Content/Maps/Recess_BuiltData.uasset" SILENT=true
[2018.12.05-23.37.35:266][938]LogSavePackage: Moving '../../../../../../Users/William Yao/Desktop/Empathy/MyProject2/Saved/Recess_BuiltData9F1C2EBB49CC895569F13E9E38FC0A47.tmp' to '../../../../../../Users/William Yao/Desktop/Empathy/MyProject2/Content/Maps/Recess_BuiltData.uasset'
[2018.12.05-23.37.35:276][938]Cmd: OBJ SAVEPACKAGE PACKAGE="/Game/polySurface1Mat" FILE="../../../../../../Users/William Yao/Desktop/Empathy/MyProject2/Content/polySurface1Mat.uasset" SILENT=true
[2018.12.05-23.37.35:293][938]LogSavePackage: Moving '../../../../../../Users/William Yao/Desktop/Empathy/MyProject2/Saved/polySurface1Mat56A73F064E1AA6723D3B4CA307FD9322.tmp' to '../../../../../../Users/William Yao/Desktop/Empathy/MyProject2/Content/polySurface1Mat.uasset'
[2018.12.05-23.37.35:306][938]Cmd: OBJ SAVEPACKAGE PACKAGE="/Game/polySurface1Mat1" FILE="../../../../../../Users/William Yao/Desktop/Empathy/MyProject2/Content/polySurface1Mat1.uasset" SILENT=true
[2018.12.05-23.37.35:328][938]LogSavePackage: Moving '../../../../../../Users/William Yao/Desktop/Empathy/MyProject2/Saved/polySurface1Mat114470149450FFE5B6B061ABB8D308CF0.tmp' to '../../../../../../Users/William Yao/Desktop/Empathy/MyProject2/Content/polySurface1Mat1.uasset'
[2018.12.05-23.37.35:343][938]Cmd: MAP LOAD FILE="../../../../../../Users/William Yao/Desktop/Empathy/MyProject2/Content/Cafeteria.umap" TEMPLATE=0 SHOWPROGRESS=1 FEATURELEVEL=3
[2018.12.05-23.37.35:343][938]LightingResults: New page: Lighting Build
[2018.12.05-23.37.35:344][938]LoadErrors: New page: Loading map: Cafeteria.umap
[2018.12.05-23.37.35:346][938]MapCheck: New page: Map Check
[2018.12.05-23.37.35:346][938]LightingResults: New page: Lighting Build
[2018.12.05-23.37.35:384][938]LogEditorServer: Finished looking for orphan Actors (0.000 secs)
[2018.12.05-23.37.35:462][938]Cmd: MAP CHECKDEP NOCLEARLOG
[2018.12.05-23.37.35:590][938]MapCheck: Map check complete: 0 Error(s), 0 Warning(s), took 128.174ms to complete.
[2018.12.05-23.37.35:590][938]LogFileHelpers: Loading map 'Cafeteria' took 0.249
[2018.12.05-23.37.42:799][ 97]LogEditorViewport: Clicking on Actor (LMB): StaticMeshActor (pCube34)
[2018.12.05-23.38.13:420][750]LogSlate: FSceneViewport::OnFocusLost() reason 0
[2018.12.05-23.38.45:138][478]LogEditorViewport: Clicking on Actor (LMB): StaticMeshActor (ChineseFood)
[2018.12.05-23.38.47:204][525]LogSlate: FSceneViewport::OnFocusLost() reason 0
[2018.12.05-23.39.01:339][891]LogEditorViewport: Clicking on Actor (LMB): StaticMeshActor (Sandwich)
[2018.12.05-23.39.22:166][391]LogSlate: FSceneViewport::OnFocusLost() reason 2
[2018.12.05-23.40.12:848][316]LogEditorViewport: Clicking on Actor (LMB): StaticMeshActor (Cube12)
[2018.12.05-23.40.43:703][999]LogSlate: FSceneViewport::OnFocusLost() reason 2
[2018.12.05-23.47.32:059][ 37]Cmd: OBJ SAVEPACKAGE PACKAGE="/Game/Cafeteria" FILE="../../../../../../Users/William Yao/Desktop/Empathy/MyProject2/Saved/Autosaves/Game/Cafeteria_Auto3.umap" SILENT=true AUTOSAVING=true KEEPDIRTY=false
[2018.12.05-23.47.32:203][ 37]LogSavePackage: Moving '../../../../../../Users/William Yao/Desktop/Empathy/MyProject2/Saved/Cafeteria_Auto326A83BE54D770463E031DF82BBEC76B1.tmp' to '../../../../../../Users/William Yao/Desktop/Empathy/MyProject2/Saved/Autosaves/Game/Cafeteria_Auto3.umap'
[2018.12.05-23.47.32:219][ 37]LogFileHelpers: Editor autosave (incl. sublevels) for '/Game/Cafeteria' took 0.192
[2018.12.05-23.47.32:220][ 37]LogFileHelpers: Editor autosave (incl. sublevels) for all levels took 0.192
[2018.12.05-23.48.31:998][717]LogSlate: FSceneViewport::OnFocusLost() reason 0
[2018.12.05-23.48.32:150][720]Cmd: OBJ SAVEPACKAGE PACKAGE="/Game/Cafeteria" FILE="../../../../../../Users/William Yao/Desktop/Empathy/MyProject2/Content/Cafeteria.umap" SILENT=true AUTOSAVING=false KEEPDIRTY=false
[2018.12.05-23.48.32:309][720]LogSavePackage: Moving '../../../../../../Users/William Yao/Desktop/Empathy/MyProject2/Saved/CafeteriaA2ABD903420CDD64FBB5D6A155604CD6.tmp' to '../../../../../../Users/William Yao/Desktop/Empathy/MyProject2/Content/Cafeteria.umap'
[2018.12.05-23.48.32:390][720]Cmd: OBJ SAVEPACKAGE PACKAGE="/Game/Maps/Cafeteria_BuiltData" FILE="../../../../../../Users/William Yao/Desktop/Empathy/MyProject2/Content/Maps/Cafeteria_BuiltData.uasset" SILENT=true
[2018.12.05-23.48.32:451][720]LogSavePackage: Moving '../../../../../../Users/William Yao/Desktop/Empathy/MyProject2/Saved/Cafeteria_BuiltDataCBFA682A43F9E5CD43AF62A68F6D6EE4.tmp' to '../../../../../../Users/William Yao/Desktop/Empathy/MyProject2/Content/Maps/Cafeteria_BuiltData.uasset'
[2018.12.05-23.48.37:389][827]LogSlate: FSceneViewport::OnFocusLost() reason 0
[2018.12.05-23.48.37:903][829]LogAIModule: Creating AISystem for world Classroom
[2018.12.05-23.48.37:934][829]LogAssetEditorManager: Opening Asset editor for World /Game/Classroom.Classroom
[2018.12.05-23.48.37:970][829]Cmd: MAP LOAD FILE="../../../../../../Users/William Yao/Desktop/Empathy/MyProject2/Content/Classroom.umap" TEMPLATE=0 SHOWPROGRESS=1 FEATURELEVEL=3
[2018.12.05-23.48.37:970][829]LightingResults: New page: Lighting Build
[2018.12.05-23.48.37:971][829]LoadErrors: New page: Loading map: Classroom.umap
[2018.12.05-23.48.37:975][829]MapCheck: New page: Map Check
[2018.12.05-23.48.37:975][829]LightingResults: New page: Lighting Build
[2018.12.05-23.48.38:037][829]LogEditorServer: Finished looking for orphan Actors (0.000 secs)
[2018.12.05-23.48.38:115][829]Cmd: MAP CHECKDEP NOCLEARLOG
[2018.12.05-23.48.38:269][829]MapCheck: Map check complete: 0 Error(s), 0 Warning(s), took 153.235ms to complete.
[2018.12.05-23.48.38:271][829]LogFileHelpers: Loading map 'Classroom' took 0.301
[2018.12.05-23.49.01:352][139]LogEditorViewport: Clicking on Actor (LMB): StaticMeshActor (Chair)
[2018.12.05-23.49.11:516][272]LogSlate: FSceneViewport::OnFocusLost() reason 0
[2018.12.05-23.50.27:885][292]LogSlate: FSceneViewport::OnFocusLost() reason 0
[2018.12.05-23.50.57:642][704]LogSlate: FSceneViewport::OnFocusLost() reason 0
[2018.12.05-23.50.57:798][706]Cmd: OBJ SAVEPACKAGE PACKAGE="/Game/Classroom" FILE="../../../../../../Users/William Yao/Desktop/Empathy/MyProject2/Content/Classroom.umap" SILENT=true AUTOSAVING=false KEEPDIRTY=false
[2018.12.05-23.50.58:505][706]LogSavePackage: Moving '../../../../../../Users/William Yao/Desktop/Empathy/MyProject2/Saved/ClassroomE8837E6E4FDEF4A56EAC0F850E55DC40.tmp' to '../../../../../../Users/William Yao/Desktop/Empathy/MyProject2/Content/Classroom.umap'
[2018.12.05-23.50.58:577][706]Cmd: OBJ SAVEPACKAGE PACKAGE="/Game/Classroom_BuiltData" FILE="../../../../../../Users/William Yao/Desktop/Empathy/MyProject2/Content/Classroom_BuiltData.uasset" SILENT=true
[2018.12.05-23.50.59:274][706]LogSavePackage: Moving '../../../../../../Users/William Yao/Desktop/Empathy/MyProject2/Saved/Classroom_BuiltData77FA64274D8553E5880785828CDC1500.tmp' to '../../../../../../Users/William Yao/Desktop/Empathy/MyProject2/Content/Classroom_BuiltData.uasset'
[2018.12.05-23.54.12:325][296]LogSlate: FSceneViewport::OnFocusLost() reason 0
[2018.12.05-23.54.12:662][298]LogSlate: Window 'MyProject2 - Unreal Editor' being destroyed
[2018.12.05-23.54.12:988][299]Cmd: QUIT_EDITOR
[2018.12.05-23.54.13:026][299]LogWindowsTextInputMethodSystem: Display: IME system now deactivated.
[2018.12.05-23.54.13:067][299]LogExit: Preparing to exit.
[2018.12.05-23.54.13:454][299]LogExit: Editor shut down
[2018.12.05-23.54.13:456][299]LogExit: Transaction tracking system shut down
[2018.12.05-23.54.14:119][299]LogExit: Object subsystem successfully closed.
[2018.12.05-23.54.14:226][299]LogShaderCompilers: Display: Shaders left to compile 0
[2018.12.05-23.54.14:242][299]LogD3D11RHI: Shutdown
[2018.12.05-23.54.14:242][299]LogD3D11RHI: CleanupD3DDevice
[2018.12.05-23.54.14:256][299]LogD3D11RHI: ~FD3D11DynamicRHI
[2018.12.05-23.54.14:359][299]LogModuleManager: Shutting down and abandoning module HierarchicalLODUtilities (614)
[2018.12.05-23.54.14:359][299]LogModuleManager: Shutting down and abandoning module MeshBuilder (612)
[2018.12.05-23.54.14:359][299]LogModuleManager: Shutting down and abandoning module HierarchicalLODOutliner (610)
[2018.12.05-23.54.14:360][299]LogModuleManager: Shutting down and abandoning module SceneOutliner (608)
[2018.12.05-23.54.14:360][299]LogModuleManager: Shutting down and abandoning module AddContentDialog (606)
[2018.12.05-23.54.14:377][299]LogModuleManager: Shutting down and abandoning module WidgetCarousel (605)
[2018.12.05-23.54.14:377][299]LogModuleManager: Shutting down and abandoning module EditorWidgets (602)
[2018.12.05-23.54.14:377][299]LogModuleManager: Shutting down and abandoning module CollectionManager (600)
[2018.12.05-23.54.14:377][299]LogModuleManager: Shutting down and abandoning module StatsViewer (598)
[2018.12.05-23.54.14:378][299]LogModuleManager: Shutting down and abandoning module FoliageEdit (596)
[2018.12.05-23.54.14:378][299]LogModuleManager: Shutting down and abandoning module LandscapeEditor (594)
[2018.12.05-23.54.14:378][299]LogModuleManager: Shutting down and abandoning module MeshPaintMode (592)
[2018.12.05-23.54.14:378][299]LogModuleManager: Shutting down and abandoning module SceneDepthPickerMode (590)
[2018.12.05-23.54.14:378][299]LogModuleManager: Shutting down and abandoning module ActorPickerMode (588)
[2018.12.05-23.54.14:378][299]LogModuleManager: Shutting down and abandoning module GeometryMode (586)
[2018.12.05-23.54.14:378][299]LogModuleManager: Shutting down and abandoning module TextureAlignMode (584)
[2018.12.05-23.54.14:378][299]LogModuleManager: Shutting down and abandoning module BspMode (582)
[2018.12.05-23.54.14:378][299]LogModuleManager: Shutting down and abandoning module PIEPreviewDeviceProfileSelector (580)
[2018.12.05-23.54.14:378][299]LogModuleManager: Shutting down and abandoning module SequenceRecorderSections (578)
[2018.12.05-23.54.14:378][299]LogModuleManager: Shutting down and abandoning module AutomationWorker (576)
[2018.12.05-23.54.14:378][299]LogModuleManager: Shutting down and abandoning module AudioCaptureEditor (574)
[2018.12.05-23.54.14:379][299]LogModuleManager: Shutting down and abandoning module SequenceRecorder (573)
[2018.12.05-23.54.14:379][299]LogModuleManager: Shutting down and abandoning module MatineeToLevelSequence (570)
[2018.12.05-23.54.14:379][299]LogModuleManager: Shutting down and abandoning module LevelSequenceEditor (568)
[2018.12.05-23.54.14:379][299]LogModuleManager: Shutting down and abandoning module PlacementMode (567)
[2018.12.05-23.54.14:379][299]LogModuleManager: Shutting down and abandoning module MaterialEditor (566)
[2018.12.05-23.54.14:379][299]LogModuleManager: Shutting down and abandoning module WmfMediaFactory (562)
[2018.12.05-23.54.14:379][299]LogModuleManager: Shutting down and abandoning module WmfMediaEditor (560)
[2018.12.05-23.54.14:379][299]LogModuleManager: Shutting down and abandoning module MediaPlayerEditor (558)
[2018.12.05-23.54.14:379][299]LogModuleManager: Shutting down and abandoning module OpenExrWrapper (556)
[2018.12.05-23.54.14:379][299]LogModuleManager: Shutting down and abandoning module ImgMediaFactory (554)
[2018.12.05-23.54.14:380][299]LogModuleManager: Shutting down and abandoning module ImgMediaEditor (552)
[2018.12.05-23.54.14:380][299]LogModuleManager: Shutting down and abandoning module AvfMediaFactory (550)
[2018.12.05-23.54.14:380][299]LogModuleManager: Shutting down and abandoning module AvfMediaEditor (548)
[2018.12.05-23.54.14:380][299]LogModuleManager: Shutting down and abandoning module AndroidMediaFactory (546)
[2018.12.05-23.54.14:380][299]LogModuleManager: Shutting down and abandoning module AndroidMediaEditor (544)
[2018.12.05-23.54.14:380][299]LogModuleManager: Shutting down and abandoning module MagicLeapCameraPreviewFactory (542)
[2018.12.05-23.54.14:380][299]LogModuleManager: Shutting down and abandoning module MagicLeapMediaFactory (540)
[2018.12.05-23.54.14:380][299]LogModuleManager: Shutting down and abandoning module MagicLeapMediaEditor (538)
[2018.12.05-23.54.14:380][299]LogModuleManager: Shutting down and abandoning module CharacterAI (536)
[2018.12.05-23.54.14:380][299]LogModuleManager: Shutting down and abandoning module SmartSnapping (534)
[2018.12.05-23.54.14:380][299]LogModuleManager: Shutting down and abandoning module SessionServices (532)
[2018.12.05-23.54.14:380][299]LogModuleManager: Shutting down and abandoning module ViewportSnapping (530)
[2018.12.05-23.54.14:380][299]LogModuleManager: Shutting down and abandoning module ViewportInteraction (528)
[2018.12.05-23.54.14:380][299]LogModuleManager: Shutting down and abandoning module ClothPainter (526)
[2018.12.05-23.54.14:380][299]LogModuleManager: Shutting down and abandoning module SkeletalMeshEditor (525)
[2018.12.05-23.54.14:380][299]LogModuleManager: Shutting down and abandoning module LogVisualizer (522)
[2018.12.05-23.54.14:381][299]LogModuleManager: Shutting down and abandoning module IntroTutorials (520)
[2018.12.05-23.54.14:381][299]LogModuleManager: Shutting down and abandoning module GameProjectGeneration (519)
[2018.12.05-23.54.14:381][299]LogModuleManager: Shutting down and abandoning module LuminPlatformEditor (516)
[2018.12.05-23.54.14:381][299]LogModuleManager: Shutting down and abandoning module IOSPlatformEditor (514)
[2018.12.05-23.54.14:381][299]LogModuleManager: Shutting down and abandoning module HTML5PlatformEditor (512)
[2018.12.05-23.54.14:381][299]LogModuleManager: Shutting down and abandoning module AndroidPlatformEditor (510)
[2018.12.05-23.54.14:381][299]LogModuleManager: Shutting down and abandoning module AndroidDeviceDetection (509)
[2018.12.05-23.54.14:637][299]LogModuleManager: Shutting down and abandoning module WindowsPlatformEditor (506)
[2018.12.05-23.54.14:637][299]LogModuleManager: Shutting down and abandoning module LuminRuntimeSettings (504)
[2018.12.05-23.54.14:637][299]LogModuleManager: Shutting down and abandoning module IOSRuntimeSettings (502)
[2018.12.05-23.54.14:637][299]LogModuleManager: Shutting down and abandoning module AndroidRuntimeSettings (500)
[2018.12.05-23.54.14:637][299]LogModuleManager: Shutting down and abandoning module InputBindingEditor (498)
[2018.12.05-23.54.14:637][299]LogModuleManager: Shutting down and abandoning module MergeActors (496)
[2018.12.05-23.54.14:638][299]LogModuleManager: Shutting down and abandoning module LocalizationDashboard (494)
[2018.12.05-23.54.14:638][299]LogModuleManager: Shutting down and abandoning module LocalizationService (493)
[2018.12.05-23.54.14:638][299]LogModuleManager: Shutting down and abandoning module HardwareTargeting (490)
[2018.12.05-23.54.14:638][299]LogModuleManager: Shutting down and abandoning module DeviceProfileEditor (488)
[2018.12.05-23.54.14:638][299]LogModuleManager: Shutting down and abandoning module UndoHistory (486)
[2018.12.05-23.54.14:638][299]LogModuleManager: Shutting down and abandoning module XmlParser (484)
[2018.12.05-23.54.14:638][299]LogModuleManager: Shutting down and abandoning module Blutility (482)
[2018.12.05-23.54.14:638][299]LogModuleManager: Shutting down and abandoning module ProjectSettingsViewer (480)
[2018.12.05-23.54.14:638][299]LogModuleManager: Shutting down and abandoning module ProjectTargetPlatformEditor (479)
[2018.12.05-23.54.14:639][299]LogModuleManager: Shutting down and abandoning module EditorSettingsViewer (476)
[2018.12.05-23.54.14:639][299]LogModuleManager: Shutting down and abandoning module SettingsEditor (474)
[2018.12.05-23.54.14:639][299]LogModuleManager: Shutting down and abandoning module ProjectLauncher (472)
[2018.12.05-23.54.14:639][299]LogModuleManager: Shutting down and abandoning module SessionFrontend (470)
[2018.12.05-23.54.14:639][299]LogModuleManager: Shutting down and abandoning module ProfilerClient (468)
[2018.12.05-23.54.14:639][299]LogModuleManager: Shutting down and abandoning module DeviceManager (466)
[2018.12.05-23.54.14:639][299]LogModuleManager: Shutting down and abandoning module TargetDeviceServices (465)
[2018.12.05-23.54.14:695][299]LogModuleManager: Shutting down and abandoning module AutomationController (462)
[2018.12.05-23.54.14:695][299]LogModuleManager: Shutting down and abandoning module AutomationWindow (460)
[2018.12.05-23.54.14:695][299]LogModuleManager: Shutting down and abandoning module Layers (458)
[2018.12.05-23.54.14:695][299]LogModuleManager: Shutting down and abandoning module ComponentVisualizers (456)
[2018.12.05-23.54.14:695][299]LogModuleManager: Shutting down and abandoning module DetailCustomizations (454)
[2018.12.05-23.54.14:695][299]LogModuleManager: Shutting down and abandoning module PackagesDialog (452)
[2018.12.05-23.54.14:695][299]LogModuleManager: Shutting down and abandoning module Persona (450)
[2018.12.05-23.54.14:695][299]LogModuleManager: Shutting down and abandoning module AdvancedPreviewScene (449)
[2018.12.05-23.54.14:695][299]LogModuleManager: Shutting down and abandoning module AnimGraph (447)
[2018.12.05-23.54.14:695][299]LogModuleManager: Shutting down and abandoning module Kismet (444)
[2018.12.05-23.54.14:696][299]LogModuleManager: Shutting down and abandoning module GraphEditor (442)
[2018.12.05-23.54.14:696][299]LogModuleManager: Shutting down and abandoning module ClassViewer (440)
[2018.12.05-23.54.14:696][299]LogModuleManager: Shutting down and abandoning module Toolbox (438)
[2018.12.05-23.54.14:696][299]LogModuleManager: Shutting down and abandoning module ModuleUI (436)
[2018.12.05-23.54.14:696][299]LogModuleManager: Shutting down and abandoning module MovieSceneTools (434)
[2018.12.05-23.54.14:697][299]LogModuleManager: Shutting down and abandoning module OutputLog (432)
[2018.12.05-23.54.14:697][299]LogModuleManager: Shutting down and abandoning module GammaUI (430)
[2018.12.05-23.54.14:697][299]LogModuleManager: Shutting down and abandoning module Documentation (428)
[2018.12.05-23.54.14:697][299]LogModuleManager: Shutting down and abandoning module MovieSceneTracks (426)
[2018.12.05-23.54.14:697][299]LogModuleManager: Shutting down and abandoning module MovieScene (424)
[2018.12.05-23.54.14:697][299]LogModuleManager: Shutting down and abandoning module StreamingPauseRendering (422)
[2018.12.05-23.54.14:697][299]LogModuleManager: Shutting down and abandoning module LauncherPlatform (420)
[2018.12.05-23.54.14:697][299]LogModuleManager: Shutting down and abandoning module AnalyticsET (418)
[2018.12.05-23.54.14:697][299]LogModuleManager: Shutting down and abandoning module PortalServices (416)
[2018.12.05-23.54.14:697][299]LogModuleManager: Shutting down and abandoning module PortalRpc (414)
[2018.12.05-23.54.14:697][299]LogModuleManager: Shutting down and abandoning module MessagingRpc (412)
[2018.12.05-23.54.14:697][299]LogModuleManager: Shutting down and abandoning module AIModule (410)
[2018.12.05-23.54.14:697][299]LogModuleManager: Shutting down and abandoning module GameplayDebugger (409)
[2018.12.05-23.54.14:697][299]LogModuleManager: Shutting down and abandoning module AITestSuite (407)
[2018.12.05-23.54.14:697][299]LogModuleManager: Shutting down and abandoning module NavigationSystem (405)
[2018.12.05-23.54.14:697][299]LogModuleManager: Shutting down and abandoning module DesktopPlatform (402)
[2018.12.05-23.54.14:697][299]LogModuleManager: Shutting down and abandoning module ProfilerService (400)
[2018.12.05-23.54.14:779][299]LogModuleManager: Shutting down and abandoning module TaskGraph (398)
[2018.12.05-23.54.14:780][299]LogModuleManager: Shutting down and abandoning module SteamVRController (396)
[2018.12.05-23.54.14:780][299]LogModuleManager: Shutting down and abandoning module ProceduralMeshComponentEditor (394)
[2018.12.05-23.54.14:780][299]LogModuleManager: Shutting down and abandoning module ProceduralMeshComponent (392)
[2018.12.05-23.54.14:780][299]LogModuleManager: Shutting down and abandoning module OculusInput (390)
[2018.12.05-23.54.14:780][299]LogModuleManager: Shutting down and abandoning module MobilePatchingUtils (388)
[2018.12.05-23.54.14:780][299]LogModuleManager: Shutting down and abandoning module EditableMesh (386)
[2018.12.05-23.54.14:780][299]LogModuleManager: Shutting down and abandoning module CustomMeshComponent (384)
[2018.12.05-23.54.14:780][299]LogModuleManager: Shutting down and abandoning module CableComponent (382)
[2018.12.05-23.54.14:780][299]LogModuleManager: Shutting down and abandoning module AudioCapture (380)
[2018.12.05-23.54.14:780][299]LogModuleManager: Shutting down and abandoning module ArchVisCharacter (378)
[2018.12.05-23.54.14:780][299]LogModuleManager: Shutting down and abandoning module AndroidPermission (376)
[2018.12.05-23.54.14:780][299]LogModuleManager: Shutting down and abandoning module NUTUnrealEngine4 (374)
[2018.12.05-23.54.14:781][299]LogModuleManager: Shutting down and abandoning module NetcodeUnitTest (372)
[2018.12.05-23.54.14:781][299]LogModuleManager: Shutting down and abandoning module MediaCompositingEditor (370)
[2018.12.05-23.54.14:781][299]LogModuleManager: Shutting down and abandoning module MediaCompositing (368)
[2018.12.05-23.54.14:781][299]LogModuleManager: Shutting down and abandoning module LinearTimecode (366)
[2018.12.05-23.54.14:781][299]LogModuleManager: Shutting down and abandoning module ImgMedia (364)
[2018.12.05-23.54.14:789][299]LogModuleManager: Shutting down and abandoning module HTML5Networking (362)
[2018.12.05-23.54.14:789][299]LogModuleManager: Shutting down and abandoning module GeometryCacheTracks (360)
[2018.12.05-23.54.14:789][299]LogModuleManager: Shutting down and abandoning module GeometryCacheSequencer (358)
[2018.12.05-23.54.14:789][299]LogModuleManager: Shutting down and abandoning module BackChannel (356)
[2018.12.05-23.54.14:789][299]LogModuleManager: Shutting down and abandoning module AppleVision (354)
[2018.12.05-23.54.14:789][299]LogModuleManager: Shutting down and abandoning module AppleImageUtils (352)
[2018.12.05-23.54.14:789][299]LogModuleManager: Shutting down and abandoning module AlembicImporter (350)
[2018.12.05-23.54.14:790][299]LogModuleManager: Shutting down and abandoning module AlembicLibrary (349)
[2018.12.05-23.54.14:790][299]LogModuleManager: Shutting down and abandoning module GeometryCache (348)
[2018.12.05-23.54.14:790][299]LogModuleManager: Shutting down and abandoning module GeometryCacheEd (347)
[2018.12.05-23.54.14:790][299]LogModuleManager: Shutting down and abandoning module DatasmithContentEditor (342)
[2018.12.05-23.54.14:790][299]LogModuleManager: Shutting down and abandoning module DatasmithContent (340)
[2018.12.05-23.54.14:791][299]LogModuleManager: Shutting down and abandoning module SpeedTreeImporter (338)
[2018.12.05-23.54.14:791][299]LogModuleManager: Shutting down and abandoning module PluginBrowser (336)
[2018.12.05-23.54.14:791][299]LogModuleManager: Shutting down and abandoning module MobileLauncherProfileWizard (334)
[2018.12.05-23.54.14:791][299]LogModuleManager: Shutting down and abandoning module PolygonModeling (332)
[2018.12.05-23.54.14:791][299]LogModuleManager: Shutting down and abandoning module MeshEditor (330)
[2018.12.05-23.54.14:791][299]LogModuleManager: Shutting down and abandoning module CryptoKeysOpenSSL (328)
[2018.12.05-23.54.14:792][299]LogModuleManager: Shutting down and abandoning module CryptoKeys (326)
[2018.12.05-23.54.14:792][299]LogModuleManager: Shutting down and abandoning module VisualStudioSourceCodeAccess (324)
[2018.12.05-23.54.14:792][299]LogModuleManager: Shutting down and abandoning module VisualStudioCodeSourceCodeAccess (322)
[2018.12.05-23.54.14:792][299]LogModuleManager: Shutting down and abandoning module UObjectPlugin (320)
[2018.12.05-23.54.14:792][299]LogModuleManager: Shutting down and abandoning module SubversionSourceControl (318)
[2018.12.05-23.54.14:792][299]LogModuleManager: Shutting down and abandoning module PerforceSourceControl (316)
[2018.12.05-23.54.14:792][299]LogModuleManager: Shutting down and abandoning module GitSourceControl (314)
[2018.12.05-23.54.14:792][299]LogModuleManager: Shutting down and abandoning module SourceControl (313)
[2018.12.05-23.54.14:792][299]LogModuleManager: Shutting down and abandoning module CLionSourceCodeAccess (310)
[2018.12.05-23.54.14:792][299]LogModuleManager: Shutting down and abandoning module LightPropagationVolumeEditor (308)
[2018.12.05-23.54.14:792][299]LogModuleManager: Shutting down and abandoning module PaperTiledImporter (306)
[2018.12.05-23.54.14:792][299]LogModuleManager: Shutting down and abandoning module PaperSpriteSheetImporter (304)
[2018.12.05-23.54.14:792][299]LogModuleManager: Shutting down and abandoning module Paper2DEditor (302)
[2018.12.05-23.54.14:793][299]LogModuleManager: Shutting down and abandoning module MeshPaint (301)
[2018.12.05-23.54.14:793][299]LogModuleManager: Shutting down and abandoning module RuntimePhysXCooking (298)
[2018.12.05-23.54.14:793][299]LogModuleManager: Shutting down and abandoning module PhysXVehiclesEditor (296)
[2018.12.05-23.54.14:793][299]LogModuleManager: Shutting down and abandoning module PhysXVehicles (294)
[2018.12.05-23.54.14:793][299]LogModuleManager: Shutting down and abandoning module OculusEditor (292)
[2018.12.05-23.54.14:793][299]LogModuleManager: Shutting down and abandoning module LocationServicesBPLibrary (290)
[2018.12.05-23.54.14:793][299]LogModuleManager: Shutting down and abandoning module ImmediatePhysicsEditor (288)
[2018.12.05-23.54.14:793][299]LogModuleManager: Shutting down and abandoning module ImmediatePhysics (286)
[2018.12.05-23.54.14:793][299]LogModuleManager: Shutting down and abandoning module ActorSequence (284)
[2018.12.05-23.54.14:793][299]LogModuleManager: Shutting down and abandoning module UdpMessaging (282)
[2018.12.05-23.54.14:895][299]LogModuleManager: Shutting down and abandoning module TcpMessaging (280)
[2018.12.05-23.54.14:996][299]LogModuleManager: Shutting down and abandoning module MagicLeapAudio (278)
[2018.12.05-23.54.14:996][299]LogModuleManager: Shutting down and abandoning module GameplayTagsEditor (276)
[2018.12.05-23.54.14:996][299]LogModuleManager: Shutting down and abandoning module FacialAnimationEditor (274)
[2018.12.05-23.54.14:996][299]LogModuleManager: Shutting down and abandoning module FacialAnimation (272)
[2018.12.05-23.54.14:996][299]LogModuleManager: Shutting down and abandoning module DataValidation (270)
[2018.12.05-23.54.14:996][299]LogModuleManager: Shutting down and abandoning module AssetManagerEditor (268)
[2018.12.05-23.54.14:997][299]LogModuleManager: Shutting down and abandoning module LevelEditor (267)
[2018.12.05-23.54.14:999][299]LogModuleManager: Shutting down and abandoning module PixelInspectorModule (266)
[2018.12.05-23.54.14:999][299]LogModuleManager: Shutting down and abandoning module CommonMenuExtensions (264)
[2018.12.05-23.54.14:999][299]LogModuleManager: Shutting down and abandoning module MainFrame (262)
[2018.12.05-23.54.14:999][299]LogModuleManager: Shutting down and abandoning module HotReload (261)
[2018.12.05-23.54.15:001][299]LogModuleManager: Shutting down and abandoning module ContentBrowser (257)
[2018.12.05-23.54.15:005][299]LogModuleManager: Shutting down and abandoning module TreeMap (255)
[2018.12.05-23.54.15:005][299]LogModuleManager: Shutting down and abandoning module LightPropagationVolumeRuntime (252)
[2018.12.05-23.54.15:005][299]LogModuleManager: Shutting down and abandoning module AISupportModule (250)
[2018.12.05-23.54.15:006][299]LogModuleManager: Shutting down and abandoning module Paper2D (248)
[2018.12.05-23.54.15:006][299]LogModuleManager: Shutting down and abandoning module WindowsMoviePlayer (246)
[2018.12.05-23.54.15:006][299]LogModuleManager: Shutting down and abandoning module WmfMedia (244)
[2018.12.05-23.54.15:008][299]LogModuleManager: Shutting down and abandoning module Media (243)
[2018.12.05-23.54.15:014][299]LogModuleManager: Shutting down and abandoning module PacketHandler (240)
[2018.12.05-23.54.15:015][299]LogModuleManager: Shutting down and abandoning module ClothingSystemEditor (238)
[2018.12.05-23.54.15:015][299]LogModuleManager: Shutting down and abandoning module ClothingSystemRuntime (236)
[2018.12.05-23.54.15:015][299]LogModuleManager: Shutting down and abandoning module MediaAssets (234)
[2018.12.05-23.54.15:015][299]LogModuleManager: Shutting down and abandoning module Overlay (232)
[2018.12.05-23.54.15:015][299]LogModuleManager: Shutting down and abandoning module OverlayEditor (231)
[2018.12.05-23.54.15:015][299]LogModuleManager: Shutting down and abandoning module VREditor (228)
[2018.12.05-23.54.15:015][299]LogModuleManager: Shutting down and abandoning module StringTableEditor (226)
[2018.12.05-23.54.15:015][299]LogModuleManager: Shutting down and abandoning module GameplayTasksEditor (224)
[2018.12.05-23.54.15:015][299]LogModuleManager: Shutting down and abandoning module BehaviorTreeEditor (222)
[2018.12.05-23.54.15:015][299]LogModuleManager: Shutting down and abandoning module FunctionalTesting (220)
[2018.12.05-23.54.15:015][299]LogModuleManager: Shutting down and abandoning module CollisionAnalyzer (218)
[2018.12.05-23.54.15:015][299]LogModuleManager: Shutting down and abandoning module WorkspaceMenuStructure (217)
[2018.12.05-23.54.15:015][299]LogModuleManager: Shutting down and abandoning module UMG (214)
[2018.12.05-23.54.15:015][299]LogModuleManager: Shutting down and abandoning module UMGEditor (213)
[2018.12.05-23.54.15:016][299]LogModuleManager: Shutting down and abandoning module Sequencer (212)
[2018.12.05-23.54.15:016][299]LogModuleManager: Shutting down and abandoning module MessageLog (209)
[2018.12.05-23.54.15:016][299]LogModuleManager: Shutting down and abandoning module SlateReflector (204)
[2018.12.05-23.54.15:016][299]LogModuleManager: Shutting down and abandoning module Slate (202)
[2018.12.05-23.54.15:016][299]LogModuleManager: Shutting down and abandoning module EditorStyle (200)
[2018.12.05-23.54.15:022][299]LogModuleManager: Shutting down and abandoning module MRMesh (198)
[2018.12.05-23.54.15:022][299]LogModuleManager: Shutting down and abandoning module SourceCodeAccess (196)
[2018.12.05-23.54.15:022][299]LogModuleManager: Shutting down and abandoning module HeadMountedDisplay (194)
[2018.12.05-23.54.15:023][299]LogModuleManager: Shutting down and abandoning module XAudio2 (192)
[2018.12.05-23.54.15:023][299]LogModuleManager: Shutting down and abandoning module Networking (190)
[2018.12.05-23.54.15:023][299]LogModuleManager: Shutting down and abandoning module Core (188)
[2018.12.05-23.54.15:023][299]LogModuleManager: Shutting down and abandoning module LevelSequence (186)
[2018.12.05-23.54.15:023][299]LogModuleManager: Shutting down and abandoning module KismetCompiler (184)
[2018.12.05-23.54.15:023][299]LogModuleManager: Shutting down and abandoning module MeshUtilities (182)
[2018.12.05-23.54.15:023][299]LogModuleManager: Shutting down and abandoning module MeshMergeUtilities (181)
[2018.12.05-23.54.15:023][299]LogModuleManager: Shutting down and abandoning module MeshReductionInterface (180)
[2018.12.05-23.54.15:023][299]LogModuleManager: Shutting down and abandoning module SimplygonSwarm (179)
[2018.12.05-23.54.15:023][299]LogModuleManager: Shutting down and abandoning module ProxyLODMeshReduction (177)
[2018.12.05-23.54.15:023][299]LogModuleManager: Shutting down and abandoning module SimplygonMeshReduction (175)
[2018.12.05-23.54.15:023][299]LogModuleManager: Shutting down and abandoning module QuadricMeshReduction (173)
[2018.12.05-23.54.15:023][299]LogModuleManager: Shutting down and abandoning module MaterialBaking (169)
[2018.12.05-23.54.15:023][299]LogModuleManager: Shutting down and abandoning module DirectoryWatcher (165)
[2018.12.05-23.54.15:024][299]LogModuleManager: Shutting down and abandoning module DerivedDataCache (162)
[2018.12.05-23.54.15:107][299]LogDerivedDataCache: Shutdown
[2018.12.05-23.54.15:107][299]LogModuleManager: Shutting down and abandoning module XGEController (160)
[2018.12.05-23.54.15:108][299]LogModuleManager: Shutting down and abandoning module TargetPlatform (158)
[2018.12.05-23.54.15:108][299]LogModuleManager: Shutting down and abandoning module VulkanShaderFormat (157)
[2018.12.05-23.54.15:108][299]LogModuleManager: Shutting down and abandoning module ShaderFormatVectorVM (155)
[2018.12.05-23.54.15:108][299]LogModuleManager: Shutting down and abandoning module ShaderFormatOpenGL (153)
[2018.12.05-23.54.15:108][299]LogModuleManager: Shutting down and abandoning module ShaderFormatD3D (151)
[2018.12.05-23.54.15:108][299]LogModuleManager: Shutting down and abandoning module MetalShaderFormat (149)
[2018.12.05-23.54.15:108][299]LogModuleManager: Shutting down and abandoning module TextureFormatUncompressed (147)
[2018.12.05-23.54.15:108][299]LogModuleManager: Shutting down and abandoning module TextureFormatPVR (145)
[2018.12.05-23.54.15:108][299]LogModuleManager: Shutting down and abandoning module TextureFormatDXT (143)
[2018.12.05-23.54.15:108][299]LogModuleManager: Shutting down and abandoning module TextureFormatIntelISPCTexComp (141)
[2018.12.05-23.54.15:109][299]LogModuleManager: Shutting down and abandoning module TextureFormatASTC (139)
[2018.12.05-23.54.15:109][299]LogModuleManager: Shutting down and abandoning module ImageWrapper (138)
[2018.12.05-23.54.15:109][299]LogModuleManager: Shutting down and abandoning module TextureFormatAndroid (135)
[2018.12.05-23.54.15:109][299]LogModuleManager: Shutting down and abandoning module AudioFormatOpus (133)
[2018.12.05-23.54.15:109][299]LogModuleManager: Shutting down and abandoning module AudioFormatOgg (131)
[2018.12.05-23.54.15:109][299]LogModuleManager: Shutting down and abandoning module AudioFormatADPCM (129)
[2018.12.05-23.54.15:109][299]LogModuleManager: Shutting down and abandoning module LuminTargetPlatform (127)
[2018.12.05-23.54.15:109][299]LogModuleManager: Shutting down and abandoning module LinuxTargetPlatform (125)
[2018.12.05-23.54.15:109][299]LogModuleManager: Shutting down and abandoning module LinuxServerTargetPlatform (123)
[2018.12.05-23.54.15:109][299]LogModuleManager: Shutting down and abandoning module LinuxNoEditorTargetPlatform (121)
[2018.12.05-23.54.15:110][299]LogModuleManager: Shutting down and abandoning module LinuxClientTargetPlatform (119)
[2018.12.05-23.54.15:110][299]LogModuleManager: Shutting down and abandoning module TVOSTargetPlatform (117)
[2018.12.05-23.54.15:125][299]LogModuleManager: Shutting down and abandoning module Messaging (115)
[2018.12.05-23.54.15:125][299]LogModuleManager: Shutting down and abandoning module IOSTargetPlatform (113)
[2018.12.05-23.54.15:136][299]LogModuleManager: Shutting down and abandoning module HTML5TargetPlatform (111)
[2018.12.05-23.54.15:136][299]LogModuleManager: Shutting down and abandoning module AndroidTargetPlatform (109)
[2018.12.05-23.54.15:209][299]LogModuleManager: Shutting down and abandoning module WindowsTargetPlatform (107)
[2018.12.05-23.54.15:209][299]LogModuleManager: Shutting down and abandoning module WindowsServerTargetPlatform (105)
[2018.12.05-23.54.15:209][299]LogModuleManager: Shutting down and abandoning module WindowsNoEditorTargetPlatform (103)
[2018.12.05-23.54.15:209][299]LogModuleManager: Shutting down and abandoning module WindowsClientTargetPlatform (101)
[2018.12.05-23.54.15:209][299]LogModuleManager: Shutting down and abandoning module MacTargetPlatform (99)
[2018.12.05-23.54.15:210][299]LogModuleManager: Shutting down and abandoning module MacServerTargetPlatform (97)
[2018.12.05-23.54.15:210][299]LogModuleManager: Shutting down and abandoning module MacNoEditorTargetPlatform (95)
[2018.12.05-23.54.15:210][299]LogModuleManager: Shutting down and abandoning module MacClientTargetPlatform (93)
[2018.12.05-23.54.15:210][299]LogModuleManager: Shutting down and abandoning module AllDesktopTargetPlatform (91)
[2018.12.05-23.54.15:210][299]LogModuleManager: Shutting down and abandoning module InputCore (88)
[2018.12.05-23.54.15:210][299]LogModuleManager: Shutting down and abandoning module Settings (86)
[2018.12.05-23.54.15:210][299]LogModuleManager: Shutting down and abandoning module PhysXCooking (84)
[2018.12.05-23.54.15:210][299]LogModuleManager: Shutting down and abandoning module SteamVR (82)
[2018.12.05-23.54.15:210][299]LogModuleManager: Shutting down and abandoning module OculusHMD (80)
[2018.12.05-23.54.15:210][299]LogModuleManager: Shutting down and abandoning module ExampleDeviceProfileSelector (78)
[2018.12.05-23.54.15:210][299]LogModuleManager: Shutting down and abandoning module LauncherChunkInstaller (76)
[2018.12.05-23.54.15:211][299]LogModuleManager: Shutting down and abandoning module OnlineBlueprintSupport (74)
[2018.12.05-23.54.15:211][299]LogModuleManager: Shutting down and abandoning module OnlineSubsystem (70)
[2018.12.05-23.54.15:212][299]LogModuleManager: Shutting down and abandoning module XMPP (65)
[2018.12.05-23.54.15:213][299]LogModuleManager: Shutting down and abandoning module WebSockets (64)
[2018.12.05-23.54.15:223][299]LogModuleManager: Shutting down and abandoning module HTTP (61)
[2018.12.05-23.54.15:223][299]LogHttp: Display: Http module shutting down, but needs to wait on 1 outstanding Http requests:
[2018.12.05-23.54.15:223][299]LogHttp: Display: 	verb=[POST] url=[https://datarouter.ol.epicgames.com/datarouter/api/v1/public/data?SessionID=%7B451FCB52-431B-F747-34E8-0BA7B92A4297%7D&AppID=UEEditor.Rocket.Release&AppVersion=4.20.3-4369336%2B%2B%2BUE4%2BRelease-4.20&UserID=405400a541db2f760c84dc8b77df561c%7C45412b4e3f22449ea2a8335a7fcd742e%7Cfaaf490f-f607-4dc0-8561-26192c106526&AppEnvironment=datacollector-binary&UploadType=eteventstream] status=Processing
[2018.12.05-23.54.15:256][299]LogModuleManager: Shutting down and abandoning module SSL (60)
[2018.12.05-23.54.15:260][299]LogModuleManager: Shutting down and abandoning module MagicLeapEmulator (56)
[2018.12.05-23.54.15:260][299]LogModuleManager: Shutting down and abandoning module MagicLeapPrivileges (54)
[2018.12.05-23.54.15:260][299]LogModuleManager: Shutting down and abandoning module MagicLeapIdentity (52)
[2018.12.05-23.54.15:260][299]LogModuleManager: Shutting down and abandoning module MagicLeapHelperVulkan (50)
[2018.12.05-23.54.15:260][299]LogModuleManager: Shutting down and abandoning module MagicLeapHelperOpenGL (48)
[2018.12.05-23.54.15:260][299]LogModuleManager: Shutting down and abandoning module MagicLeapSecureStorage (46)
[2018.12.05-23.54.15:260][299]LogModuleManager: Shutting down and abandoning module MagicLeapGestures (44)
[2018.12.05-23.54.15:261][299]LogModuleManager: Shutting down and abandoning module MagicLeapEyeTracker (42)
[2018.12.05-23.54.15:261][299]LogModuleManager: Shutting down and abandoning module MagicLeapController (40)
[2018.12.05-23.54.15:261][299]LogSlate: Slate User Destroyed.  User Index 0, Is Virtual User: 0
[2018.12.05-23.54.15:262][299]LogModuleManager: Shutting down and abandoning module MagicLeap (38)
[2018.12.05-23.54.15:262][299]LogModuleManager: Shutting down and abandoning module AnimationModifiers (36)
[2018.12.05-23.54.15:262][299]LogModuleManager: Shutting down and abandoning module PropertyEditor (35)
[2018.12.05-23.54.15:262][299]LogModuleManager: Shutting down and abandoning module AudioEditor (32)
[2018.12.05-23.54.15:262][299]LogModuleManager: Shutting down and abandoning module TextureCompressor (30)
[2018.12.05-23.54.15:262][299]LogModuleManager: Shutting down and abandoning module ShaderCore (28)
[2018.12.05-23.54.15:262][299]LogModuleManager: Shutting down and abandoning module Landscape (26)
[2018.12.05-23.54.15:262][299]LogModuleManager: Shutting down and abandoning module SlateRHIRenderer (24)
[2018.12.05-23.54.15:263][299]LogModuleManager: Shutting down and abandoning module OpenGLDrv (22)
[2018.12.05-23.54.15:263][299]LogModuleManager: Shutting down and abandoning module D3D11RHI (20)
[2018.12.05-23.54.15:263][299]LogModuleManager: Shutting down and abandoning module AnimGraphRuntime (18)
[2018.12.05-23.54.15:263][299]LogModuleManager: Shutting down and abandoning module Renderer (16)
[2018.12.05-23.54.15:263][299]LogModuleManager: Shutting down and abandoning module Engine (14)
[2018.12.05-23.54.15:263][299]LogModuleManager: Shutting down and abandoning module CoreUObject (12)
[2018.12.05-23.54.15:264][299]LogModuleManager: Shutting down and abandoning module NetworkFile (10)
[2018.12.05-23.54.15:264][299]LogModuleManager: Shutting down and abandoning module CookedIterativeFile (8)
[2018.12.05-23.54.15:264][299]LogModuleManager: Shutting down and abandoning module StreamingFile (6)
[2018.12.05-23.54.15:264][299]LogModuleManager: Shutting down and abandoning module SandboxFile (4)
[2018.12.05-23.54.15:264][299]LogModuleManager: Shutting down and abandoning module PakFile (2)
[2018.12.05-23.54.15:271][299]LogExit: Exiting.
[2018.12.05-23.54.15:319][299]Log file closed, 12/05/18 18:54:15
